[2023-12-10 20:35:30,743] {processor.py:153} INFO - Started process (PID=13442) to work on /home/vmac/lab3/lab3/lib/python3.10/site-packages/airflow/example_dags/example_xcomargs.py
[2023-12-10 20:35:30,744] {processor.py:641} INFO - Processing file /home/vmac/lab3/lab3/lib/python3.10/site-packages/airflow/example_dags/example_xcomargs.py for tasks to queue
[2023-12-10 20:35:30,744] {logging_mixin.py:115} INFO - [2023-12-10 20:35:30,744] {dagbag.py:507} INFO - Filling up the DagBag from /home/vmac/lab3/lab3/lib/python3.10/site-packages/airflow/example_dags/example_xcomargs.py
[2023-12-10 20:35:30,759] {processor.py:651} INFO - DAG(s) dict_keys(['example_xcom_args', 'example_xcom_args_with_operators']) retrieved from /home/vmac/lab3/lab3/lib/python3.10/site-packages/airflow/example_dags/example_xcomargs.py
[2023-12-10 20:35:30,808] {logging_mixin.py:115} INFO - [2023-12-10 20:35:30,808] {manager.py:508} INFO - Created Permission View: can edit on DAG:example_xcom_args
[2023-12-10 20:35:30,815] {logging_mixin.py:115} INFO - [2023-12-10 20:35:30,815] {manager.py:508} INFO - Created Permission View: can read on DAG:example_xcom_args
[2023-12-10 20:35:30,820] {logging_mixin.py:115} INFO - [2023-12-10 20:35:30,820] {manager.py:508} INFO - Created Permission View: can delete on DAG:example_xcom_args
[2023-12-10 20:35:30,833] {logging_mixin.py:115} INFO - [2023-12-10 20:35:30,833] {manager.py:508} INFO - Created Permission View: can edit on DAG:example_xcom_args_with_operators
[2023-12-10 20:35:30,838] {logging_mixin.py:115} INFO - [2023-12-10 20:35:30,838] {manager.py:508} INFO - Created Permission View: can read on DAG:example_xcom_args_with_operators
[2023-12-10 20:35:30,844] {logging_mixin.py:115} INFO - [2023-12-10 20:35:30,844] {manager.py:508} INFO - Created Permission View: can delete on DAG:example_xcom_args_with_operators
[2023-12-10 20:35:30,844] {logging_mixin.py:115} INFO - [2023-12-10 20:35:30,844] {dag.py:2371} INFO - Sync 2 DAGs
[2023-12-10 20:35:30,849] {logging_mixin.py:115} INFO - [2023-12-10 20:35:30,849] {dag.py:2390} INFO - Creating ORM DAG for example_xcom_args_with_operators
[2023-12-10 20:35:30,849] {logging_mixin.py:115} INFO - [2023-12-10 20:35:30,849] {dag.py:2390} INFO - Creating ORM DAG for example_xcom_args
[2023-12-10 20:35:30,856] {logging_mixin.py:115} INFO - [2023-12-10 20:35:30,856] {dag.py:2915} INFO - Setting next_dagrun for example_xcom_args to None, run_after=None
[2023-12-10 20:35:30,856] {logging_mixin.py:115} INFO - [2023-12-10 20:35:30,856] {dag.py:2915} INFO - Setting next_dagrun for example_xcom_args_with_operators to None, run_after=None
[2023-12-10 20:35:30,872] {processor.py:161} INFO - Processing /home/vmac/lab3/lab3/lib/python3.10/site-packages/airflow/example_dags/example_xcomargs.py took 0.130 seconds
[2023-12-10 20:36:05,680] {processor.py:153} INFO - Started process (PID=13478) to work on /home/vmac/lab3/lab3/lib/python3.10/site-packages/airflow/example_dags/example_xcomargs.py
[2023-12-10 20:36:05,681] {processor.py:641} INFO - Processing file /home/vmac/lab3/lab3/lib/python3.10/site-packages/airflow/example_dags/example_xcomargs.py for tasks to queue
[2023-12-10 20:36:05,681] {logging_mixin.py:115} INFO - [2023-12-10 20:36:05,681] {dagbag.py:507} INFO - Filling up the DagBag from /home/vmac/lab3/lab3/lib/python3.10/site-packages/airflow/example_dags/example_xcomargs.py
[2023-12-10 20:36:05,697] {processor.py:651} INFO - DAG(s) dict_keys(['example_xcom_args', 'example_xcom_args_with_operators']) retrieved from /home/vmac/lab3/lab3/lib/python3.10/site-packages/airflow/example_dags/example_xcomargs.py
[2023-12-10 20:36:05,730] {logging_mixin.py:115} INFO - [2023-12-10 20:36:05,730] {dag.py:2371} INFO - Sync 2 DAGs
[2023-12-10 20:36:05,740] {logging_mixin.py:115} INFO - [2023-12-10 20:36:05,740] {dag.py:2915} INFO - Setting next_dagrun for example_xcom_args to None, run_after=None
[2023-12-10 20:36:05,740] {logging_mixin.py:115} INFO - [2023-12-10 20:36:05,740] {dag.py:2915} INFO - Setting next_dagrun for example_xcom_args_with_operators to None, run_after=None
[2023-12-10 20:36:05,750] {processor.py:161} INFO - Processing /home/vmac/lab3/lab3/lib/python3.10/site-packages/airflow/example_dags/example_xcomargs.py took 0.073 seconds
[2023-12-10 20:36:39,234] {processor.py:153} INFO - Started process (PID=13521) to work on /home/vmac/lab3/lab3/lib/python3.10/site-packages/airflow/example_dags/example_xcomargs.py
[2023-12-10 20:36:39,235] {processor.py:641} INFO - Processing file /home/vmac/lab3/lab3/lib/python3.10/site-packages/airflow/example_dags/example_xcomargs.py for tasks to queue
[2023-12-10 20:36:39,235] {logging_mixin.py:115} INFO - [2023-12-10 20:36:39,235] {dagbag.py:507} INFO - Filling up the DagBag from /home/vmac/lab3/lab3/lib/python3.10/site-packages/airflow/example_dags/example_xcomargs.py
[2023-12-10 20:36:39,252] {processor.py:651} INFO - DAG(s) dict_keys(['example_xcom_args', 'example_xcom_args_with_operators']) retrieved from /home/vmac/lab3/lab3/lib/python3.10/site-packages/airflow/example_dags/example_xcomargs.py
[2023-12-10 20:36:39,284] {logging_mixin.py:115} INFO - [2023-12-10 20:36:39,284] {dag.py:2371} INFO - Sync 2 DAGs
[2023-12-10 20:36:39,294] {logging_mixin.py:115} INFO - [2023-12-10 20:36:39,294] {dag.py:2915} INFO - Setting next_dagrun for example_xcom_args to None, run_after=None
[2023-12-10 20:36:39,294] {logging_mixin.py:115} INFO - [2023-12-10 20:36:39,294] {dag.py:2915} INFO - Setting next_dagrun for example_xcom_args_with_operators to None, run_after=None
[2023-12-10 20:36:39,305] {processor.py:161} INFO - Processing /home/vmac/lab3/lab3/lib/python3.10/site-packages/airflow/example_dags/example_xcomargs.py took 0.072 seconds
[2023-12-10 20:37:12,377] {processor.py:153} INFO - Started process (PID=13557) to work on /home/vmac/lab3/lab3/lib/python3.10/site-packages/airflow/example_dags/example_xcomargs.py
[2023-12-10 20:37:12,378] {processor.py:641} INFO - Processing file /home/vmac/lab3/lab3/lib/python3.10/site-packages/airflow/example_dags/example_xcomargs.py for tasks to queue
[2023-12-10 20:37:12,378] {logging_mixin.py:115} INFO - [2023-12-10 20:37:12,378] {dagbag.py:507} INFO - Filling up the DagBag from /home/vmac/lab3/lab3/lib/python3.10/site-packages/airflow/example_dags/example_xcomargs.py
[2023-12-10 20:37:12,394] {processor.py:651} INFO - DAG(s) dict_keys(['example_xcom_args', 'example_xcom_args_with_operators']) retrieved from /home/vmac/lab3/lab3/lib/python3.10/site-packages/airflow/example_dags/example_xcomargs.py
[2023-12-10 20:37:12,407] {logging_mixin.py:115} INFO - [2023-12-10 20:37:12,407] {dag.py:2371} INFO - Sync 2 DAGs
[2023-12-10 20:37:12,419] {logging_mixin.py:115} INFO - [2023-12-10 20:37:12,419] {dag.py:2915} INFO - Setting next_dagrun for example_xcom_args to None, run_after=None
[2023-12-10 20:37:12,419] {logging_mixin.py:115} INFO - [2023-12-10 20:37:12,419] {dag.py:2915} INFO - Setting next_dagrun for example_xcom_args_with_operators to None, run_after=None
[2023-12-10 20:37:12,429] {processor.py:161} INFO - Processing /home/vmac/lab3/lab3/lib/python3.10/site-packages/airflow/example_dags/example_xcomargs.py took 0.053 seconds
[2023-12-10 20:37:46,060] {processor.py:153} INFO - Started process (PID=13592) to work on /home/vmac/lab3/lab3/lib/python3.10/site-packages/airflow/example_dags/example_xcomargs.py
[2023-12-10 20:37:46,061] {processor.py:641} INFO - Processing file /home/vmac/lab3/lab3/lib/python3.10/site-packages/airflow/example_dags/example_xcomargs.py for tasks to queue
[2023-12-10 20:37:46,061] {logging_mixin.py:115} INFO - [2023-12-10 20:37:46,061] {dagbag.py:507} INFO - Filling up the DagBag from /home/vmac/lab3/lab3/lib/python3.10/site-packages/airflow/example_dags/example_xcomargs.py
[2023-12-10 20:37:46,079] {processor.py:651} INFO - DAG(s) dict_keys(['example_xcom_args', 'example_xcom_args_with_operators']) retrieved from /home/vmac/lab3/lab3/lib/python3.10/site-packages/airflow/example_dags/example_xcomargs.py
[2023-12-10 20:37:46,091] {logging_mixin.py:115} INFO - [2023-12-10 20:37:46,091] {dag.py:2371} INFO - Sync 2 DAGs
[2023-12-10 20:37:46,102] {logging_mixin.py:115} INFO - [2023-12-10 20:37:46,102] {dag.py:2915} INFO - Setting next_dagrun for example_xcom_args to None, run_after=None
[2023-12-10 20:37:46,103] {logging_mixin.py:115} INFO - [2023-12-10 20:37:46,103] {dag.py:2915} INFO - Setting next_dagrun for example_xcom_args_with_operators to None, run_after=None
[2023-12-10 20:37:46,112] {processor.py:161} INFO - Processing /home/vmac/lab3/lab3/lib/python3.10/site-packages/airflow/example_dags/example_xcomargs.py took 0.054 seconds
[2023-12-10 20:38:20,115] {processor.py:153} INFO - Started process (PID=13627) to work on /home/vmac/lab3/lab3/lib/python3.10/site-packages/airflow/example_dags/example_xcomargs.py
[2023-12-10 20:38:20,116] {processor.py:641} INFO - Processing file /home/vmac/lab3/lab3/lib/python3.10/site-packages/airflow/example_dags/example_xcomargs.py for tasks to queue
[2023-12-10 20:38:20,116] {logging_mixin.py:115} INFO - [2023-12-10 20:38:20,116] {dagbag.py:507} INFO - Filling up the DagBag from /home/vmac/lab3/lab3/lib/python3.10/site-packages/airflow/example_dags/example_xcomargs.py
[2023-12-10 20:38:20,133] {processor.py:651} INFO - DAG(s) dict_keys(['example_xcom_args', 'example_xcom_args_with_operators']) retrieved from /home/vmac/lab3/lab3/lib/python3.10/site-packages/airflow/example_dags/example_xcomargs.py
[2023-12-10 20:38:20,146] {logging_mixin.py:115} INFO - [2023-12-10 20:38:20,146] {dag.py:2371} INFO - Sync 2 DAGs
[2023-12-10 20:38:20,158] {logging_mixin.py:115} INFO - [2023-12-10 20:38:20,157] {dag.py:2915} INFO - Setting next_dagrun for example_xcom_args to None, run_after=None
[2023-12-10 20:38:20,158] {logging_mixin.py:115} INFO - [2023-12-10 20:38:20,158] {dag.py:2915} INFO - Setting next_dagrun for example_xcom_args_with_operators to None, run_after=None
[2023-12-10 20:38:20,168] {processor.py:161} INFO - Processing /home/vmac/lab3/lab3/lib/python3.10/site-packages/airflow/example_dags/example_xcomargs.py took 0.055 seconds
[2023-12-10 20:38:52,727] {processor.py:153} INFO - Started process (PID=13673) to work on /home/vmac/lab3/lab3/lib/python3.10/site-packages/airflow/example_dags/example_xcomargs.py
[2023-12-10 20:38:52,727] {processor.py:641} INFO - Processing file /home/vmac/lab3/lab3/lib/python3.10/site-packages/airflow/example_dags/example_xcomargs.py for tasks to queue
[2023-12-10 20:38:52,728] {logging_mixin.py:115} INFO - [2023-12-10 20:38:52,728] {dagbag.py:507} INFO - Filling up the DagBag from /home/vmac/lab3/lab3/lib/python3.10/site-packages/airflow/example_dags/example_xcomargs.py
[2023-12-10 20:38:52,743] {processor.py:651} INFO - DAG(s) dict_keys(['example_xcom_args', 'example_xcom_args_with_operators']) retrieved from /home/vmac/lab3/lab3/lib/python3.10/site-packages/airflow/example_dags/example_xcomargs.py
[2023-12-10 20:38:52,755] {logging_mixin.py:115} INFO - [2023-12-10 20:38:52,755] {dag.py:2371} INFO - Sync 2 DAGs
[2023-12-10 20:38:52,766] {logging_mixin.py:115} INFO - [2023-12-10 20:38:52,766] {dag.py:2915} INFO - Setting next_dagrun for example_xcom_args to None, run_after=None
[2023-12-10 20:38:52,766] {logging_mixin.py:115} INFO - [2023-12-10 20:38:52,766] {dag.py:2915} INFO - Setting next_dagrun for example_xcom_args_with_operators to None, run_after=None
[2023-12-10 20:38:52,775] {processor.py:161} INFO - Processing /home/vmac/lab3/lab3/lib/python3.10/site-packages/airflow/example_dags/example_xcomargs.py took 0.050 seconds
[2023-12-10 20:39:27,381] {processor.py:153} INFO - Started process (PID=13711) to work on /home/vmac/lab3/lab3/lib/python3.10/site-packages/airflow/example_dags/example_xcomargs.py
[2023-12-10 20:39:27,381] {processor.py:641} INFO - Processing file /home/vmac/lab3/lab3/lib/python3.10/site-packages/airflow/example_dags/example_xcomargs.py for tasks to queue
[2023-12-10 20:39:27,381] {logging_mixin.py:115} INFO - [2023-12-10 20:39:27,381] {dagbag.py:507} INFO - Filling up the DagBag from /home/vmac/lab3/lab3/lib/python3.10/site-packages/airflow/example_dags/example_xcomargs.py
[2023-12-10 20:39:27,396] {processor.py:651} INFO - DAG(s) dict_keys(['example_xcom_args', 'example_xcom_args_with_operators']) retrieved from /home/vmac/lab3/lab3/lib/python3.10/site-packages/airflow/example_dags/example_xcomargs.py
[2023-12-10 20:39:27,408] {logging_mixin.py:115} INFO - [2023-12-10 20:39:27,408] {dag.py:2371} INFO - Sync 2 DAGs
[2023-12-10 20:39:27,419] {logging_mixin.py:115} INFO - [2023-12-10 20:39:27,418] {dag.py:2915} INFO - Setting next_dagrun for example_xcom_args to None, run_after=None
[2023-12-10 20:39:27,419] {logging_mixin.py:115} INFO - [2023-12-10 20:39:27,419] {dag.py:2915} INFO - Setting next_dagrun for example_xcom_args_with_operators to None, run_after=None
[2023-12-10 20:39:27,427] {processor.py:161} INFO - Processing /home/vmac/lab3/lab3/lib/python3.10/site-packages/airflow/example_dags/example_xcomargs.py took 0.049 seconds
[2023-12-10 20:39:59,335] {processor.py:153} INFO - Started process (PID=13746) to work on /home/vmac/lab3/lab3/lib/python3.10/site-packages/airflow/example_dags/example_xcomargs.py
[2023-12-10 20:39:59,336] {processor.py:641} INFO - Processing file /home/vmac/lab3/lab3/lib/python3.10/site-packages/airflow/example_dags/example_xcomargs.py for tasks to queue
[2023-12-10 20:39:59,336] {logging_mixin.py:115} INFO - [2023-12-10 20:39:59,336] {dagbag.py:507} INFO - Filling up the DagBag from /home/vmac/lab3/lab3/lib/python3.10/site-packages/airflow/example_dags/example_xcomargs.py
[2023-12-10 20:39:59,351] {processor.py:651} INFO - DAG(s) dict_keys(['example_xcom_args', 'example_xcom_args_with_operators']) retrieved from /home/vmac/lab3/lab3/lib/python3.10/site-packages/airflow/example_dags/example_xcomargs.py
[2023-12-10 20:39:59,363] {logging_mixin.py:115} INFO - [2023-12-10 20:39:59,363] {dag.py:2371} INFO - Sync 2 DAGs
[2023-12-10 20:39:59,374] {logging_mixin.py:115} INFO - [2023-12-10 20:39:59,374] {dag.py:2915} INFO - Setting next_dagrun for example_xcom_args to None, run_after=None
[2023-12-10 20:39:59,375] {logging_mixin.py:115} INFO - [2023-12-10 20:39:59,375] {dag.py:2915} INFO - Setting next_dagrun for example_xcom_args_with_operators to None, run_after=None
[2023-12-10 20:39:59,385] {processor.py:161} INFO - Processing /home/vmac/lab3/lab3/lib/python3.10/site-packages/airflow/example_dags/example_xcomargs.py took 0.051 seconds
[2023-12-10 20:40:33,506] {processor.py:153} INFO - Started process (PID=13789) to work on /home/vmac/lab3/lab3/lib/python3.10/site-packages/airflow/example_dags/example_xcomargs.py
[2023-12-10 20:40:33,507] {processor.py:641} INFO - Processing file /home/vmac/lab3/lab3/lib/python3.10/site-packages/airflow/example_dags/example_xcomargs.py for tasks to queue
[2023-12-10 20:40:33,507] {logging_mixin.py:115} INFO - [2023-12-10 20:40:33,507] {dagbag.py:507} INFO - Filling up the DagBag from /home/vmac/lab3/lab3/lib/python3.10/site-packages/airflow/example_dags/example_xcomargs.py
[2023-12-10 20:40:33,523] {processor.py:651} INFO - DAG(s) dict_keys(['example_xcom_args', 'example_xcom_args_with_operators']) retrieved from /home/vmac/lab3/lab3/lib/python3.10/site-packages/airflow/example_dags/example_xcomargs.py
[2023-12-10 20:40:33,552] {logging_mixin.py:115} INFO - [2023-12-10 20:40:33,551] {dag.py:2371} INFO - Sync 2 DAGs
[2023-12-10 20:40:33,561] {logging_mixin.py:115} INFO - [2023-12-10 20:40:33,561] {dag.py:2915} INFO - Setting next_dagrun for example_xcom_args to None, run_after=None
[2023-12-10 20:40:33,561] {logging_mixin.py:115} INFO - [2023-12-10 20:40:33,561] {dag.py:2915} INFO - Setting next_dagrun for example_xcom_args_with_operators to None, run_after=None
[2023-12-10 20:40:33,571] {processor.py:161} INFO - Processing /home/vmac/lab3/lab3/lib/python3.10/site-packages/airflow/example_dags/example_xcomargs.py took 0.066 seconds
[2023-12-10 20:41:06,103] {processor.py:153} INFO - Started process (PID=13823) to work on /home/vmac/lab3/lab3/lib/python3.10/site-packages/airflow/example_dags/example_xcomargs.py
[2023-12-10 20:41:06,104] {processor.py:641} INFO - Processing file /home/vmac/lab3/lab3/lib/python3.10/site-packages/airflow/example_dags/example_xcomargs.py for tasks to queue
[2023-12-10 20:41:06,104] {logging_mixin.py:115} INFO - [2023-12-10 20:41:06,104] {dagbag.py:507} INFO - Filling up the DagBag from /home/vmac/lab3/lab3/lib/python3.10/site-packages/airflow/example_dags/example_xcomargs.py
[2023-12-10 20:41:06,122] {processor.py:651} INFO - DAG(s) dict_keys(['example_xcom_args', 'example_xcom_args_with_operators']) retrieved from /home/vmac/lab3/lab3/lib/python3.10/site-packages/airflow/example_dags/example_xcomargs.py
[2023-12-10 20:41:06,134] {logging_mixin.py:115} INFO - [2023-12-10 20:41:06,134] {dag.py:2371} INFO - Sync 2 DAGs
[2023-12-10 20:41:06,145] {logging_mixin.py:115} INFO - [2023-12-10 20:41:06,145] {dag.py:2915} INFO - Setting next_dagrun for example_xcom_args to None, run_after=None
[2023-12-10 20:41:06,145] {logging_mixin.py:115} INFO - [2023-12-10 20:41:06,145] {dag.py:2915} INFO - Setting next_dagrun for example_xcom_args_with_operators to None, run_after=None
[2023-12-10 20:41:06,156] {processor.py:161} INFO - Processing /home/vmac/lab3/lab3/lib/python3.10/site-packages/airflow/example_dags/example_xcomargs.py took 0.055 seconds
[2023-12-10 20:41:39,161] {processor.py:153} INFO - Started process (PID=13858) to work on /home/vmac/lab3/lab3/lib/python3.10/site-packages/airflow/example_dags/example_xcomargs.py
[2023-12-10 20:41:39,162] {processor.py:641} INFO - Processing file /home/vmac/lab3/lab3/lib/python3.10/site-packages/airflow/example_dags/example_xcomargs.py for tasks to queue
[2023-12-10 20:41:39,162] {logging_mixin.py:115} INFO - [2023-12-10 20:41:39,162] {dagbag.py:507} INFO - Filling up the DagBag from /home/vmac/lab3/lab3/lib/python3.10/site-packages/airflow/example_dags/example_xcomargs.py
[2023-12-10 20:41:39,179] {processor.py:651} INFO - DAG(s) dict_keys(['example_xcom_args', 'example_xcom_args_with_operators']) retrieved from /home/vmac/lab3/lab3/lib/python3.10/site-packages/airflow/example_dags/example_xcomargs.py
[2023-12-10 20:41:39,190] {logging_mixin.py:115} INFO - [2023-12-10 20:41:39,190] {dag.py:2371} INFO - Sync 2 DAGs
[2023-12-10 20:41:39,205] {logging_mixin.py:115} INFO - [2023-12-10 20:41:39,205] {dag.py:2915} INFO - Setting next_dagrun for example_xcom_args to None, run_after=None
[2023-12-10 20:41:39,205] {logging_mixin.py:115} INFO - [2023-12-10 20:41:39,205] {dag.py:2915} INFO - Setting next_dagrun for example_xcom_args_with_operators to None, run_after=None
[2023-12-10 20:41:39,217] {processor.py:161} INFO - Processing /home/vmac/lab3/lab3/lib/python3.10/site-packages/airflow/example_dags/example_xcomargs.py took 0.059 seconds
[2023-12-10 20:42:12,848] {processor.py:153} INFO - Started process (PID=13894) to work on /home/vmac/lab3/lab3/lib/python3.10/site-packages/airflow/example_dags/example_xcomargs.py
[2023-12-10 20:42:12,848] {processor.py:641} INFO - Processing file /home/vmac/lab3/lab3/lib/python3.10/site-packages/airflow/example_dags/example_xcomargs.py for tasks to queue
[2023-12-10 20:42:12,849] {logging_mixin.py:115} INFO - [2023-12-10 20:42:12,849] {dagbag.py:507} INFO - Filling up the DagBag from /home/vmac/lab3/lab3/lib/python3.10/site-packages/airflow/example_dags/example_xcomargs.py
[2023-12-10 20:42:12,865] {processor.py:651} INFO - DAG(s) dict_keys(['example_xcom_args', 'example_xcom_args_with_operators']) retrieved from /home/vmac/lab3/lab3/lib/python3.10/site-packages/airflow/example_dags/example_xcomargs.py
[2023-12-10 20:42:12,879] {logging_mixin.py:115} INFO - [2023-12-10 20:42:12,879] {dag.py:2371} INFO - Sync 2 DAGs
[2023-12-10 20:42:12,891] {logging_mixin.py:115} INFO - [2023-12-10 20:42:12,891] {dag.py:2915} INFO - Setting next_dagrun for example_xcom_args to None, run_after=None
[2023-12-10 20:42:12,891] {logging_mixin.py:115} INFO - [2023-12-10 20:42:12,891] {dag.py:2915} INFO - Setting next_dagrun for example_xcom_args_with_operators to None, run_after=None
[2023-12-10 20:42:13,003] {processor.py:161} INFO - Processing /home/vmac/lab3/lab3/lib/python3.10/site-packages/airflow/example_dags/example_xcomargs.py took 0.157 seconds
[2023-12-10 20:42:47,187] {processor.py:153} INFO - Started process (PID=13930) to work on /home/vmac/lab3/lab3/lib/python3.10/site-packages/airflow/example_dags/example_xcomargs.py
[2023-12-10 20:42:47,187] {processor.py:641} INFO - Processing file /home/vmac/lab3/lab3/lib/python3.10/site-packages/airflow/example_dags/example_xcomargs.py for tasks to queue
[2023-12-10 20:42:47,187] {logging_mixin.py:115} INFO - [2023-12-10 20:42:47,187] {dagbag.py:507} INFO - Filling up the DagBag from /home/vmac/lab3/lab3/lib/python3.10/site-packages/airflow/example_dags/example_xcomargs.py
[2023-12-10 20:42:47,204] {processor.py:651} INFO - DAG(s) dict_keys(['example_xcom_args', 'example_xcom_args_with_operators']) retrieved from /home/vmac/lab3/lab3/lib/python3.10/site-packages/airflow/example_dags/example_xcomargs.py
[2023-12-10 20:42:47,217] {logging_mixin.py:115} INFO - [2023-12-10 20:42:47,216] {dag.py:2371} INFO - Sync 2 DAGs
[2023-12-10 20:42:47,227] {logging_mixin.py:115} INFO - [2023-12-10 20:42:47,227] {dag.py:2915} INFO - Setting next_dagrun for example_xcom_args to None, run_after=None
[2023-12-10 20:42:47,227] {logging_mixin.py:115} INFO - [2023-12-10 20:42:47,227] {dag.py:2915} INFO - Setting next_dagrun for example_xcom_args_with_operators to None, run_after=None
[2023-12-10 20:42:47,236] {processor.py:161} INFO - Processing /home/vmac/lab3/lab3/lib/python3.10/site-packages/airflow/example_dags/example_xcomargs.py took 0.052 seconds
[2023-12-10 20:43:19,755] {processor.py:153} INFO - Started process (PID=13966) to work on /home/vmac/lab3/lab3/lib/python3.10/site-packages/airflow/example_dags/example_xcomargs.py
[2023-12-10 20:43:19,756] {processor.py:641} INFO - Processing file /home/vmac/lab3/lab3/lib/python3.10/site-packages/airflow/example_dags/example_xcomargs.py for tasks to queue
[2023-12-10 20:43:19,756] {logging_mixin.py:115} INFO - [2023-12-10 20:43:19,756] {dagbag.py:507} INFO - Filling up the DagBag from /home/vmac/lab3/lab3/lib/python3.10/site-packages/airflow/example_dags/example_xcomargs.py
[2023-12-10 20:43:19,771] {processor.py:651} INFO - DAG(s) dict_keys(['example_xcom_args', 'example_xcom_args_with_operators']) retrieved from /home/vmac/lab3/lab3/lib/python3.10/site-packages/airflow/example_dags/example_xcomargs.py
[2023-12-10 20:43:19,784] {logging_mixin.py:115} INFO - [2023-12-10 20:43:19,784] {dag.py:2371} INFO - Sync 2 DAGs
[2023-12-10 20:43:19,796] {logging_mixin.py:115} INFO - [2023-12-10 20:43:19,796] {dag.py:2915} INFO - Setting next_dagrun for example_xcom_args to None, run_after=None
[2023-12-10 20:43:19,796] {logging_mixin.py:115} INFO - [2023-12-10 20:43:19,796] {dag.py:2915} INFO - Setting next_dagrun for example_xcom_args_with_operators to None, run_after=None
[2023-12-10 20:43:19,806] {processor.py:161} INFO - Processing /home/vmac/lab3/lab3/lib/python3.10/site-packages/airflow/example_dags/example_xcomargs.py took 0.052 seconds
[2023-12-10 20:43:54,096] {processor.py:153} INFO - Started process (PID=14002) to work on /home/vmac/lab3/lab3/lib/python3.10/site-packages/airflow/example_dags/example_xcomargs.py
[2023-12-10 20:43:54,097] {processor.py:641} INFO - Processing file /home/vmac/lab3/lab3/lib/python3.10/site-packages/airflow/example_dags/example_xcomargs.py for tasks to queue
[2023-12-10 20:43:54,097] {logging_mixin.py:115} INFO - [2023-12-10 20:43:54,097] {dagbag.py:507} INFO - Filling up the DagBag from /home/vmac/lab3/lab3/lib/python3.10/site-packages/airflow/example_dags/example_xcomargs.py
[2023-12-10 20:43:54,114] {processor.py:651} INFO - DAG(s) dict_keys(['example_xcom_args', 'example_xcom_args_with_operators']) retrieved from /home/vmac/lab3/lab3/lib/python3.10/site-packages/airflow/example_dags/example_xcomargs.py
[2023-12-10 20:43:54,127] {logging_mixin.py:115} INFO - [2023-12-10 20:43:54,127] {dag.py:2371} INFO - Sync 2 DAGs
[2023-12-10 20:43:54,140] {logging_mixin.py:115} INFO - [2023-12-10 20:43:54,140] {dag.py:2915} INFO - Setting next_dagrun for example_xcom_args to None, run_after=None
[2023-12-10 20:43:54,140] {logging_mixin.py:115} INFO - [2023-12-10 20:43:54,140] {dag.py:2915} INFO - Setting next_dagrun for example_xcom_args_with_operators to None, run_after=None
[2023-12-10 20:43:54,152] {processor.py:161} INFO - Processing /home/vmac/lab3/lab3/lib/python3.10/site-packages/airflow/example_dags/example_xcomargs.py took 0.057 seconds
