[2023-12-10 20:35:55,507] {processor.py:153} INFO - Started process (PID=13466) to work on /home/vmac/lab3/lab3/lib/python3.10/site-packages/airflow/example_dags/example_latest_only.py
[2023-12-10 20:35:55,507] {processor.py:641} INFO - Processing file /home/vmac/lab3/lab3/lib/python3.10/site-packages/airflow/example_dags/example_latest_only.py for tasks to queue
[2023-12-10 20:35:55,507] {logging_mixin.py:115} INFO - [2023-12-10 20:35:55,507] {dagbag.py:507} INFO - Filling up the DagBag from /home/vmac/lab3/lab3/lib/python3.10/site-packages/airflow/example_dags/example_latest_only.py
[2023-12-10 20:35:55,511] {processor.py:651} INFO - DAG(s) dict_keys(['latest_only']) retrieved from /home/vmac/lab3/lab3/lib/python3.10/site-packages/airflow/example_dags/example_latest_only.py
[2023-12-10 20:35:55,554] {logging_mixin.py:115} INFO - [2023-12-10 20:35:55,554] {manager.py:508} INFO - Created Permission View: can edit on DAG:latest_only
[2023-12-10 20:35:55,561] {logging_mixin.py:115} INFO - [2023-12-10 20:35:55,561] {manager.py:508} INFO - Created Permission View: can read on DAG:latest_only
[2023-12-10 20:35:55,566] {logging_mixin.py:115} INFO - [2023-12-10 20:35:55,566] {manager.py:508} INFO - Created Permission View: can delete on DAG:latest_only
[2023-12-10 20:35:55,566] {logging_mixin.py:115} INFO - [2023-12-10 20:35:55,566] {dag.py:2371} INFO - Sync 1 DAGs
[2023-12-10 20:35:55,571] {logging_mixin.py:115} INFO - [2023-12-10 20:35:55,571] {dag.py:2390} INFO - Creating ORM DAG for latest_only
[2023-12-10 20:35:55,577] {logging_mixin.py:115} INFO - [2023-12-10 20:35:55,577] {dag.py:2915} INFO - Setting next_dagrun for latest_only to 2023-12-10T11:35:55.577060+00:00, run_after=2023-12-10T15:35:55.577060+00:00
[2023-12-10 20:35:55,588] {processor.py:161} INFO - Processing /home/vmac/lab3/lab3/lib/python3.10/site-packages/airflow/example_dags/example_latest_only.py took 0.084 seconds
[2023-12-10 20:36:29,078] {processor.py:153} INFO - Started process (PID=13510) to work on /home/vmac/lab3/lab3/lib/python3.10/site-packages/airflow/example_dags/example_latest_only.py
[2023-12-10 20:36:29,078] {processor.py:641} INFO - Processing file /home/vmac/lab3/lab3/lib/python3.10/site-packages/airflow/example_dags/example_latest_only.py for tasks to queue
[2023-12-10 20:36:29,078] {logging_mixin.py:115} INFO - [2023-12-10 20:36:29,078] {dagbag.py:507} INFO - Filling up the DagBag from /home/vmac/lab3/lab3/lib/python3.10/site-packages/airflow/example_dags/example_latest_only.py
[2023-12-10 20:36:29,082] {processor.py:651} INFO - DAG(s) dict_keys(['latest_only']) retrieved from /home/vmac/lab3/lab3/lib/python3.10/site-packages/airflow/example_dags/example_latest_only.py
[2023-12-10 20:36:29,094] {logging_mixin.py:115} INFO - [2023-12-10 20:36:29,094] {dag.py:2371} INFO - Sync 1 DAGs
[2023-12-10 20:36:29,109] {logging_mixin.py:115} INFO - [2023-12-10 20:36:29,109] {dag.py:2915} INFO - Setting next_dagrun for latest_only to 2023-12-10T11:36:29.109300+00:00, run_after=2023-12-10T15:36:29.109300+00:00
[2023-12-10 20:36:29,130] {processor.py:161} INFO - Processing /home/vmac/lab3/lab3/lib/python3.10/site-packages/airflow/example_dags/example_latest_only.py took 0.054 seconds
[2023-12-10 20:37:02,131] {processor.py:153} INFO - Started process (PID=13545) to work on /home/vmac/lab3/lab3/lib/python3.10/site-packages/airflow/example_dags/example_latest_only.py
[2023-12-10 20:37:02,131] {processor.py:641} INFO - Processing file /home/vmac/lab3/lab3/lib/python3.10/site-packages/airflow/example_dags/example_latest_only.py for tasks to queue
[2023-12-10 20:37:02,132] {logging_mixin.py:115} INFO - [2023-12-10 20:37:02,131] {dagbag.py:507} INFO - Filling up the DagBag from /home/vmac/lab3/lab3/lib/python3.10/site-packages/airflow/example_dags/example_latest_only.py
[2023-12-10 20:37:02,135] {processor.py:651} INFO - DAG(s) dict_keys(['latest_only']) retrieved from /home/vmac/lab3/lab3/lib/python3.10/site-packages/airflow/example_dags/example_latest_only.py
[2023-12-10 20:37:02,147] {logging_mixin.py:115} INFO - [2023-12-10 20:37:02,147] {dag.py:2371} INFO - Sync 1 DAGs
[2023-12-10 20:37:02,163] {logging_mixin.py:115} INFO - [2023-12-10 20:37:02,163] {dag.py:2915} INFO - Setting next_dagrun for latest_only to 2023-12-10T11:37:02.163097+00:00, run_after=2023-12-10T15:37:02.163097+00:00
[2023-12-10 20:37:02,173] {processor.py:161} INFO - Processing /home/vmac/lab3/lab3/lib/python3.10/site-packages/airflow/example_dags/example_latest_only.py took 0.044 seconds
[2023-12-10 20:37:35,839] {processor.py:153} INFO - Started process (PID=13581) to work on /home/vmac/lab3/lab3/lib/python3.10/site-packages/airflow/example_dags/example_latest_only.py
[2023-12-10 20:37:35,842] {processor.py:641} INFO - Processing file /home/vmac/lab3/lab3/lib/python3.10/site-packages/airflow/example_dags/example_latest_only.py for tasks to queue
[2023-12-10 20:37:35,843] {logging_mixin.py:115} INFO - [2023-12-10 20:37:35,843] {dagbag.py:507} INFO - Filling up the DagBag from /home/vmac/lab3/lab3/lib/python3.10/site-packages/airflow/example_dags/example_latest_only.py
[2023-12-10 20:37:35,847] {processor.py:651} INFO - DAG(s) dict_keys(['latest_only']) retrieved from /home/vmac/lab3/lab3/lib/python3.10/site-packages/airflow/example_dags/example_latest_only.py
[2023-12-10 20:37:35,862] {logging_mixin.py:115} INFO - [2023-12-10 20:37:35,862] {dag.py:2371} INFO - Sync 1 DAGs
[2023-12-10 20:37:35,877] {logging_mixin.py:115} INFO - [2023-12-10 20:37:35,877] {dag.py:2915} INFO - Setting next_dagrun for latest_only to 2023-12-10T11:37:35.877649+00:00, run_after=2023-12-10T15:37:35.877649+00:00
[2023-12-10 20:37:35,888] {processor.py:161} INFO - Processing /home/vmac/lab3/lab3/lib/python3.10/site-packages/airflow/example_dags/example_latest_only.py took 0.051 seconds
[2023-12-10 20:38:10,615] {processor.py:153} INFO - Started process (PID=13617) to work on /home/vmac/lab3/lab3/lib/python3.10/site-packages/airflow/example_dags/example_latest_only.py
[2023-12-10 20:38:10,616] {processor.py:641} INFO - Processing file /home/vmac/lab3/lab3/lib/python3.10/site-packages/airflow/example_dags/example_latest_only.py for tasks to queue
[2023-12-10 20:38:10,616] {logging_mixin.py:115} INFO - [2023-12-10 20:38:10,616] {dagbag.py:507} INFO - Filling up the DagBag from /home/vmac/lab3/lab3/lib/python3.10/site-packages/airflow/example_dags/example_latest_only.py
[2023-12-10 20:38:10,620] {processor.py:651} INFO - DAG(s) dict_keys(['latest_only']) retrieved from /home/vmac/lab3/lab3/lib/python3.10/site-packages/airflow/example_dags/example_latest_only.py
[2023-12-10 20:38:10,631] {logging_mixin.py:115} INFO - [2023-12-10 20:38:10,631] {dag.py:2371} INFO - Sync 1 DAGs
[2023-12-10 20:38:10,644] {logging_mixin.py:115} INFO - [2023-12-10 20:38:10,644] {dag.py:2915} INFO - Setting next_dagrun for latest_only to 2023-12-10T11:38:10.644638+00:00, run_after=2023-12-10T15:38:10.644638+00:00
[2023-12-10 20:38:10,653] {processor.py:161} INFO - Processing /home/vmac/lab3/lab3/lib/python3.10/site-packages/airflow/example_dags/example_latest_only.py took 0.040 seconds
[2023-12-10 20:38:42,456] {processor.py:153} INFO - Started process (PID=13663) to work on /home/vmac/lab3/lab3/lib/python3.10/site-packages/airflow/example_dags/example_latest_only.py
[2023-12-10 20:38:42,456] {processor.py:641} INFO - Processing file /home/vmac/lab3/lab3/lib/python3.10/site-packages/airflow/example_dags/example_latest_only.py for tasks to queue
[2023-12-10 20:38:42,456] {logging_mixin.py:115} INFO - [2023-12-10 20:38:42,456] {dagbag.py:507} INFO - Filling up the DagBag from /home/vmac/lab3/lab3/lib/python3.10/site-packages/airflow/example_dags/example_latest_only.py
[2023-12-10 20:38:42,461] {processor.py:651} INFO - DAG(s) dict_keys(['latest_only']) retrieved from /home/vmac/lab3/lab3/lib/python3.10/site-packages/airflow/example_dags/example_latest_only.py
[2023-12-10 20:38:42,474] {logging_mixin.py:115} INFO - [2023-12-10 20:38:42,474] {dag.py:2371} INFO - Sync 1 DAGs
[2023-12-10 20:38:42,488] {logging_mixin.py:115} INFO - [2023-12-10 20:38:42,488] {dag.py:2915} INFO - Setting next_dagrun for latest_only to 2023-12-10T11:38:42.488240+00:00, run_after=2023-12-10T15:38:42.488240+00:00
[2023-12-10 20:38:42,499] {processor.py:161} INFO - Processing /home/vmac/lab3/lab3/lib/python3.10/site-packages/airflow/example_dags/example_latest_only.py took 0.046 seconds
[2023-12-10 20:39:17,233] {processor.py:153} INFO - Started process (PID=13701) to work on /home/vmac/lab3/lab3/lib/python3.10/site-packages/airflow/example_dags/example_latest_only.py
[2023-12-10 20:39:17,233] {processor.py:641} INFO - Processing file /home/vmac/lab3/lab3/lib/python3.10/site-packages/airflow/example_dags/example_latest_only.py for tasks to queue
[2023-12-10 20:39:17,234] {logging_mixin.py:115} INFO - [2023-12-10 20:39:17,233] {dagbag.py:507} INFO - Filling up the DagBag from /home/vmac/lab3/lab3/lib/python3.10/site-packages/airflow/example_dags/example_latest_only.py
[2023-12-10 20:39:17,238] {processor.py:651} INFO - DAG(s) dict_keys(['latest_only']) retrieved from /home/vmac/lab3/lab3/lib/python3.10/site-packages/airflow/example_dags/example_latest_only.py
[2023-12-10 20:39:17,249] {logging_mixin.py:115} INFO - [2023-12-10 20:39:17,249] {dag.py:2371} INFO - Sync 1 DAGs
[2023-12-10 20:39:17,263] {logging_mixin.py:115} INFO - [2023-12-10 20:39:17,263] {dag.py:2915} INFO - Setting next_dagrun for latest_only to 2023-12-10T11:39:17.263198+00:00, run_after=2023-12-10T15:39:17.263198+00:00
[2023-12-10 20:39:17,275] {processor.py:161} INFO - Processing /home/vmac/lab3/lab3/lib/python3.10/site-packages/airflow/example_dags/example_latest_only.py took 0.044 seconds
[2023-12-10 20:39:50,199] {processor.py:153} INFO - Started process (PID=13735) to work on /home/vmac/lab3/lab3/lib/python3.10/site-packages/airflow/example_dags/example_latest_only.py
[2023-12-10 20:39:50,200] {processor.py:641} INFO - Processing file /home/vmac/lab3/lab3/lib/python3.10/site-packages/airflow/example_dags/example_latest_only.py for tasks to queue
[2023-12-10 20:39:50,200] {logging_mixin.py:115} INFO - [2023-12-10 20:39:50,200] {dagbag.py:507} INFO - Filling up the DagBag from /home/vmac/lab3/lab3/lib/python3.10/site-packages/airflow/example_dags/example_latest_only.py
[2023-12-10 20:39:50,204] {processor.py:651} INFO - DAG(s) dict_keys(['latest_only']) retrieved from /home/vmac/lab3/lab3/lib/python3.10/site-packages/airflow/example_dags/example_latest_only.py
[2023-12-10 20:39:50,215] {logging_mixin.py:115} INFO - [2023-12-10 20:39:50,215] {dag.py:2371} INFO - Sync 1 DAGs
[2023-12-10 20:39:50,230] {logging_mixin.py:115} INFO - [2023-12-10 20:39:50,230] {dag.py:2915} INFO - Setting next_dagrun for latest_only to 2023-12-10T11:39:50.230332+00:00, run_after=2023-12-10T15:39:50.230332+00:00
[2023-12-10 20:39:50,240] {processor.py:161} INFO - Processing /home/vmac/lab3/lab3/lib/python3.10/site-packages/airflow/example_dags/example_latest_only.py took 0.043 seconds
[2023-12-10 20:40:24,357] {processor.py:153} INFO - Started process (PID=13774) to work on /home/vmac/lab3/lab3/lib/python3.10/site-packages/airflow/example_dags/example_latest_only.py
[2023-12-10 20:40:24,358] {processor.py:641} INFO - Processing file /home/vmac/lab3/lab3/lib/python3.10/site-packages/airflow/example_dags/example_latest_only.py for tasks to queue
[2023-12-10 20:40:24,358] {logging_mixin.py:115} INFO - [2023-12-10 20:40:24,358] {dagbag.py:507} INFO - Filling up the DagBag from /home/vmac/lab3/lab3/lib/python3.10/site-packages/airflow/example_dags/example_latest_only.py
[2023-12-10 20:40:24,363] {processor.py:651} INFO - DAG(s) dict_keys(['latest_only']) retrieved from /home/vmac/lab3/lab3/lib/python3.10/site-packages/airflow/example_dags/example_latest_only.py
[2023-12-10 20:40:24,378] {logging_mixin.py:115} INFO - [2023-12-10 20:40:24,378] {dag.py:2371} INFO - Sync 1 DAGs
[2023-12-10 20:40:24,391] {logging_mixin.py:115} INFO - [2023-12-10 20:40:24,391] {dag.py:2915} INFO - Setting next_dagrun for latest_only to 2023-12-10T11:40:24.390796+00:00, run_after=2023-12-10T15:40:24.390796+00:00
[2023-12-10 20:40:24,402] {processor.py:161} INFO - Processing /home/vmac/lab3/lab3/lib/python3.10/site-packages/airflow/example_dags/example_latest_only.py took 0.046 seconds
[2023-12-10 20:40:56,303] {processor.py:153} INFO - Started process (PID=13813) to work on /home/vmac/lab3/lab3/lib/python3.10/site-packages/airflow/example_dags/example_latest_only.py
[2023-12-10 20:40:56,304] {processor.py:641} INFO - Processing file /home/vmac/lab3/lab3/lib/python3.10/site-packages/airflow/example_dags/example_latest_only.py for tasks to queue
[2023-12-10 20:40:56,304] {logging_mixin.py:115} INFO - [2023-12-10 20:40:56,304] {dagbag.py:507} INFO - Filling up the DagBag from /home/vmac/lab3/lab3/lib/python3.10/site-packages/airflow/example_dags/example_latest_only.py
[2023-12-10 20:40:56,308] {processor.py:651} INFO - DAG(s) dict_keys(['latest_only']) retrieved from /home/vmac/lab3/lab3/lib/python3.10/site-packages/airflow/example_dags/example_latest_only.py
[2023-12-10 20:40:56,321] {logging_mixin.py:115} INFO - [2023-12-10 20:40:56,321] {dag.py:2371} INFO - Sync 1 DAGs
[2023-12-10 20:40:56,332] {logging_mixin.py:115} INFO - [2023-12-10 20:40:56,332] {dag.py:2915} INFO - Setting next_dagrun for latest_only to 2023-12-10T11:40:56.332009+00:00, run_after=2023-12-10T15:40:56.332009+00:00
[2023-12-10 20:40:56,342] {processor.py:161} INFO - Processing /home/vmac/lab3/lab3/lib/python3.10/site-packages/airflow/example_dags/example_latest_only.py took 0.041 seconds
[2023-12-10 20:41:29,001] {processor.py:153} INFO - Started process (PID=13848) to work on /home/vmac/lab3/lab3/lib/python3.10/site-packages/airflow/example_dags/example_latest_only.py
[2023-12-10 20:41:29,001] {processor.py:641} INFO - Processing file /home/vmac/lab3/lab3/lib/python3.10/site-packages/airflow/example_dags/example_latest_only.py for tasks to queue
[2023-12-10 20:41:29,001] {logging_mixin.py:115} INFO - [2023-12-10 20:41:29,001] {dagbag.py:507} INFO - Filling up the DagBag from /home/vmac/lab3/lab3/lib/python3.10/site-packages/airflow/example_dags/example_latest_only.py
[2023-12-10 20:41:29,005] {processor.py:651} INFO - DAG(s) dict_keys(['latest_only']) retrieved from /home/vmac/lab3/lab3/lib/python3.10/site-packages/airflow/example_dags/example_latest_only.py
[2023-12-10 20:41:29,018] {logging_mixin.py:115} INFO - [2023-12-10 20:41:29,018] {dag.py:2371} INFO - Sync 1 DAGs
[2023-12-10 20:41:29,032] {logging_mixin.py:115} INFO - [2023-12-10 20:41:29,032] {dag.py:2915} INFO - Setting next_dagrun for latest_only to 2023-12-10T11:41:29.031871+00:00, run_after=2023-12-10T15:41:29.031871+00:00
[2023-12-10 20:41:29,041] {processor.py:161} INFO - Processing /home/vmac/lab3/lab3/lib/python3.10/site-packages/airflow/example_dags/example_latest_only.py took 0.042 seconds
[2023-12-10 20:42:02,465] {processor.py:153} INFO - Started process (PID=13883) to work on /home/vmac/lab3/lab3/lib/python3.10/site-packages/airflow/example_dags/example_latest_only.py
[2023-12-10 20:42:02,465] {processor.py:641} INFO - Processing file /home/vmac/lab3/lab3/lib/python3.10/site-packages/airflow/example_dags/example_latest_only.py for tasks to queue
[2023-12-10 20:42:02,466] {logging_mixin.py:115} INFO - [2023-12-10 20:42:02,466] {dagbag.py:507} INFO - Filling up the DagBag from /home/vmac/lab3/lab3/lib/python3.10/site-packages/airflow/example_dags/example_latest_only.py
[2023-12-10 20:42:02,469] {processor.py:651} INFO - DAG(s) dict_keys(['latest_only']) retrieved from /home/vmac/lab3/lab3/lib/python3.10/site-packages/airflow/example_dags/example_latest_only.py
[2023-12-10 20:42:02,489] {logging_mixin.py:115} INFO - [2023-12-10 20:42:02,489] {dag.py:2371} INFO - Sync 1 DAGs
[2023-12-10 20:42:02,505] {logging_mixin.py:115} INFO - [2023-12-10 20:42:02,505] {dag.py:2915} INFO - Setting next_dagrun for latest_only to 2023-12-10T11:42:02.504848+00:00, run_after=2023-12-10T15:42:02.504848+00:00
[2023-12-10 20:42:02,516] {processor.py:161} INFO - Processing /home/vmac/lab3/lab3/lib/python3.10/site-packages/airflow/example_dags/example_latest_only.py took 0.053 seconds
[2023-12-10 20:42:36,922] {processor.py:153} INFO - Started process (PID=13920) to work on /home/vmac/lab3/lab3/lib/python3.10/site-packages/airflow/example_dags/example_latest_only.py
[2023-12-10 20:42:36,922] {processor.py:641} INFO - Processing file /home/vmac/lab3/lab3/lib/python3.10/site-packages/airflow/example_dags/example_latest_only.py for tasks to queue
[2023-12-10 20:42:36,923] {logging_mixin.py:115} INFO - [2023-12-10 20:42:36,923] {dagbag.py:507} INFO - Filling up the DagBag from /home/vmac/lab3/lab3/lib/python3.10/site-packages/airflow/example_dags/example_latest_only.py
[2023-12-10 20:42:36,926] {processor.py:651} INFO - DAG(s) dict_keys(['latest_only']) retrieved from /home/vmac/lab3/lab3/lib/python3.10/site-packages/airflow/example_dags/example_latest_only.py
[2023-12-10 20:42:36,940] {logging_mixin.py:115} INFO - [2023-12-10 20:42:36,940] {dag.py:2371} INFO - Sync 1 DAGs
[2023-12-10 20:42:36,951] {logging_mixin.py:115} INFO - [2023-12-10 20:42:36,951] {dag.py:2915} INFO - Setting next_dagrun for latest_only to 2023-12-10T11:42:36.951318+00:00, run_after=2023-12-10T15:42:36.951318+00:00
[2023-12-10 20:42:36,960] {processor.py:161} INFO - Processing /home/vmac/lab3/lab3/lib/python3.10/site-packages/airflow/example_dags/example_latest_only.py took 0.040 seconds
[2023-12-10 20:43:10,612] {processor.py:153} INFO - Started process (PID=13956) to work on /home/vmac/lab3/lab3/lib/python3.10/site-packages/airflow/example_dags/example_latest_only.py
[2023-12-10 20:43:10,612] {processor.py:641} INFO - Processing file /home/vmac/lab3/lab3/lib/python3.10/site-packages/airflow/example_dags/example_latest_only.py for tasks to queue
[2023-12-10 20:43:10,612] {logging_mixin.py:115} INFO - [2023-12-10 20:43:10,612] {dagbag.py:507} INFO - Filling up the DagBag from /home/vmac/lab3/lab3/lib/python3.10/site-packages/airflow/example_dags/example_latest_only.py
[2023-12-10 20:43:10,616] {processor.py:651} INFO - DAG(s) dict_keys(['latest_only']) retrieved from /home/vmac/lab3/lab3/lib/python3.10/site-packages/airflow/example_dags/example_latest_only.py
[2023-12-10 20:43:10,630] {logging_mixin.py:115} INFO - [2023-12-10 20:43:10,630] {dag.py:2371} INFO - Sync 1 DAGs
[2023-12-10 20:43:10,642] {logging_mixin.py:115} INFO - [2023-12-10 20:43:10,642] {dag.py:2915} INFO - Setting next_dagrun for latest_only to 2023-12-10T11:43:10.641998+00:00, run_after=2023-12-10T15:43:10.641998+00:00
[2023-12-10 20:43:10,652] {processor.py:161} INFO - Processing /home/vmac/lab3/lab3/lib/python3.10/site-packages/airflow/example_dags/example_latest_only.py took 0.043 seconds
[2023-12-10 20:43:43,775] {processor.py:153} INFO - Started process (PID=13992) to work on /home/vmac/lab3/lab3/lib/python3.10/site-packages/airflow/example_dags/example_latest_only.py
[2023-12-10 20:43:43,775] {processor.py:641} INFO - Processing file /home/vmac/lab3/lab3/lib/python3.10/site-packages/airflow/example_dags/example_latest_only.py for tasks to queue
[2023-12-10 20:43:43,776] {logging_mixin.py:115} INFO - [2023-12-10 20:43:43,775] {dagbag.py:507} INFO - Filling up the DagBag from /home/vmac/lab3/lab3/lib/python3.10/site-packages/airflow/example_dags/example_latest_only.py
[2023-12-10 20:43:43,779] {processor.py:651} INFO - DAG(s) dict_keys(['latest_only']) retrieved from /home/vmac/lab3/lab3/lib/python3.10/site-packages/airflow/example_dags/example_latest_only.py
[2023-12-10 20:43:43,793] {logging_mixin.py:115} INFO - [2023-12-10 20:43:43,793] {dag.py:2371} INFO - Sync 1 DAGs
[2023-12-10 20:43:43,805] {logging_mixin.py:115} INFO - [2023-12-10 20:43:43,805] {dag.py:2915} INFO - Setting next_dagrun for latest_only to 2023-12-10T11:43:43.805473+00:00, run_after=2023-12-10T15:43:43.805473+00:00
[2023-12-10 20:43:43,815] {processor.py:161} INFO - Processing /home/vmac/lab3/lab3/lib/python3.10/site-packages/airflow/example_dags/example_latest_only.py took 0.042 seconds
