[2023-12-10 20:35:35,815] {processor.py:153} INFO - Started process (PID=13447) to work on /home/vmac/lab3/lab3/lib/python3.10/site-packages/airflow/example_dags/example_short_circuit_operator.py
[2023-12-10 20:35:35,815] {processor.py:641} INFO - Processing file /home/vmac/lab3/lab3/lib/python3.10/site-packages/airflow/example_dags/example_short_circuit_operator.py for tasks to queue
[2023-12-10 20:35:35,816] {logging_mixin.py:115} INFO - [2023-12-10 20:35:35,816] {dagbag.py:507} INFO - Filling up the DagBag from /home/vmac/lab3/lab3/lib/python3.10/site-packages/airflow/example_dags/example_short_circuit_operator.py
[2023-12-10 20:35:35,823] {processor.py:651} INFO - DAG(s) dict_keys(['example_short_circuit_operator']) retrieved from /home/vmac/lab3/lab3/lib/python3.10/site-packages/airflow/example_dags/example_short_circuit_operator.py
[2023-12-10 20:35:35,871] {logging_mixin.py:115} INFO - [2023-12-10 20:35:35,871] {manager.py:508} INFO - Created Permission View: can edit on DAG:example_short_circuit_operator
[2023-12-10 20:35:35,877] {logging_mixin.py:115} INFO - [2023-12-10 20:35:35,877] {manager.py:508} INFO - Created Permission View: can read on DAG:example_short_circuit_operator
[2023-12-10 20:35:35,883] {logging_mixin.py:115} INFO - [2023-12-10 20:35:35,883] {manager.py:508} INFO - Created Permission View: can delete on DAG:example_short_circuit_operator
[2023-12-10 20:35:35,883] {logging_mixin.py:115} INFO - [2023-12-10 20:35:35,883] {dag.py:2371} INFO - Sync 1 DAGs
[2023-12-10 20:35:35,888] {logging_mixin.py:115} INFO - [2023-12-10 20:35:35,888] {dag.py:2390} INFO - Creating ORM DAG for example_short_circuit_operator
[2023-12-10 20:35:35,894] {logging_mixin.py:115} INFO - [2023-12-10 20:35:35,893] {dag.py:2915} INFO - Setting next_dagrun for example_short_circuit_operator to 2023-12-09T15:35:35.893816+00:00, run_after=2023-12-10T15:35:35.893816+00:00
[2023-12-10 20:35:35,905] {processor.py:161} INFO - Processing /home/vmac/lab3/lab3/lib/python3.10/site-packages/airflow/example_dags/example_short_circuit_operator.py took 0.092 seconds
[2023-12-10 20:36:10,750] {processor.py:153} INFO - Started process (PID=13489) to work on /home/vmac/lab3/lab3/lib/python3.10/site-packages/airflow/example_dags/example_short_circuit_operator.py
[2023-12-10 20:36:10,750] {processor.py:641} INFO - Processing file /home/vmac/lab3/lab3/lib/python3.10/site-packages/airflow/example_dags/example_short_circuit_operator.py for tasks to queue
[2023-12-10 20:36:10,750] {logging_mixin.py:115} INFO - [2023-12-10 20:36:10,750] {dagbag.py:507} INFO - Filling up the DagBag from /home/vmac/lab3/lab3/lib/python3.10/site-packages/airflow/example_dags/example_short_circuit_operator.py
[2023-12-10 20:36:10,757] {processor.py:651} INFO - DAG(s) dict_keys(['example_short_circuit_operator']) retrieved from /home/vmac/lab3/lab3/lib/python3.10/site-packages/airflow/example_dags/example_short_circuit_operator.py
[2023-12-10 20:36:10,773] {logging_mixin.py:115} INFO - [2023-12-10 20:36:10,773] {dag.py:2371} INFO - Sync 1 DAGs
[2023-12-10 20:36:10,783] {logging_mixin.py:115} INFO - [2023-12-10 20:36:10,783] {dag.py:2915} INFO - Setting next_dagrun for example_short_circuit_operator to 2023-12-09T15:36:10.783603+00:00, run_after=2023-12-10T15:36:10.783603+00:00
[2023-12-10 20:36:10,794] {processor.py:161} INFO - Processing /home/vmac/lab3/lab3/lib/python3.10/site-packages/airflow/example_dags/example_short_circuit_operator.py took 0.046 seconds
[2023-12-10 20:36:44,215] {processor.py:153} INFO - Started process (PID=13526) to work on /home/vmac/lab3/lab3/lib/python3.10/site-packages/airflow/example_dags/example_short_circuit_operator.py
[2023-12-10 20:36:44,216] {processor.py:641} INFO - Processing file /home/vmac/lab3/lab3/lib/python3.10/site-packages/airflow/example_dags/example_short_circuit_operator.py for tasks to queue
[2023-12-10 20:36:44,216] {logging_mixin.py:115} INFO - [2023-12-10 20:36:44,216] {dagbag.py:507} INFO - Filling up the DagBag from /home/vmac/lab3/lab3/lib/python3.10/site-packages/airflow/example_dags/example_short_circuit_operator.py
[2023-12-10 20:36:44,223] {processor.py:651} INFO - DAG(s) dict_keys(['example_short_circuit_operator']) retrieved from /home/vmac/lab3/lab3/lib/python3.10/site-packages/airflow/example_dags/example_short_circuit_operator.py
[2023-12-10 20:36:44,240] {logging_mixin.py:115} INFO - [2023-12-10 20:36:44,240] {dag.py:2371} INFO - Sync 1 DAGs
[2023-12-10 20:36:44,251] {logging_mixin.py:115} INFO - [2023-12-10 20:36:44,251] {dag.py:2915} INFO - Setting next_dagrun for example_short_circuit_operator to 2023-12-09T15:36:44.251627+00:00, run_after=2023-12-10T15:36:44.251627+00:00
[2023-12-10 20:36:44,263] {processor.py:161} INFO - Processing /home/vmac/lab3/lab3/lib/python3.10/site-packages/airflow/example_dags/example_short_circuit_operator.py took 0.049 seconds
[2023-12-10 20:37:17,520] {processor.py:153} INFO - Started process (PID=13562) to work on /home/vmac/lab3/lab3/lib/python3.10/site-packages/airflow/example_dags/example_short_circuit_operator.py
[2023-12-10 20:37:17,520] {processor.py:641} INFO - Processing file /home/vmac/lab3/lab3/lib/python3.10/site-packages/airflow/example_dags/example_short_circuit_operator.py for tasks to queue
[2023-12-10 20:37:17,520] {logging_mixin.py:115} INFO - [2023-12-10 20:37:17,520] {dagbag.py:507} INFO - Filling up the DagBag from /home/vmac/lab3/lab3/lib/python3.10/site-packages/airflow/example_dags/example_short_circuit_operator.py
[2023-12-10 20:37:17,527] {processor.py:651} INFO - DAG(s) dict_keys(['example_short_circuit_operator']) retrieved from /home/vmac/lab3/lab3/lib/python3.10/site-packages/airflow/example_dags/example_short_circuit_operator.py
[2023-12-10 20:37:17,542] {logging_mixin.py:115} INFO - [2023-12-10 20:37:17,542] {dag.py:2371} INFO - Sync 1 DAGs
[2023-12-10 20:37:17,554] {logging_mixin.py:115} INFO - [2023-12-10 20:37:17,554] {dag.py:2915} INFO - Setting next_dagrun for example_short_circuit_operator to 2023-12-09T15:37:17.553985+00:00, run_after=2023-12-10T15:37:17.553985+00:00
[2023-12-10 20:37:17,564] {processor.py:161} INFO - Processing /home/vmac/lab3/lab3/lib/python3.10/site-packages/airflow/example_dags/example_short_circuit_operator.py took 0.046 seconds
[2023-12-10 20:37:51,195] {processor.py:153} INFO - Started process (PID=13597) to work on /home/vmac/lab3/lab3/lib/python3.10/site-packages/airflow/example_dags/example_short_circuit_operator.py
[2023-12-10 20:37:51,195] {processor.py:641} INFO - Processing file /home/vmac/lab3/lab3/lib/python3.10/site-packages/airflow/example_dags/example_short_circuit_operator.py for tasks to queue
[2023-12-10 20:37:51,195] {logging_mixin.py:115} INFO - [2023-12-10 20:37:51,195] {dagbag.py:507} INFO - Filling up the DagBag from /home/vmac/lab3/lab3/lib/python3.10/site-packages/airflow/example_dags/example_short_circuit_operator.py
[2023-12-10 20:37:51,203] {processor.py:651} INFO - DAG(s) dict_keys(['example_short_circuit_operator']) retrieved from /home/vmac/lab3/lab3/lib/python3.10/site-packages/airflow/example_dags/example_short_circuit_operator.py
[2023-12-10 20:37:51,219] {logging_mixin.py:115} INFO - [2023-12-10 20:37:51,219] {dag.py:2371} INFO - Sync 1 DAGs
[2023-12-10 20:37:51,232] {logging_mixin.py:115} INFO - [2023-12-10 20:37:51,232] {dag.py:2915} INFO - Setting next_dagrun for example_short_circuit_operator to 2023-12-09T15:37:51.232134+00:00, run_after=2023-12-10T15:37:51.232134+00:00
[2023-12-10 20:37:51,243] {processor.py:161} INFO - Processing /home/vmac/lab3/lab3/lib/python3.10/site-packages/airflow/example_dags/example_short_circuit_operator.py took 0.051 seconds
[2023-12-10 20:38:24,390] {processor.py:153} INFO - Started process (PID=13632) to work on /home/vmac/lab3/lab3/lib/python3.10/site-packages/airflow/example_dags/example_short_circuit_operator.py
[2023-12-10 20:38:24,391] {processor.py:641} INFO - Processing file /home/vmac/lab3/lab3/lib/python3.10/site-packages/airflow/example_dags/example_short_circuit_operator.py for tasks to queue
[2023-12-10 20:38:24,391] {logging_mixin.py:115} INFO - [2023-12-10 20:38:24,391] {dagbag.py:507} INFO - Filling up the DagBag from /home/vmac/lab3/lab3/lib/python3.10/site-packages/airflow/example_dags/example_short_circuit_operator.py
[2023-12-10 20:38:24,397] {processor.py:651} INFO - DAG(s) dict_keys(['example_short_circuit_operator']) retrieved from /home/vmac/lab3/lab3/lib/python3.10/site-packages/airflow/example_dags/example_short_circuit_operator.py
[2023-12-10 20:38:24,412] {logging_mixin.py:115} INFO - [2023-12-10 20:38:24,412] {dag.py:2371} INFO - Sync 1 DAGs
[2023-12-10 20:38:24,424] {logging_mixin.py:115} INFO - [2023-12-10 20:38:24,424] {dag.py:2915} INFO - Setting next_dagrun for example_short_circuit_operator to 2023-12-09T15:38:24.424547+00:00, run_after=2023-12-10T15:38:24.424547+00:00
[2023-12-10 20:38:24,436] {processor.py:161} INFO - Processing /home/vmac/lab3/lab3/lib/python3.10/site-packages/airflow/example_dags/example_short_circuit_operator.py took 0.048 seconds
[2023-12-10 20:38:57,864] {processor.py:153} INFO - Started process (PID=13680) to work on /home/vmac/lab3/lab3/lib/python3.10/site-packages/airflow/example_dags/example_short_circuit_operator.py
[2023-12-10 20:38:57,864] {processor.py:641} INFO - Processing file /home/vmac/lab3/lab3/lib/python3.10/site-packages/airflow/example_dags/example_short_circuit_operator.py for tasks to queue
[2023-12-10 20:38:57,864] {logging_mixin.py:115} INFO - [2023-12-10 20:38:57,864] {dagbag.py:507} INFO - Filling up the DagBag from /home/vmac/lab3/lab3/lib/python3.10/site-packages/airflow/example_dags/example_short_circuit_operator.py
[2023-12-10 20:38:57,871] {processor.py:651} INFO - DAG(s) dict_keys(['example_short_circuit_operator']) retrieved from /home/vmac/lab3/lab3/lib/python3.10/site-packages/airflow/example_dags/example_short_circuit_operator.py
[2023-12-10 20:38:57,886] {logging_mixin.py:115} INFO - [2023-12-10 20:38:57,886] {dag.py:2371} INFO - Sync 1 DAGs
[2023-12-10 20:38:57,897] {logging_mixin.py:115} INFO - [2023-12-10 20:38:57,897] {dag.py:2915} INFO - Setting next_dagrun for example_short_circuit_operator to 2023-12-09T15:38:57.897153+00:00, run_after=2023-12-10T15:38:57.897153+00:00
[2023-12-10 20:38:57,906] {processor.py:161} INFO - Processing /home/vmac/lab3/lab3/lib/python3.10/site-packages/airflow/example_dags/example_short_circuit_operator.py took 0.045 seconds
[2023-12-10 20:39:33,087] {processor.py:153} INFO - Started process (PID=13716) to work on /home/vmac/lab3/lab3/lib/python3.10/site-packages/airflow/example_dags/example_short_circuit_operator.py
[2023-12-10 20:39:33,088] {processor.py:641} INFO - Processing file /home/vmac/lab3/lab3/lib/python3.10/site-packages/airflow/example_dags/example_short_circuit_operator.py for tasks to queue
[2023-12-10 20:39:33,088] {logging_mixin.py:115} INFO - [2023-12-10 20:39:33,088] {dagbag.py:507} INFO - Filling up the DagBag from /home/vmac/lab3/lab3/lib/python3.10/site-packages/airflow/example_dags/example_short_circuit_operator.py
[2023-12-10 20:39:33,097] {processor.py:651} INFO - DAG(s) dict_keys(['example_short_circuit_operator']) retrieved from /home/vmac/lab3/lab3/lib/python3.10/site-packages/airflow/example_dags/example_short_circuit_operator.py
[2023-12-10 20:39:33,113] {logging_mixin.py:115} INFO - [2023-12-10 20:39:33,113] {dag.py:2371} INFO - Sync 1 DAGs
[2023-12-10 20:39:33,130] {logging_mixin.py:115} INFO - [2023-12-10 20:39:33,130] {dag.py:2915} INFO - Setting next_dagrun for example_short_circuit_operator to 2023-12-09T15:39:33.130688+00:00, run_after=2023-12-10T15:39:33.130688+00:00
[2023-12-10 20:39:33,149] {processor.py:161} INFO - Processing /home/vmac/lab3/lab3/lib/python3.10/site-packages/airflow/example_dags/example_short_circuit_operator.py took 0.065 seconds
[2023-12-10 20:40:04,498] {processor.py:153} INFO - Started process (PID=13751) to work on /home/vmac/lab3/lab3/lib/python3.10/site-packages/airflow/example_dags/example_short_circuit_operator.py
[2023-12-10 20:40:04,499] {processor.py:641} INFO - Processing file /home/vmac/lab3/lab3/lib/python3.10/site-packages/airflow/example_dags/example_short_circuit_operator.py for tasks to queue
[2023-12-10 20:40:04,499] {logging_mixin.py:115} INFO - [2023-12-10 20:40:04,499] {dagbag.py:507} INFO - Filling up the DagBag from /home/vmac/lab3/lab3/lib/python3.10/site-packages/airflow/example_dags/example_short_circuit_operator.py
[2023-12-10 20:40:04,505] {processor.py:651} INFO - DAG(s) dict_keys(['example_short_circuit_operator']) retrieved from /home/vmac/lab3/lab3/lib/python3.10/site-packages/airflow/example_dags/example_short_circuit_operator.py
[2023-12-10 20:40:04,520] {logging_mixin.py:115} INFO - [2023-12-10 20:40:04,520] {dag.py:2371} INFO - Sync 1 DAGs
[2023-12-10 20:40:04,531] {logging_mixin.py:115} INFO - [2023-12-10 20:40:04,531] {dag.py:2915} INFO - Setting next_dagrun for example_short_circuit_operator to 2023-12-09T15:40:04.531704+00:00, run_after=2023-12-10T15:40:04.531704+00:00
[2023-12-10 20:40:04,544] {processor.py:161} INFO - Processing /home/vmac/lab3/lab3/lib/python3.10/site-packages/airflow/example_dags/example_short_circuit_operator.py took 0.047 seconds
[2023-12-10 20:40:38,298] {processor.py:153} INFO - Started process (PID=13794) to work on /home/vmac/lab3/lab3/lib/python3.10/site-packages/airflow/example_dags/example_short_circuit_operator.py
[2023-12-10 20:40:38,298] {processor.py:641} INFO - Processing file /home/vmac/lab3/lab3/lib/python3.10/site-packages/airflow/example_dags/example_short_circuit_operator.py for tasks to queue
[2023-12-10 20:40:38,298] {logging_mixin.py:115} INFO - [2023-12-10 20:40:38,298] {dagbag.py:507} INFO - Filling up the DagBag from /home/vmac/lab3/lab3/lib/python3.10/site-packages/airflow/example_dags/example_short_circuit_operator.py
[2023-12-10 20:40:38,305] {processor.py:651} INFO - DAG(s) dict_keys(['example_short_circuit_operator']) retrieved from /home/vmac/lab3/lab3/lib/python3.10/site-packages/airflow/example_dags/example_short_circuit_operator.py
[2023-12-10 20:40:38,321] {logging_mixin.py:115} INFO - [2023-12-10 20:40:38,321] {dag.py:2371} INFO - Sync 1 DAGs
[2023-12-10 20:40:38,332] {logging_mixin.py:115} INFO - [2023-12-10 20:40:38,332] {dag.py:2915} INFO - Setting next_dagrun for example_short_circuit_operator to 2023-12-09T15:40:38.332410+00:00, run_after=2023-12-10T15:40:38.332410+00:00
[2023-12-10 20:40:38,343] {processor.py:161} INFO - Processing /home/vmac/lab3/lab3/lib/python3.10/site-packages/airflow/example_dags/example_short_circuit_operator.py took 0.048 seconds
[2023-12-10 20:41:10,111] {processor.py:153} INFO - Started process (PID=13828) to work on /home/vmac/lab3/lab3/lib/python3.10/site-packages/airflow/example_dags/example_short_circuit_operator.py
[2023-12-10 20:41:10,111] {processor.py:641} INFO - Processing file /home/vmac/lab3/lab3/lib/python3.10/site-packages/airflow/example_dags/example_short_circuit_operator.py for tasks to queue
[2023-12-10 20:41:10,112] {logging_mixin.py:115} INFO - [2023-12-10 20:41:10,111] {dagbag.py:507} INFO - Filling up the DagBag from /home/vmac/lab3/lab3/lib/python3.10/site-packages/airflow/example_dags/example_short_circuit_operator.py
[2023-12-10 20:41:10,118] {processor.py:651} INFO - DAG(s) dict_keys(['example_short_circuit_operator']) retrieved from /home/vmac/lab3/lab3/lib/python3.10/site-packages/airflow/example_dags/example_short_circuit_operator.py
[2023-12-10 20:41:10,134] {logging_mixin.py:115} INFO - [2023-12-10 20:41:10,134] {dag.py:2371} INFO - Sync 1 DAGs
[2023-12-10 20:41:10,146] {logging_mixin.py:115} INFO - [2023-12-10 20:41:10,146] {dag.py:2915} INFO - Setting next_dagrun for example_short_circuit_operator to 2023-12-09T15:41:10.145974+00:00, run_after=2023-12-10T15:41:10.145974+00:00
[2023-12-10 20:41:10,158] {processor.py:161} INFO - Processing /home/vmac/lab3/lab3/lib/python3.10/site-packages/airflow/example_dags/example_short_circuit_operator.py took 0.049 seconds
[2023-12-10 20:41:44,315] {processor.py:153} INFO - Started process (PID=13863) to work on /home/vmac/lab3/lab3/lib/python3.10/site-packages/airflow/example_dags/example_short_circuit_operator.py
[2023-12-10 20:41:44,315] {processor.py:641} INFO - Processing file /home/vmac/lab3/lab3/lib/python3.10/site-packages/airflow/example_dags/example_short_circuit_operator.py for tasks to queue
[2023-12-10 20:41:44,316] {logging_mixin.py:115} INFO - [2023-12-10 20:41:44,315] {dagbag.py:507} INFO - Filling up the DagBag from /home/vmac/lab3/lab3/lib/python3.10/site-packages/airflow/example_dags/example_short_circuit_operator.py
[2023-12-10 20:41:44,322] {processor.py:651} INFO - DAG(s) dict_keys(['example_short_circuit_operator']) retrieved from /home/vmac/lab3/lab3/lib/python3.10/site-packages/airflow/example_dags/example_short_circuit_operator.py
[2023-12-10 20:41:44,337] {logging_mixin.py:115} INFO - [2023-12-10 20:41:44,337] {dag.py:2371} INFO - Sync 1 DAGs
[2023-12-10 20:41:44,351] {logging_mixin.py:115} INFO - [2023-12-10 20:41:44,351] {dag.py:2915} INFO - Setting next_dagrun for example_short_circuit_operator to 2023-12-09T15:41:44.351320+00:00, run_after=2023-12-10T15:41:44.351320+00:00
[2023-12-10 20:41:44,362] {processor.py:161} INFO - Processing /home/vmac/lab3/lab3/lib/python3.10/site-packages/airflow/example_dags/example_short_circuit_operator.py took 0.050 seconds
[2023-12-10 20:42:18,088] {processor.py:153} INFO - Started process (PID=13899) to work on /home/vmac/lab3/lab3/lib/python3.10/site-packages/airflow/example_dags/example_short_circuit_operator.py
[2023-12-10 20:42:18,088] {processor.py:641} INFO - Processing file /home/vmac/lab3/lab3/lib/python3.10/site-packages/airflow/example_dags/example_short_circuit_operator.py for tasks to queue
[2023-12-10 20:42:18,089] {logging_mixin.py:115} INFO - [2023-12-10 20:42:18,088] {dagbag.py:507} INFO - Filling up the DagBag from /home/vmac/lab3/lab3/lib/python3.10/site-packages/airflow/example_dags/example_short_circuit_operator.py
[2023-12-10 20:42:18,097] {processor.py:651} INFO - DAG(s) dict_keys(['example_short_circuit_operator']) retrieved from /home/vmac/lab3/lab3/lib/python3.10/site-packages/airflow/example_dags/example_short_circuit_operator.py
[2023-12-10 20:42:18,112] {logging_mixin.py:115} INFO - [2023-12-10 20:42:18,112] {dag.py:2371} INFO - Sync 1 DAGs
[2023-12-10 20:42:18,123] {logging_mixin.py:115} INFO - [2023-12-10 20:42:18,123] {dag.py:2915} INFO - Setting next_dagrun for example_short_circuit_operator to 2023-12-09T15:42:18.123337+00:00, run_after=2023-12-10T15:42:18.123337+00:00
[2023-12-10 20:42:18,133] {processor.py:161} INFO - Processing /home/vmac/lab3/lab3/lib/python3.10/site-packages/airflow/example_dags/example_short_circuit_operator.py took 0.047 seconds
[2023-12-10 20:42:52,320] {processor.py:153} INFO - Started process (PID=13935) to work on /home/vmac/lab3/lab3/lib/python3.10/site-packages/airflow/example_dags/example_short_circuit_operator.py
[2023-12-10 20:42:52,320] {processor.py:641} INFO - Processing file /home/vmac/lab3/lab3/lib/python3.10/site-packages/airflow/example_dags/example_short_circuit_operator.py for tasks to queue
[2023-12-10 20:42:52,321] {logging_mixin.py:115} INFO - [2023-12-10 20:42:52,321] {dagbag.py:507} INFO - Filling up the DagBag from /home/vmac/lab3/lab3/lib/python3.10/site-packages/airflow/example_dags/example_short_circuit_operator.py
[2023-12-10 20:42:52,328] {processor.py:651} INFO - DAG(s) dict_keys(['example_short_circuit_operator']) retrieved from /home/vmac/lab3/lab3/lib/python3.10/site-packages/airflow/example_dags/example_short_circuit_operator.py
[2023-12-10 20:42:52,343] {logging_mixin.py:115} INFO - [2023-12-10 20:42:52,343] {dag.py:2371} INFO - Sync 1 DAGs
[2023-12-10 20:42:52,354] {logging_mixin.py:115} INFO - [2023-12-10 20:42:52,354] {dag.py:2915} INFO - Setting next_dagrun for example_short_circuit_operator to 2023-12-09T15:42:52.354672+00:00, run_after=2023-12-10T15:42:52.354672+00:00
[2023-12-10 20:42:52,363] {processor.py:161} INFO - Processing /home/vmac/lab3/lab3/lib/python3.10/site-packages/airflow/example_dags/example_short_circuit_operator.py took 0.046 seconds
[2023-12-10 20:43:24,912] {processor.py:153} INFO - Started process (PID=13972) to work on /home/vmac/lab3/lab3/lib/python3.10/site-packages/airflow/example_dags/example_short_circuit_operator.py
[2023-12-10 20:43:24,913] {processor.py:641} INFO - Processing file /home/vmac/lab3/lab3/lib/python3.10/site-packages/airflow/example_dags/example_short_circuit_operator.py for tasks to queue
[2023-12-10 20:43:24,913] {logging_mixin.py:115} INFO - [2023-12-10 20:43:24,913] {dagbag.py:507} INFO - Filling up the DagBag from /home/vmac/lab3/lab3/lib/python3.10/site-packages/airflow/example_dags/example_short_circuit_operator.py
[2023-12-10 20:43:24,920] {processor.py:651} INFO - DAG(s) dict_keys(['example_short_circuit_operator']) retrieved from /home/vmac/lab3/lab3/lib/python3.10/site-packages/airflow/example_dags/example_short_circuit_operator.py
[2023-12-10 20:43:24,935] {logging_mixin.py:115} INFO - [2023-12-10 20:43:24,935] {dag.py:2371} INFO - Sync 1 DAGs
[2023-12-10 20:43:24,946] {logging_mixin.py:115} INFO - [2023-12-10 20:43:24,946] {dag.py:2915} INFO - Setting next_dagrun for example_short_circuit_operator to 2023-12-09T15:43:24.946368+00:00, run_after=2023-12-10T15:43:24.946368+00:00
[2023-12-10 20:43:24,959] {processor.py:161} INFO - Processing /home/vmac/lab3/lab3/lib/python3.10/site-packages/airflow/example_dags/example_short_circuit_operator.py took 0.049 seconds
[2023-12-10 20:43:58,885] {processor.py:153} INFO - Started process (PID=14008) to work on /home/vmac/lab3/lab3/lib/python3.10/site-packages/airflow/example_dags/example_short_circuit_operator.py
[2023-12-10 20:43:58,886] {processor.py:641} INFO - Processing file /home/vmac/lab3/lab3/lib/python3.10/site-packages/airflow/example_dags/example_short_circuit_operator.py for tasks to queue
[2023-12-10 20:43:58,886] {logging_mixin.py:115} INFO - [2023-12-10 20:43:58,886] {dagbag.py:507} INFO - Filling up the DagBag from /home/vmac/lab3/lab3/lib/python3.10/site-packages/airflow/example_dags/example_short_circuit_operator.py
[2023-12-10 20:43:58,893] {processor.py:651} INFO - DAG(s) dict_keys(['example_short_circuit_operator']) retrieved from /home/vmac/lab3/lab3/lib/python3.10/site-packages/airflow/example_dags/example_short_circuit_operator.py
[2023-12-10 20:43:58,907] {logging_mixin.py:115} INFO - [2023-12-10 20:43:58,907] {dag.py:2371} INFO - Sync 1 DAGs
[2023-12-10 20:43:58,918] {logging_mixin.py:115} INFO - [2023-12-10 20:43:58,918] {dag.py:2915} INFO - Setting next_dagrun for example_short_circuit_operator to 2023-12-09T15:43:58.918440+00:00, run_after=2023-12-10T15:43:58.918440+00:00
[2023-12-10 20:43:58,927] {processor.py:161} INFO - Processing /home/vmac/lab3/lab3/lib/python3.10/site-packages/airflow/example_dags/example_short_circuit_operator.py took 0.044 seconds
