[2023-12-10 20:35:24,565] {processor.py:153} INFO - Started process (PID=13434) to work on /home/vmac/lab3/lab3/lib/python3.10/site-packages/airflow/example_dags/example_xcom.py
[2023-12-10 20:35:24,566] {processor.py:641} INFO - Processing file /home/vmac/lab3/lab3/lib/python3.10/site-packages/airflow/example_dags/example_xcom.py for tasks to queue
[2023-12-10 20:35:24,566] {logging_mixin.py:115} INFO - [2023-12-10 20:35:24,566] {dagbag.py:507} INFO - Filling up the DagBag from /home/vmac/lab3/lab3/lib/python3.10/site-packages/airflow/example_dags/example_xcom.py
[2023-12-10 20:35:24,583] {processor.py:651} INFO - DAG(s) dict_keys(['example_xcom']) retrieved from /home/vmac/lab3/lab3/lib/python3.10/site-packages/airflow/example_dags/example_xcom.py
[2023-12-10 20:35:24,628] {logging_mixin.py:115} INFO - [2023-12-10 20:35:24,628] {manager.py:508} INFO - Created Permission View: can edit on DAG:example_xcom
[2023-12-10 20:35:24,636] {logging_mixin.py:115} INFO - [2023-12-10 20:35:24,636] {manager.py:508} INFO - Created Permission View: can read on DAG:example_xcom
[2023-12-10 20:35:24,642] {logging_mixin.py:115} INFO - [2023-12-10 20:35:24,642] {manager.py:508} INFO - Created Permission View: can delete on DAG:example_xcom
[2023-12-10 20:35:24,642] {logging_mixin.py:115} INFO - [2023-12-10 20:35:24,642] {dag.py:2371} INFO - Sync 1 DAGs
[2023-12-10 20:35:24,648] {logging_mixin.py:115} INFO - [2023-12-10 20:35:24,648] {dag.py:2390} INFO - Creating ORM DAG for example_xcom
[2023-12-10 20:35:24,655] {logging_mixin.py:115} INFO - [2023-12-10 20:35:24,655] {dag.py:2915} INFO - Setting next_dagrun for example_xcom to 2021-01-01T00:00:00+00:00, run_after=2021-01-01T00:00:00+00:00
[2023-12-10 20:35:24,666] {processor.py:161} INFO - Processing /home/vmac/lab3/lab3/lib/python3.10/site-packages/airflow/example_dags/example_xcom.py took 0.103 seconds
[2023-12-10 20:36:00,532] {processor.py:153} INFO - Started process (PID=13472) to work on /home/vmac/lab3/lab3/lib/python3.10/site-packages/airflow/example_dags/example_xcom.py
[2023-12-10 20:36:00,533] {processor.py:641} INFO - Processing file /home/vmac/lab3/lab3/lib/python3.10/site-packages/airflow/example_dags/example_xcom.py for tasks to queue
[2023-12-10 20:36:00,533] {logging_mixin.py:115} INFO - [2023-12-10 20:36:00,533] {dagbag.py:507} INFO - Filling up the DagBag from /home/vmac/lab3/lab3/lib/python3.10/site-packages/airflow/example_dags/example_xcom.py
[2023-12-10 20:36:00,549] {processor.py:651} INFO - DAG(s) dict_keys(['example_xcom']) retrieved from /home/vmac/lab3/lab3/lib/python3.10/site-packages/airflow/example_dags/example_xcom.py
[2023-12-10 20:36:00,580] {logging_mixin.py:115} INFO - [2023-12-10 20:36:00,579] {dag.py:2371} INFO - Sync 1 DAGs
[2023-12-10 20:36:00,592] {logging_mixin.py:115} INFO - [2023-12-10 20:36:00,591] {dag.py:2915} INFO - Setting next_dagrun for example_xcom to 2021-01-01T00:00:00+00:00, run_after=2021-01-01T00:00:00+00:00
[2023-12-10 20:36:00,602] {processor.py:161} INFO - Processing /home/vmac/lab3/lab3/lib/python3.10/site-packages/airflow/example_dags/example_xcom.py took 0.072 seconds
[2023-12-10 20:36:34,095] {processor.py:153} INFO - Started process (PID=13515) to work on /home/vmac/lab3/lab3/lib/python3.10/site-packages/airflow/example_dags/example_xcom.py
[2023-12-10 20:36:34,096] {processor.py:641} INFO - Processing file /home/vmac/lab3/lab3/lib/python3.10/site-packages/airflow/example_dags/example_xcom.py for tasks to queue
[2023-12-10 20:36:34,096] {logging_mixin.py:115} INFO - [2023-12-10 20:36:34,096] {dagbag.py:507} INFO - Filling up the DagBag from /home/vmac/lab3/lab3/lib/python3.10/site-packages/airflow/example_dags/example_xcom.py
[2023-12-10 20:36:34,111] {processor.py:651} INFO - DAG(s) dict_keys(['example_xcom']) retrieved from /home/vmac/lab3/lab3/lib/python3.10/site-packages/airflow/example_dags/example_xcom.py
[2023-12-10 20:36:34,142] {logging_mixin.py:115} INFO - [2023-12-10 20:36:34,142] {dag.py:2371} INFO - Sync 1 DAGs
[2023-12-10 20:36:34,151] {logging_mixin.py:115} INFO - [2023-12-10 20:36:34,151] {dag.py:2915} INFO - Setting next_dagrun for example_xcom to 2021-01-01T00:00:00+00:00, run_after=2021-01-01T00:00:00+00:00
[2023-12-10 20:36:34,161] {processor.py:161} INFO - Processing /home/vmac/lab3/lab3/lib/python3.10/site-packages/airflow/example_dags/example_xcom.py took 0.068 seconds
[2023-12-10 20:37:07,270] {processor.py:153} INFO - Started process (PID=13550) to work on /home/vmac/lab3/lab3/lib/python3.10/site-packages/airflow/example_dags/example_xcom.py
[2023-12-10 20:37:07,270] {processor.py:641} INFO - Processing file /home/vmac/lab3/lab3/lib/python3.10/site-packages/airflow/example_dags/example_xcom.py for tasks to queue
[2023-12-10 20:37:07,271] {logging_mixin.py:115} INFO - [2023-12-10 20:37:07,271] {dagbag.py:507} INFO - Filling up the DagBag from /home/vmac/lab3/lab3/lib/python3.10/site-packages/airflow/example_dags/example_xcom.py
[2023-12-10 20:37:07,288] {processor.py:651} INFO - DAG(s) dict_keys(['example_xcom']) retrieved from /home/vmac/lab3/lab3/lib/python3.10/site-packages/airflow/example_dags/example_xcom.py
[2023-12-10 20:37:07,298] {logging_mixin.py:115} INFO - [2023-12-10 20:37:07,298] {dag.py:2371} INFO - Sync 1 DAGs
[2023-12-10 20:37:07,310] {logging_mixin.py:115} INFO - [2023-12-10 20:37:07,310] {dag.py:2915} INFO - Setting next_dagrun for example_xcom to 2021-01-01T00:00:00+00:00, run_after=2021-01-01T00:00:00+00:00
[2023-12-10 20:37:07,320] {processor.py:161} INFO - Processing /home/vmac/lab3/lab3/lib/python3.10/site-packages/airflow/example_dags/example_xcom.py took 0.053 seconds
[2023-12-10 20:37:40,973] {processor.py:153} INFO - Started process (PID=13587) to work on /home/vmac/lab3/lab3/lib/python3.10/site-packages/airflow/example_dags/example_xcom.py
[2023-12-10 20:37:40,974] {processor.py:641} INFO - Processing file /home/vmac/lab3/lab3/lib/python3.10/site-packages/airflow/example_dags/example_xcom.py for tasks to queue
[2023-12-10 20:37:40,974] {logging_mixin.py:115} INFO - [2023-12-10 20:37:40,974] {dagbag.py:507} INFO - Filling up the DagBag from /home/vmac/lab3/lab3/lib/python3.10/site-packages/airflow/example_dags/example_xcom.py
[2023-12-10 20:37:40,990] {processor.py:651} INFO - DAG(s) dict_keys(['example_xcom']) retrieved from /home/vmac/lab3/lab3/lib/python3.10/site-packages/airflow/example_dags/example_xcom.py
[2023-12-10 20:37:41,003] {logging_mixin.py:115} INFO - [2023-12-10 20:37:41,003] {dag.py:2371} INFO - Sync 1 DAGs
[2023-12-10 20:37:41,015] {logging_mixin.py:115} INFO - [2023-12-10 20:37:41,015] {dag.py:2915} INFO - Setting next_dagrun for example_xcom to 2021-01-01T00:00:00+00:00, run_after=2021-01-01T00:00:00+00:00
[2023-12-10 20:37:41,025] {processor.py:161} INFO - Processing /home/vmac/lab3/lab3/lib/python3.10/site-packages/airflow/example_dags/example_xcom.py took 0.053 seconds
[2023-12-10 20:38:15,390] {processor.py:153} INFO - Started process (PID=13622) to work on /home/vmac/lab3/lab3/lib/python3.10/site-packages/airflow/example_dags/example_xcom.py
[2023-12-10 20:38:15,390] {processor.py:641} INFO - Processing file /home/vmac/lab3/lab3/lib/python3.10/site-packages/airflow/example_dags/example_xcom.py for tasks to queue
[2023-12-10 20:38:15,391] {logging_mixin.py:115} INFO - [2023-12-10 20:38:15,390] {dagbag.py:507} INFO - Filling up the DagBag from /home/vmac/lab3/lab3/lib/python3.10/site-packages/airflow/example_dags/example_xcom.py
[2023-12-10 20:38:15,406] {processor.py:651} INFO - DAG(s) dict_keys(['example_xcom']) retrieved from /home/vmac/lab3/lab3/lib/python3.10/site-packages/airflow/example_dags/example_xcom.py
[2023-12-10 20:38:15,416] {logging_mixin.py:115} INFO - [2023-12-10 20:38:15,416] {dag.py:2371} INFO - Sync 1 DAGs
[2023-12-10 20:38:15,428] {logging_mixin.py:115} INFO - [2023-12-10 20:38:15,428] {dag.py:2915} INFO - Setting next_dagrun for example_xcom to 2021-01-01T00:00:00+00:00, run_after=2021-01-01T00:00:00+00:00
[2023-12-10 20:38:15,441] {processor.py:161} INFO - Processing /home/vmac/lab3/lab3/lib/python3.10/site-packages/airflow/example_dags/example_xcom.py took 0.054 seconds
[2023-12-10 20:38:47,590] {processor.py:153} INFO - Started process (PID=13668) to work on /home/vmac/lab3/lab3/lib/python3.10/site-packages/airflow/example_dags/example_xcom.py
[2023-12-10 20:38:47,591] {processor.py:641} INFO - Processing file /home/vmac/lab3/lab3/lib/python3.10/site-packages/airflow/example_dags/example_xcom.py for tasks to queue
[2023-12-10 20:38:47,591] {logging_mixin.py:115} INFO - [2023-12-10 20:38:47,591] {dagbag.py:507} INFO - Filling up the DagBag from /home/vmac/lab3/lab3/lib/python3.10/site-packages/airflow/example_dags/example_xcom.py
[2023-12-10 20:38:47,606] {processor.py:651} INFO - DAG(s) dict_keys(['example_xcom']) retrieved from /home/vmac/lab3/lab3/lib/python3.10/site-packages/airflow/example_dags/example_xcom.py
[2023-12-10 20:38:47,619] {logging_mixin.py:115} INFO - [2023-12-10 20:38:47,619] {dag.py:2371} INFO - Sync 1 DAGs
[2023-12-10 20:38:47,631] {logging_mixin.py:115} INFO - [2023-12-10 20:38:47,631] {dag.py:2915} INFO - Setting next_dagrun for example_xcom to 2021-01-01T00:00:00+00:00, run_after=2021-01-01T00:00:00+00:00
[2023-12-10 20:38:47,641] {processor.py:161} INFO - Processing /home/vmac/lab3/lab3/lib/python3.10/site-packages/airflow/example_dags/example_xcom.py took 0.052 seconds
[2023-12-10 20:39:22,926] {processor.py:153} INFO - Started process (PID=13706) to work on /home/vmac/lab3/lab3/lib/python3.10/site-packages/airflow/example_dags/example_xcom.py
[2023-12-10 20:39:22,926] {processor.py:641} INFO - Processing file /home/vmac/lab3/lab3/lib/python3.10/site-packages/airflow/example_dags/example_xcom.py for tasks to queue
[2023-12-10 20:39:22,926] {logging_mixin.py:115} INFO - [2023-12-10 20:39:22,926] {dagbag.py:507} INFO - Filling up the DagBag from /home/vmac/lab3/lab3/lib/python3.10/site-packages/airflow/example_dags/example_xcom.py
[2023-12-10 20:39:22,943] {processor.py:651} INFO - DAG(s) dict_keys(['example_xcom']) retrieved from /home/vmac/lab3/lab3/lib/python3.10/site-packages/airflow/example_dags/example_xcom.py
[2023-12-10 20:39:22,955] {logging_mixin.py:115} INFO - [2023-12-10 20:39:22,955] {dag.py:2371} INFO - Sync 1 DAGs
[2023-12-10 20:39:22,965] {logging_mixin.py:115} INFO - [2023-12-10 20:39:22,965] {dag.py:2915} INFO - Setting next_dagrun for example_xcom to 2021-01-01T00:00:00+00:00, run_after=2021-01-01T00:00:00+00:00
[2023-12-10 20:39:22,977] {processor.py:161} INFO - Processing /home/vmac/lab3/lab3/lib/python3.10/site-packages/airflow/example_dags/example_xcom.py took 0.053 seconds
[2023-12-10 20:39:54,396] {processor.py:153} INFO - Started process (PID=13740) to work on /home/vmac/lab3/lab3/lib/python3.10/site-packages/airflow/example_dags/example_xcom.py
[2023-12-10 20:39:54,396] {processor.py:641} INFO - Processing file /home/vmac/lab3/lab3/lib/python3.10/site-packages/airflow/example_dags/example_xcom.py for tasks to queue
[2023-12-10 20:39:54,396] {logging_mixin.py:115} INFO - [2023-12-10 20:39:54,396] {dagbag.py:507} INFO - Filling up the DagBag from /home/vmac/lab3/lab3/lib/python3.10/site-packages/airflow/example_dags/example_xcom.py
[2023-12-10 20:39:54,412] {processor.py:651} INFO - DAG(s) dict_keys(['example_xcom']) retrieved from /home/vmac/lab3/lab3/lib/python3.10/site-packages/airflow/example_dags/example_xcom.py
[2023-12-10 20:39:54,423] {logging_mixin.py:115} INFO - [2023-12-10 20:39:54,423] {dag.py:2371} INFO - Sync 1 DAGs
[2023-12-10 20:39:54,434] {logging_mixin.py:115} INFO - [2023-12-10 20:39:54,434] {dag.py:2915} INFO - Setting next_dagrun for example_xcom to 2021-01-01T00:00:00+00:00, run_after=2021-01-01T00:00:00+00:00
[2023-12-10 20:39:54,443] {processor.py:161} INFO - Processing /home/vmac/lab3/lab3/lib/python3.10/site-packages/airflow/example_dags/example_xcom.py took 0.049 seconds
[2023-12-10 20:40:28,164] {processor.py:153} INFO - Started process (PID=13784) to work on /home/vmac/lab3/lab3/lib/python3.10/site-packages/airflow/example_dags/example_xcom.py
[2023-12-10 20:40:28,165] {processor.py:641} INFO - Processing file /home/vmac/lab3/lab3/lib/python3.10/site-packages/airflow/example_dags/example_xcom.py for tasks to queue
[2023-12-10 20:40:28,165] {logging_mixin.py:115} INFO - [2023-12-10 20:40:28,165] {dagbag.py:507} INFO - Filling up the DagBag from /home/vmac/lab3/lab3/lib/python3.10/site-packages/airflow/example_dags/example_xcom.py
[2023-12-10 20:40:28,180] {processor.py:651} INFO - DAG(s) dict_keys(['example_xcom']) retrieved from /home/vmac/lab3/lab3/lib/python3.10/site-packages/airflow/example_dags/example_xcom.py
[2023-12-10 20:40:28,211] {logging_mixin.py:115} INFO - [2023-12-10 20:40:28,211] {dag.py:2371} INFO - Sync 1 DAGs
[2023-12-10 20:40:28,224] {logging_mixin.py:115} INFO - [2023-12-10 20:40:28,224] {dag.py:2915} INFO - Setting next_dagrun for example_xcom to 2021-01-01T00:00:00+00:00, run_after=2021-01-01T00:00:00+00:00
[2023-12-10 20:40:28,240] {processor.py:161} INFO - Processing /home/vmac/lab3/lab3/lib/python3.10/site-packages/airflow/example_dags/example_xcom.py took 0.078 seconds
[2023-12-10 20:41:00,966] {processor.py:153} INFO - Started process (PID=13818) to work on /home/vmac/lab3/lab3/lib/python3.10/site-packages/airflow/example_dags/example_xcom.py
[2023-12-10 20:41:00,967] {processor.py:641} INFO - Processing file /home/vmac/lab3/lab3/lib/python3.10/site-packages/airflow/example_dags/example_xcom.py for tasks to queue
[2023-12-10 20:41:00,967] {logging_mixin.py:115} INFO - [2023-12-10 20:41:00,967] {dagbag.py:507} INFO - Filling up the DagBag from /home/vmac/lab3/lab3/lib/python3.10/site-packages/airflow/example_dags/example_xcom.py
[2023-12-10 20:41:00,985] {processor.py:651} INFO - DAG(s) dict_keys(['example_xcom']) retrieved from /home/vmac/lab3/lab3/lib/python3.10/site-packages/airflow/example_dags/example_xcom.py
[2023-12-10 20:41:00,997] {logging_mixin.py:115} INFO - [2023-12-10 20:41:00,996] {dag.py:2371} INFO - Sync 1 DAGs
[2023-12-10 20:41:01,010] {logging_mixin.py:115} INFO - [2023-12-10 20:41:01,010] {dag.py:2915} INFO - Setting next_dagrun for example_xcom to 2021-01-01T00:00:00+00:00, run_after=2021-01-01T00:00:00+00:00
[2023-12-10 20:41:01,020] {processor.py:161} INFO - Processing /home/vmac/lab3/lab3/lib/python3.10/site-packages/airflow/example_dags/example_xcom.py took 0.055 seconds
[2023-12-10 20:41:34,259] {processor.py:153} INFO - Started process (PID=13853) to work on /home/vmac/lab3/lab3/lib/python3.10/site-packages/airflow/example_dags/example_xcom.py
[2023-12-10 20:41:34,260] {processor.py:641} INFO - Processing file /home/vmac/lab3/lab3/lib/python3.10/site-packages/airflow/example_dags/example_xcom.py for tasks to queue
[2023-12-10 20:41:34,260] {logging_mixin.py:115} INFO - [2023-12-10 20:41:34,260] {dagbag.py:507} INFO - Filling up the DagBag from /home/vmac/lab3/lab3/lib/python3.10/site-packages/airflow/example_dags/example_xcom.py
[2023-12-10 20:41:34,275] {processor.py:651} INFO - DAG(s) dict_keys(['example_xcom']) retrieved from /home/vmac/lab3/lab3/lib/python3.10/site-packages/airflow/example_dags/example_xcom.py
[2023-12-10 20:41:34,287] {logging_mixin.py:115} INFO - [2023-12-10 20:41:34,287] {dag.py:2371} INFO - Sync 1 DAGs
[2023-12-10 20:41:34,299] {logging_mixin.py:115} INFO - [2023-12-10 20:41:34,299] {dag.py:2915} INFO - Setting next_dagrun for example_xcom to 2021-01-01T00:00:00+00:00, run_after=2021-01-01T00:00:00+00:00
[2023-12-10 20:41:34,308] {processor.py:161} INFO - Processing /home/vmac/lab3/lab3/lib/python3.10/site-packages/airflow/example_dags/example_xcom.py took 0.051 seconds
[2023-12-10 20:42:07,716] {processor.py:153} INFO - Started process (PID=13889) to work on /home/vmac/lab3/lab3/lib/python3.10/site-packages/airflow/example_dags/example_xcom.py
[2023-12-10 20:42:07,717] {processor.py:641} INFO - Processing file /home/vmac/lab3/lab3/lib/python3.10/site-packages/airflow/example_dags/example_xcom.py for tasks to queue
[2023-12-10 20:42:07,717] {logging_mixin.py:115} INFO - [2023-12-10 20:42:07,717] {dagbag.py:507} INFO - Filling up the DagBag from /home/vmac/lab3/lab3/lib/python3.10/site-packages/airflow/example_dags/example_xcom.py
[2023-12-10 20:42:07,734] {processor.py:651} INFO - DAG(s) dict_keys(['example_xcom']) retrieved from /home/vmac/lab3/lab3/lib/python3.10/site-packages/airflow/example_dags/example_xcom.py
[2023-12-10 20:42:07,745] {logging_mixin.py:115} INFO - [2023-12-10 20:42:07,745] {dag.py:2371} INFO - Sync 1 DAGs
[2023-12-10 20:42:07,756] {logging_mixin.py:115} INFO - [2023-12-10 20:42:07,756] {dag.py:2915} INFO - Setting next_dagrun for example_xcom to 2021-01-01T00:00:00+00:00, run_after=2021-01-01T00:00:00+00:00
[2023-12-10 20:42:07,767] {processor.py:161} INFO - Processing /home/vmac/lab3/lab3/lib/python3.10/site-packages/airflow/example_dags/example_xcom.py took 0.052 seconds
[2023-12-10 20:42:42,048] {processor.py:153} INFO - Started process (PID=13925) to work on /home/vmac/lab3/lab3/lib/python3.10/site-packages/airflow/example_dags/example_xcom.py
[2023-12-10 20:42:42,049] {processor.py:641} INFO - Processing file /home/vmac/lab3/lab3/lib/python3.10/site-packages/airflow/example_dags/example_xcom.py for tasks to queue
[2023-12-10 20:42:42,049] {logging_mixin.py:115} INFO - [2023-12-10 20:42:42,049] {dagbag.py:507} INFO - Filling up the DagBag from /home/vmac/lab3/lab3/lib/python3.10/site-packages/airflow/example_dags/example_xcom.py
[2023-12-10 20:42:42,066] {processor.py:651} INFO - DAG(s) dict_keys(['example_xcom']) retrieved from /home/vmac/lab3/lab3/lib/python3.10/site-packages/airflow/example_dags/example_xcom.py
[2023-12-10 20:42:42,077] {logging_mixin.py:115} INFO - [2023-12-10 20:42:42,077] {dag.py:2371} INFO - Sync 1 DAGs
[2023-12-10 20:42:42,089] {logging_mixin.py:115} INFO - [2023-12-10 20:42:42,088] {dag.py:2915} INFO - Setting next_dagrun for example_xcom to 2021-01-01T00:00:00+00:00, run_after=2021-01-01T00:00:00+00:00
[2023-12-10 20:42:42,098] {processor.py:161} INFO - Processing /home/vmac/lab3/lab3/lib/python3.10/site-packages/airflow/example_dags/example_xcom.py took 0.052 seconds
[2023-12-10 20:43:15,742] {processor.py:153} INFO - Started process (PID=13961) to work on /home/vmac/lab3/lab3/lib/python3.10/site-packages/airflow/example_dags/example_xcom.py
[2023-12-10 20:43:15,743] {processor.py:641} INFO - Processing file /home/vmac/lab3/lab3/lib/python3.10/site-packages/airflow/example_dags/example_xcom.py for tasks to queue
[2023-12-10 20:43:15,743] {logging_mixin.py:115} INFO - [2023-12-10 20:43:15,743] {dagbag.py:507} INFO - Filling up the DagBag from /home/vmac/lab3/lab3/lib/python3.10/site-packages/airflow/example_dags/example_xcom.py
[2023-12-10 20:43:15,758] {processor.py:651} INFO - DAG(s) dict_keys(['example_xcom']) retrieved from /home/vmac/lab3/lab3/lib/python3.10/site-packages/airflow/example_dags/example_xcom.py
[2023-12-10 20:43:15,768] {logging_mixin.py:115} INFO - [2023-12-10 20:43:15,768] {dag.py:2371} INFO - Sync 1 DAGs
[2023-12-10 20:43:15,779] {logging_mixin.py:115} INFO - [2023-12-10 20:43:15,779] {dag.py:2915} INFO - Setting next_dagrun for example_xcom to 2021-01-01T00:00:00+00:00, run_after=2021-01-01T00:00:00+00:00
[2023-12-10 20:43:15,788] {processor.py:161} INFO - Processing /home/vmac/lab3/lab3/lib/python3.10/site-packages/airflow/example_dags/example_xcom.py took 0.048 seconds
[2023-12-10 20:43:48,763] {processor.py:153} INFO - Started process (PID=13997) to work on /home/vmac/lab3/lab3/lib/python3.10/site-packages/airflow/example_dags/example_xcom.py
[2023-12-10 20:43:48,763] {processor.py:641} INFO - Processing file /home/vmac/lab3/lab3/lib/python3.10/site-packages/airflow/example_dags/example_xcom.py for tasks to queue
[2023-12-10 20:43:48,764] {logging_mixin.py:115} INFO - [2023-12-10 20:43:48,763] {dagbag.py:507} INFO - Filling up the DagBag from /home/vmac/lab3/lab3/lib/python3.10/site-packages/airflow/example_dags/example_xcom.py
[2023-12-10 20:43:48,814] {processor.py:651} INFO - DAG(s) dict_keys(['example_xcom']) retrieved from /home/vmac/lab3/lab3/lib/python3.10/site-packages/airflow/example_dags/example_xcom.py
[2023-12-10 20:43:48,887] {logging_mixin.py:115} INFO - [2023-12-10 20:43:48,887] {dag.py:2371} INFO - Sync 1 DAGs
[2023-12-10 20:43:48,939] {logging_mixin.py:115} INFO - [2023-12-10 20:43:48,939] {dag.py:2915} INFO - Setting next_dagrun for example_xcom to 2021-01-01T00:00:00+00:00, run_after=2021-01-01T00:00:00+00:00
[2023-12-10 20:43:48,965] {processor.py:161} INFO - Processing /home/vmac/lab3/lab3/lib/python3.10/site-packages/airflow/example_dags/example_xcom.py took 0.216 seconds
