[2023-12-10 20:35:51,506] {processor.py:153} INFO - Started process (PID=13462) to work on /home/vmac/lab3/lab3/lib/python3.10/site-packages/airflow/example_dags/example_kubernetes_executor.py
[2023-12-10 20:35:51,506] {processor.py:641} INFO - Processing file /home/vmac/lab3/lab3/lib/python3.10/site-packages/airflow/example_dags/example_kubernetes_executor.py for tasks to queue
[2023-12-10 20:35:51,506] {logging_mixin.py:115} INFO - [2023-12-10 20:35:51,506] {dagbag.py:507} INFO - Filling up the DagBag from /home/vmac/lab3/lab3/lib/python3.10/site-packages/airflow/example_dags/example_kubernetes_executor.py
[2023-12-10 20:35:51,518] {logging_mixin.py:115} INFO - [2023-12-10 20:35:51,518] {example_kubernetes_executor.py:39} WARNING - The example_kubernetes_executor example DAG requires the kubernetes provider. Please install it with: pip install apache-airflow[cncf.kubernetes]
[2023-12-10 20:35:51,518] {processor.py:653} WARNING - No viable dags retrieved from /home/vmac/lab3/lab3/lib/python3.10/site-packages/airflow/example_dags/example_kubernetes_executor.py
[2023-12-10 20:35:51,527] {processor.py:161} INFO - Processing /home/vmac/lab3/lab3/lib/python3.10/site-packages/airflow/example_dags/example_kubernetes_executor.py took 0.023 seconds
[2023-12-10 20:36:25,061] {processor.py:153} INFO - Started process (PID=13504) to work on /home/vmac/lab3/lab3/lib/python3.10/site-packages/airflow/example_dags/example_kubernetes_executor.py
[2023-12-10 20:36:25,061] {processor.py:641} INFO - Processing file /home/vmac/lab3/lab3/lib/python3.10/site-packages/airflow/example_dags/example_kubernetes_executor.py for tasks to queue
[2023-12-10 20:36:25,061] {logging_mixin.py:115} INFO - [2023-12-10 20:36:25,061] {dagbag.py:507} INFO - Filling up the DagBag from /home/vmac/lab3/lab3/lib/python3.10/site-packages/airflow/example_dags/example_kubernetes_executor.py
[2023-12-10 20:36:25,072] {logging_mixin.py:115} INFO - [2023-12-10 20:36:25,072] {example_kubernetes_executor.py:39} WARNING - The example_kubernetes_executor example DAG requires the kubernetes provider. Please install it with: pip install apache-airflow[cncf.kubernetes]
[2023-12-10 20:36:25,072] {processor.py:653} WARNING - No viable dags retrieved from /home/vmac/lab3/lab3/lib/python3.10/site-packages/airflow/example_dags/example_kubernetes_executor.py
[2023-12-10 20:36:25,081] {processor.py:161} INFO - Processing /home/vmac/lab3/lab3/lib/python3.10/site-packages/airflow/example_dags/example_kubernetes_executor.py took 0.023 seconds
[2023-12-10 20:36:58,114] {processor.py:153} INFO - Started process (PID=13541) to work on /home/vmac/lab3/lab3/lib/python3.10/site-packages/airflow/example_dags/example_kubernetes_executor.py
[2023-12-10 20:36:58,115] {processor.py:641} INFO - Processing file /home/vmac/lab3/lab3/lib/python3.10/site-packages/airflow/example_dags/example_kubernetes_executor.py for tasks to queue
[2023-12-10 20:36:58,115] {logging_mixin.py:115} INFO - [2023-12-10 20:36:58,115] {dagbag.py:507} INFO - Filling up the DagBag from /home/vmac/lab3/lab3/lib/python3.10/site-packages/airflow/example_dags/example_kubernetes_executor.py
[2023-12-10 20:36:58,127] {logging_mixin.py:115} INFO - [2023-12-10 20:36:58,127] {example_kubernetes_executor.py:39} WARNING - The example_kubernetes_executor example DAG requires the kubernetes provider. Please install it with: pip install apache-airflow[cncf.kubernetes]
[2023-12-10 20:36:58,127] {processor.py:653} WARNING - No viable dags retrieved from /home/vmac/lab3/lab3/lib/python3.10/site-packages/airflow/example_dags/example_kubernetes_executor.py
[2023-12-10 20:36:58,137] {processor.py:161} INFO - Processing /home/vmac/lab3/lab3/lib/python3.10/site-packages/airflow/example_dags/example_kubernetes_executor.py took 0.024 seconds
[2023-12-10 20:37:31,838] {processor.py:153} INFO - Started process (PID=13577) to work on /home/vmac/lab3/lab3/lib/python3.10/site-packages/airflow/example_dags/example_kubernetes_executor.py
[2023-12-10 20:37:31,838] {processor.py:641} INFO - Processing file /home/vmac/lab3/lab3/lib/python3.10/site-packages/airflow/example_dags/example_kubernetes_executor.py for tasks to queue
[2023-12-10 20:37:31,838] {logging_mixin.py:115} INFO - [2023-12-10 20:37:31,838] {dagbag.py:507} INFO - Filling up the DagBag from /home/vmac/lab3/lab3/lib/python3.10/site-packages/airflow/example_dags/example_kubernetes_executor.py
[2023-12-10 20:37:31,849] {logging_mixin.py:115} INFO - [2023-12-10 20:37:31,849] {example_kubernetes_executor.py:39} WARNING - The example_kubernetes_executor example DAG requires the kubernetes provider. Please install it with: pip install apache-airflow[cncf.kubernetes]
[2023-12-10 20:37:31,849] {processor.py:653} WARNING - No viable dags retrieved from /home/vmac/lab3/lab3/lib/python3.10/site-packages/airflow/example_dags/example_kubernetes_executor.py
[2023-12-10 20:37:31,858] {processor.py:161} INFO - Processing /home/vmac/lab3/lab3/lib/python3.10/site-packages/airflow/example_dags/example_kubernetes_executor.py took 0.023 seconds
[2023-12-10 20:38:06,408] {processor.py:153} INFO - Started process (PID=13613) to work on /home/vmac/lab3/lab3/lib/python3.10/site-packages/airflow/example_dags/example_kubernetes_executor.py
[2023-12-10 20:38:06,409] {processor.py:641} INFO - Processing file /home/vmac/lab3/lab3/lib/python3.10/site-packages/airflow/example_dags/example_kubernetes_executor.py for tasks to queue
[2023-12-10 20:38:06,409] {logging_mixin.py:115} INFO - [2023-12-10 20:38:06,409] {dagbag.py:507} INFO - Filling up the DagBag from /home/vmac/lab3/lab3/lib/python3.10/site-packages/airflow/example_dags/example_kubernetes_executor.py
[2023-12-10 20:38:06,419] {logging_mixin.py:115} INFO - [2023-12-10 20:38:06,419] {example_kubernetes_executor.py:39} WARNING - The example_kubernetes_executor example DAG requires the kubernetes provider. Please install it with: pip install apache-airflow[cncf.kubernetes]
[2023-12-10 20:38:06,419] {processor.py:653} WARNING - No viable dags retrieved from /home/vmac/lab3/lab3/lib/python3.10/site-packages/airflow/example_dags/example_kubernetes_executor.py
[2023-12-10 20:38:06,428] {processor.py:161} INFO - Processing /home/vmac/lab3/lab3/lib/python3.10/site-packages/airflow/example_dags/example_kubernetes_executor.py took 0.022 seconds
[2023-12-10 20:38:38,681] {processor.py:153} INFO - Started process (PID=13659) to work on /home/vmac/lab3/lab3/lib/python3.10/site-packages/airflow/example_dags/example_kubernetes_executor.py
[2023-12-10 20:38:38,681] {processor.py:641} INFO - Processing file /home/vmac/lab3/lab3/lib/python3.10/site-packages/airflow/example_dags/example_kubernetes_executor.py for tasks to queue
[2023-12-10 20:38:38,682] {logging_mixin.py:115} INFO - [2023-12-10 20:38:38,681] {dagbag.py:507} INFO - Filling up the DagBag from /home/vmac/lab3/lab3/lib/python3.10/site-packages/airflow/example_dags/example_kubernetes_executor.py
[2023-12-10 20:38:38,692] {logging_mixin.py:115} INFO - [2023-12-10 20:38:38,692] {example_kubernetes_executor.py:39} WARNING - The example_kubernetes_executor example DAG requires the kubernetes provider. Please install it with: pip install apache-airflow[cncf.kubernetes]
[2023-12-10 20:38:38,692] {processor.py:653} WARNING - No viable dags retrieved from /home/vmac/lab3/lab3/lib/python3.10/site-packages/airflow/example_dags/example_kubernetes_executor.py
[2023-12-10 20:38:38,701] {processor.py:161} INFO - Processing /home/vmac/lab3/lab3/lib/python3.10/site-packages/airflow/example_dags/example_kubernetes_executor.py took 0.023 seconds
[2023-12-10 20:39:13,315] {processor.py:153} INFO - Started process (PID=13696) to work on /home/vmac/lab3/lab3/lib/python3.10/site-packages/airflow/example_dags/example_kubernetes_executor.py
[2023-12-10 20:39:13,315] {processor.py:641} INFO - Processing file /home/vmac/lab3/lab3/lib/python3.10/site-packages/airflow/example_dags/example_kubernetes_executor.py for tasks to queue
[2023-12-10 20:39:13,315] {logging_mixin.py:115} INFO - [2023-12-10 20:39:13,315] {dagbag.py:507} INFO - Filling up the DagBag from /home/vmac/lab3/lab3/lib/python3.10/site-packages/airflow/example_dags/example_kubernetes_executor.py
[2023-12-10 20:39:13,325] {logging_mixin.py:115} INFO - [2023-12-10 20:39:13,325] {example_kubernetes_executor.py:39} WARNING - The example_kubernetes_executor example DAG requires the kubernetes provider. Please install it with: pip install apache-airflow[cncf.kubernetes]
[2023-12-10 20:39:13,325] {processor.py:653} WARNING - No viable dags retrieved from /home/vmac/lab3/lab3/lib/python3.10/site-packages/airflow/example_dags/example_kubernetes_executor.py
[2023-12-10 20:39:13,334] {processor.py:161} INFO - Processing /home/vmac/lab3/lab3/lib/python3.10/site-packages/airflow/example_dags/example_kubernetes_executor.py took 0.021 seconds
[2023-12-10 20:39:46,500] {processor.py:153} INFO - Started process (PID=13731) to work on /home/vmac/lab3/lab3/lib/python3.10/site-packages/airflow/example_dags/example_kubernetes_executor.py
[2023-12-10 20:39:46,500] {processor.py:641} INFO - Processing file /home/vmac/lab3/lab3/lib/python3.10/site-packages/airflow/example_dags/example_kubernetes_executor.py for tasks to queue
[2023-12-10 20:39:46,501] {logging_mixin.py:115} INFO - [2023-12-10 20:39:46,500] {dagbag.py:507} INFO - Filling up the DagBag from /home/vmac/lab3/lab3/lib/python3.10/site-packages/airflow/example_dags/example_kubernetes_executor.py
[2023-12-10 20:39:46,510] {logging_mixin.py:115} INFO - [2023-12-10 20:39:46,510] {example_kubernetes_executor.py:39} WARNING - The example_kubernetes_executor example DAG requires the kubernetes provider. Please install it with: pip install apache-airflow[cncf.kubernetes]
[2023-12-10 20:39:46,510] {processor.py:653} WARNING - No viable dags retrieved from /home/vmac/lab3/lab3/lib/python3.10/site-packages/airflow/example_dags/example_kubernetes_executor.py
[2023-12-10 20:39:46,519] {processor.py:161} INFO - Processing /home/vmac/lab3/lab3/lib/python3.10/site-packages/airflow/example_dags/example_kubernetes_executor.py took 0.021 seconds
[2023-12-10 20:40:19,813] {processor.py:153} INFO - Started process (PID=13766) to work on /home/vmac/lab3/lab3/lib/python3.10/site-packages/airflow/example_dags/example_kubernetes_executor.py
[2023-12-10 20:40:19,814] {processor.py:641} INFO - Processing file /home/vmac/lab3/lab3/lib/python3.10/site-packages/airflow/example_dags/example_kubernetes_executor.py for tasks to queue
[2023-12-10 20:40:19,814] {logging_mixin.py:115} INFO - [2023-12-10 20:40:19,814] {dagbag.py:507} INFO - Filling up the DagBag from /home/vmac/lab3/lab3/lib/python3.10/site-packages/airflow/example_dags/example_kubernetes_executor.py
[2023-12-10 20:40:19,824] {logging_mixin.py:115} INFO - [2023-12-10 20:40:19,824] {example_kubernetes_executor.py:39} WARNING - The example_kubernetes_executor example DAG requires the kubernetes provider. Please install it with: pip install apache-airflow[cncf.kubernetes]
[2023-12-10 20:40:19,824] {processor.py:653} WARNING - No viable dags retrieved from /home/vmac/lab3/lab3/lib/python3.10/site-packages/airflow/example_dags/example_kubernetes_executor.py
[2023-12-10 20:40:19,833] {processor.py:161} INFO - Processing /home/vmac/lab3/lab3/lib/python3.10/site-packages/airflow/example_dags/example_kubernetes_executor.py took 0.022 seconds
[2023-12-10 20:40:52,955] {processor.py:153} INFO - Started process (PID=13809) to work on /home/vmac/lab3/lab3/lib/python3.10/site-packages/airflow/example_dags/example_kubernetes_executor.py
[2023-12-10 20:40:52,956] {processor.py:641} INFO - Processing file /home/vmac/lab3/lab3/lib/python3.10/site-packages/airflow/example_dags/example_kubernetes_executor.py for tasks to queue
[2023-12-10 20:40:52,956] {logging_mixin.py:115} INFO - [2023-12-10 20:40:52,956] {dagbag.py:507} INFO - Filling up the DagBag from /home/vmac/lab3/lab3/lib/python3.10/site-packages/airflow/example_dags/example_kubernetes_executor.py
[2023-12-10 20:40:52,968] {logging_mixin.py:115} INFO - [2023-12-10 20:40:52,968] {example_kubernetes_executor.py:39} WARNING - The example_kubernetes_executor example DAG requires the kubernetes provider. Please install it with: pip install apache-airflow[cncf.kubernetes]
[2023-12-10 20:40:52,968] {processor.py:653} WARNING - No viable dags retrieved from /home/vmac/lab3/lab3/lib/python3.10/site-packages/airflow/example_dags/example_kubernetes_executor.py
[2023-12-10 20:40:52,975] {processor.py:161} INFO - Processing /home/vmac/lab3/lab3/lib/python3.10/site-packages/airflow/example_dags/example_kubernetes_executor.py took 0.021 seconds
[2023-12-10 20:41:25,246] {processor.py:153} INFO - Started process (PID=13844) to work on /home/vmac/lab3/lab3/lib/python3.10/site-packages/airflow/example_dags/example_kubernetes_executor.py
[2023-12-10 20:41:25,246] {processor.py:641} INFO - Processing file /home/vmac/lab3/lab3/lib/python3.10/site-packages/airflow/example_dags/example_kubernetes_executor.py for tasks to queue
[2023-12-10 20:41:25,247] {logging_mixin.py:115} INFO - [2023-12-10 20:41:25,247] {dagbag.py:507} INFO - Filling up the DagBag from /home/vmac/lab3/lab3/lib/python3.10/site-packages/airflow/example_dags/example_kubernetes_executor.py
[2023-12-10 20:41:25,259] {logging_mixin.py:115} INFO - [2023-12-10 20:41:25,259] {example_kubernetes_executor.py:39} WARNING - The example_kubernetes_executor example DAG requires the kubernetes provider. Please install it with: pip install apache-airflow[cncf.kubernetes]
[2023-12-10 20:41:25,259] {processor.py:653} WARNING - No viable dags retrieved from /home/vmac/lab3/lab3/lib/python3.10/site-packages/airflow/example_dags/example_kubernetes_executor.py
[2023-12-10 20:41:25,265] {processor.py:161} INFO - Processing /home/vmac/lab3/lab3/lib/python3.10/site-packages/airflow/example_dags/example_kubernetes_executor.py took 0.021 seconds
[2023-12-10 20:41:58,470] {processor.py:153} INFO - Started process (PID=13879) to work on /home/vmac/lab3/lab3/lib/python3.10/site-packages/airflow/example_dags/example_kubernetes_executor.py
[2023-12-10 20:41:58,471] {processor.py:641} INFO - Processing file /home/vmac/lab3/lab3/lib/python3.10/site-packages/airflow/example_dags/example_kubernetes_executor.py for tasks to queue
[2023-12-10 20:41:58,471] {logging_mixin.py:115} INFO - [2023-12-10 20:41:58,471] {dagbag.py:507} INFO - Filling up the DagBag from /home/vmac/lab3/lab3/lib/python3.10/site-packages/airflow/example_dags/example_kubernetes_executor.py
[2023-12-10 20:41:58,486] {logging_mixin.py:115} INFO - [2023-12-10 20:41:58,486] {example_kubernetes_executor.py:39} WARNING - The example_kubernetes_executor example DAG requires the kubernetes provider. Please install it with: pip install apache-airflow[cncf.kubernetes]
[2023-12-10 20:41:58,487] {processor.py:653} WARNING - No viable dags retrieved from /home/vmac/lab3/lab3/lib/python3.10/site-packages/airflow/example_dags/example_kubernetes_executor.py
[2023-12-10 20:41:58,494] {processor.py:161} INFO - Processing /home/vmac/lab3/lab3/lib/python3.10/site-packages/airflow/example_dags/example_kubernetes_executor.py took 0.026 seconds
[2023-12-10 20:42:32,987] {processor.py:153} INFO - Started process (PID=13915) to work on /home/vmac/lab3/lab3/lib/python3.10/site-packages/airflow/example_dags/example_kubernetes_executor.py
[2023-12-10 20:42:32,987] {processor.py:641} INFO - Processing file /home/vmac/lab3/lab3/lib/python3.10/site-packages/airflow/example_dags/example_kubernetes_executor.py for tasks to queue
[2023-12-10 20:42:32,988] {logging_mixin.py:115} INFO - [2023-12-10 20:42:32,988] {dagbag.py:507} INFO - Filling up the DagBag from /home/vmac/lab3/lab3/lib/python3.10/site-packages/airflow/example_dags/example_kubernetes_executor.py
[2023-12-10 20:42:33,000] {logging_mixin.py:115} INFO - [2023-12-10 20:42:33,000] {example_kubernetes_executor.py:39} WARNING - The example_kubernetes_executor example DAG requires the kubernetes provider. Please install it with: pip install apache-airflow[cncf.kubernetes]
[2023-12-10 20:42:33,000] {processor.py:653} WARNING - No viable dags retrieved from /home/vmac/lab3/lab3/lib/python3.10/site-packages/airflow/example_dags/example_kubernetes_executor.py
[2023-12-10 20:42:33,006] {processor.py:161} INFO - Processing /home/vmac/lab3/lab3/lib/python3.10/site-packages/airflow/example_dags/example_kubernetes_executor.py took 0.021 seconds
[2023-12-10 20:43:07,726] {processor.py:153} INFO - Started process (PID=13952) to work on /home/vmac/lab3/lab3/lib/python3.10/site-packages/airflow/example_dags/example_kubernetes_executor.py
[2023-12-10 20:43:07,726] {processor.py:641} INFO - Processing file /home/vmac/lab3/lab3/lib/python3.10/site-packages/airflow/example_dags/example_kubernetes_executor.py for tasks to queue
[2023-12-10 20:43:07,726] {logging_mixin.py:115} INFO - [2023-12-10 20:43:07,726] {dagbag.py:507} INFO - Filling up the DagBag from /home/vmac/lab3/lab3/lib/python3.10/site-packages/airflow/example_dags/example_kubernetes_executor.py
[2023-12-10 20:43:07,742] {logging_mixin.py:115} INFO - [2023-12-10 20:43:07,742] {example_kubernetes_executor.py:39} WARNING - The example_kubernetes_executor example DAG requires the kubernetes provider. Please install it with: pip install apache-airflow[cncf.kubernetes]
[2023-12-10 20:43:07,742] {processor.py:653} WARNING - No viable dags retrieved from /home/vmac/lab3/lab3/lib/python3.10/site-packages/airflow/example_dags/example_kubernetes_executor.py
[2023-12-10 20:43:07,749] {processor.py:161} INFO - Processing /home/vmac/lab3/lab3/lib/python3.10/site-packages/airflow/example_dags/example_kubernetes_executor.py took 0.025 seconds
[2023-12-10 20:43:39,743] {processor.py:153} INFO - Started process (PID=13988) to work on /home/vmac/lab3/lab3/lib/python3.10/site-packages/airflow/example_dags/example_kubernetes_executor.py
[2023-12-10 20:43:39,743] {processor.py:641} INFO - Processing file /home/vmac/lab3/lab3/lib/python3.10/site-packages/airflow/example_dags/example_kubernetes_executor.py for tasks to queue
[2023-12-10 20:43:39,744] {logging_mixin.py:115} INFO - [2023-12-10 20:43:39,743] {dagbag.py:507} INFO - Filling up the DagBag from /home/vmac/lab3/lab3/lib/python3.10/site-packages/airflow/example_dags/example_kubernetes_executor.py
[2023-12-10 20:43:39,756] {logging_mixin.py:115} INFO - [2023-12-10 20:43:39,756] {example_kubernetes_executor.py:39} WARNING - The example_kubernetes_executor example DAG requires the kubernetes provider. Please install it with: pip install apache-airflow[cncf.kubernetes]
[2023-12-10 20:43:39,756] {processor.py:653} WARNING - No viable dags retrieved from /home/vmac/lab3/lab3/lib/python3.10/site-packages/airflow/example_dags/example_kubernetes_executor.py
[2023-12-10 20:43:39,762] {processor.py:161} INFO - Processing /home/vmac/lab3/lab3/lib/python3.10/site-packages/airflow/example_dags/example_kubernetes_executor.py took 0.022 seconds
[2023-12-10 20:44:12,887] {processor.py:153} INFO - Started process (PID=14034) to work on /home/vmac/lab3/lab3/lib/python3.10/site-packages/airflow/example_dags/example_kubernetes_executor.py
[2023-12-10 20:44:12,892] {processor.py:641} INFO - Processing file /home/vmac/lab3/lab3/lib/python3.10/site-packages/airflow/example_dags/example_kubernetes_executor.py for tasks to queue
[2023-12-10 20:44:12,892] {logging_mixin.py:115} INFO - [2023-12-10 20:44:12,892] {dagbag.py:507} INFO - Filling up the DagBag from /home/vmac/lab3/lab3/lib/python3.10/site-packages/airflow/example_dags/example_kubernetes_executor.py
[2023-12-10 20:44:12,907] {logging_mixin.py:115} INFO - [2023-12-10 20:44:12,907] {example_kubernetes_executor.py:39} WARNING - The example_kubernetes_executor example DAG requires the kubernetes provider. Please install it with: pip install apache-airflow[cncf.kubernetes]
[2023-12-10 20:44:12,907] {processor.py:653} WARNING - No viable dags retrieved from /home/vmac/lab3/lab3/lib/python3.10/site-packages/airflow/example_dags/example_kubernetes_executor.py
[2023-12-10 20:44:12,916] {processor.py:161} INFO - Processing /home/vmac/lab3/lab3/lib/python3.10/site-packages/airflow/example_dags/example_kubernetes_executor.py took 0.032 seconds
