[2023-12-10 20:35:34,667] {processor.py:153} INFO - Started process (PID=13446) to work on /home/vmac/lab3/lab3/lib/python3.10/site-packages/airflow/example_dags/example_branch_operator_decorator.py
[2023-12-10 20:35:34,667] {processor.py:641} INFO - Processing file /home/vmac/lab3/lab3/lib/python3.10/site-packages/airflow/example_dags/example_branch_operator_decorator.py for tasks to queue
[2023-12-10 20:35:34,668] {logging_mixin.py:115} INFO - [2023-12-10 20:35:34,668] {dagbag.py:507} INFO - Filling up the DagBag from /home/vmac/lab3/lab3/lib/python3.10/site-packages/airflow/example_dags/example_branch_operator_decorator.py
[2023-12-10 20:35:34,683] {processor.py:651} INFO - DAG(s) dict_keys(['example_branch_python_operator_decorator']) retrieved from /home/vmac/lab3/lab3/lib/python3.10/site-packages/airflow/example_dags/example_branch_operator_decorator.py
[2023-12-10 20:35:34,726] {logging_mixin.py:115} INFO - [2023-12-10 20:35:34,726] {manager.py:508} INFO - Created Permission View: can edit on DAG:example_branch_python_operator_decorator
[2023-12-10 20:35:34,733] {logging_mixin.py:115} INFO - [2023-12-10 20:35:34,733] {manager.py:508} INFO - Created Permission View: can read on DAG:example_branch_python_operator_decorator
[2023-12-10 20:35:34,738] {logging_mixin.py:115} INFO - [2023-12-10 20:35:34,738] {manager.py:508} INFO - Created Permission View: can delete on DAG:example_branch_python_operator_decorator
[2023-12-10 20:35:34,739] {logging_mixin.py:115} INFO - [2023-12-10 20:35:34,738] {dag.py:2371} INFO - Sync 1 DAGs
[2023-12-10 20:35:34,743] {logging_mixin.py:115} INFO - [2023-12-10 20:35:34,743] {dag.py:2390} INFO - Creating ORM DAG for example_branch_python_operator_decorator
[2023-12-10 20:35:34,752] {logging_mixin.py:115} INFO - [2023-12-10 20:35:34,752] {dag.py:2915} INFO - Setting next_dagrun for example_branch_python_operator_decorator to 2023-12-09T00:00:00+00:00, run_after=2023-12-10T00:00:00+00:00
[2023-12-10 20:35:34,763] {processor.py:161} INFO - Processing /home/vmac/lab3/lab3/lib/python3.10/site-packages/airflow/example_dags/example_branch_operator_decorator.py took 0.098 seconds
[2023-12-10 20:36:09,623] {processor.py:153} INFO - Started process (PID=13488) to work on /home/vmac/lab3/lab3/lib/python3.10/site-packages/airflow/example_dags/example_branch_operator_decorator.py
[2023-12-10 20:36:09,623] {processor.py:641} INFO - Processing file /home/vmac/lab3/lab3/lib/python3.10/site-packages/airflow/example_dags/example_branch_operator_decorator.py for tasks to queue
[2023-12-10 20:36:09,623] {logging_mixin.py:115} INFO - [2023-12-10 20:36:09,623] {dagbag.py:507} INFO - Filling up the DagBag from /home/vmac/lab3/lab3/lib/python3.10/site-packages/airflow/example_dags/example_branch_operator_decorator.py
[2023-12-10 20:36:09,641] {processor.py:651} INFO - DAG(s) dict_keys(['example_branch_python_operator_decorator']) retrieved from /home/vmac/lab3/lab3/lib/python3.10/site-packages/airflow/example_dags/example_branch_operator_decorator.py
[2023-12-10 20:36:09,655] {logging_mixin.py:115} INFO - [2023-12-10 20:36:09,655] {dag.py:2371} INFO - Sync 1 DAGs
[2023-12-10 20:36:09,669] {logging_mixin.py:115} INFO - [2023-12-10 20:36:09,669] {dag.py:2915} INFO - Setting next_dagrun for example_branch_python_operator_decorator to 2023-12-09T00:00:00+00:00, run_after=2023-12-10T00:00:00+00:00
[2023-12-10 20:36:09,682] {processor.py:161} INFO - Processing /home/vmac/lab3/lab3/lib/python3.10/site-packages/airflow/example_dags/example_branch_operator_decorator.py took 0.061 seconds
[2023-12-10 20:36:43,084] {processor.py:153} INFO - Started process (PID=13525) to work on /home/vmac/lab3/lab3/lib/python3.10/site-packages/airflow/example_dags/example_branch_operator_decorator.py
[2023-12-10 20:36:43,085] {processor.py:641} INFO - Processing file /home/vmac/lab3/lab3/lib/python3.10/site-packages/airflow/example_dags/example_branch_operator_decorator.py for tasks to queue
[2023-12-10 20:36:43,085] {logging_mixin.py:115} INFO - [2023-12-10 20:36:43,085] {dagbag.py:507} INFO - Filling up the DagBag from /home/vmac/lab3/lab3/lib/python3.10/site-packages/airflow/example_dags/example_branch_operator_decorator.py
[2023-12-10 20:36:43,102] {processor.py:651} INFO - DAG(s) dict_keys(['example_branch_python_operator_decorator']) retrieved from /home/vmac/lab3/lab3/lib/python3.10/site-packages/airflow/example_dags/example_branch_operator_decorator.py
[2023-12-10 20:36:43,113] {logging_mixin.py:115} INFO - [2023-12-10 20:36:43,113] {dag.py:2371} INFO - Sync 1 DAGs
[2023-12-10 20:36:43,125] {logging_mixin.py:115} INFO - [2023-12-10 20:36:43,125] {dag.py:2915} INFO - Setting next_dagrun for example_branch_python_operator_decorator to 2023-12-09T00:00:00+00:00, run_after=2023-12-10T00:00:00+00:00
[2023-12-10 20:36:43,135] {processor.py:161} INFO - Processing /home/vmac/lab3/lab3/lib/python3.10/site-packages/airflow/example_dags/example_branch_operator_decorator.py took 0.053 seconds
[2023-12-10 20:37:16,388] {processor.py:153} INFO - Started process (PID=13561) to work on /home/vmac/lab3/lab3/lib/python3.10/site-packages/airflow/example_dags/example_branch_operator_decorator.py
[2023-12-10 20:37:16,389] {processor.py:641} INFO - Processing file /home/vmac/lab3/lab3/lib/python3.10/site-packages/airflow/example_dags/example_branch_operator_decorator.py for tasks to queue
[2023-12-10 20:37:16,389] {logging_mixin.py:115} INFO - [2023-12-10 20:37:16,389] {dagbag.py:507} INFO - Filling up the DagBag from /home/vmac/lab3/lab3/lib/python3.10/site-packages/airflow/example_dags/example_branch_operator_decorator.py
[2023-12-10 20:37:16,405] {processor.py:651} INFO - DAG(s) dict_keys(['example_branch_python_operator_decorator']) retrieved from /home/vmac/lab3/lab3/lib/python3.10/site-packages/airflow/example_dags/example_branch_operator_decorator.py
[2023-12-10 20:37:16,416] {logging_mixin.py:115} INFO - [2023-12-10 20:37:16,416] {dag.py:2371} INFO - Sync 1 DAGs
[2023-12-10 20:37:16,430] {logging_mixin.py:115} INFO - [2023-12-10 20:37:16,430] {dag.py:2915} INFO - Setting next_dagrun for example_branch_python_operator_decorator to 2023-12-09T00:00:00+00:00, run_after=2023-12-10T00:00:00+00:00
[2023-12-10 20:37:16,459] {processor.py:161} INFO - Processing /home/vmac/lab3/lab3/lib/python3.10/site-packages/airflow/example_dags/example_branch_operator_decorator.py took 0.072 seconds
[2023-12-10 20:37:50,602] {processor.py:153} INFO - Started process (PID=13596) to work on /home/vmac/lab3/lab3/lib/python3.10/site-packages/airflow/example_dags/example_branch_operator_decorator.py
[2023-12-10 20:37:50,602] {processor.py:641} INFO - Processing file /home/vmac/lab3/lab3/lib/python3.10/site-packages/airflow/example_dags/example_branch_operator_decorator.py for tasks to queue
[2023-12-10 20:37:50,603] {logging_mixin.py:115} INFO - [2023-12-10 20:37:50,603] {dagbag.py:507} INFO - Filling up the DagBag from /home/vmac/lab3/lab3/lib/python3.10/site-packages/airflow/example_dags/example_branch_operator_decorator.py
[2023-12-10 20:37:50,619] {processor.py:651} INFO - DAG(s) dict_keys(['example_branch_python_operator_decorator']) retrieved from /home/vmac/lab3/lab3/lib/python3.10/site-packages/airflow/example_dags/example_branch_operator_decorator.py
[2023-12-10 20:37:50,630] {logging_mixin.py:115} INFO - [2023-12-10 20:37:50,630] {dag.py:2371} INFO - Sync 1 DAGs
[2023-12-10 20:37:50,642] {logging_mixin.py:115} INFO - [2023-12-10 20:37:50,642] {dag.py:2915} INFO - Setting next_dagrun for example_branch_python_operator_decorator to 2023-12-09T00:00:00+00:00, run_after=2023-12-10T00:00:00+00:00
[2023-12-10 20:37:50,665] {processor.py:161} INFO - Processing /home/vmac/lab3/lab3/lib/python3.10/site-packages/airflow/example_dags/example_branch_operator_decorator.py took 0.065 seconds
[2023-12-10 20:38:23,544] {processor.py:153} INFO - Started process (PID=13631) to work on /home/vmac/lab3/lab3/lib/python3.10/site-packages/airflow/example_dags/example_branch_operator_decorator.py
[2023-12-10 20:38:23,545] {processor.py:641} INFO - Processing file /home/vmac/lab3/lab3/lib/python3.10/site-packages/airflow/example_dags/example_branch_operator_decorator.py for tasks to queue
[2023-12-10 20:38:23,545] {logging_mixin.py:115} INFO - [2023-12-10 20:38:23,545] {dagbag.py:507} INFO - Filling up the DagBag from /home/vmac/lab3/lab3/lib/python3.10/site-packages/airflow/example_dags/example_branch_operator_decorator.py
[2023-12-10 20:38:23,563] {processor.py:651} INFO - DAG(s) dict_keys(['example_branch_python_operator_decorator']) retrieved from /home/vmac/lab3/lab3/lib/python3.10/site-packages/airflow/example_dags/example_branch_operator_decorator.py
[2023-12-10 20:38:23,574] {logging_mixin.py:115} INFO - [2023-12-10 20:38:23,574] {dag.py:2371} INFO - Sync 1 DAGs
[2023-12-10 20:38:23,589] {logging_mixin.py:115} INFO - [2023-12-10 20:38:23,589] {dag.py:2915} INFO - Setting next_dagrun for example_branch_python_operator_decorator to 2023-12-09T00:00:00+00:00, run_after=2023-12-10T00:00:00+00:00
[2023-12-10 20:38:23,599] {processor.py:161} INFO - Processing /home/vmac/lab3/lab3/lib/python3.10/site-packages/airflow/example_dags/example_branch_operator_decorator.py took 0.056 seconds
[2023-12-10 20:38:56,957] {processor.py:153} INFO - Started process (PID=13679) to work on /home/vmac/lab3/lab3/lib/python3.10/site-packages/airflow/example_dags/example_branch_operator_decorator.py
[2023-12-10 20:38:56,957] {processor.py:641} INFO - Processing file /home/vmac/lab3/lab3/lib/python3.10/site-packages/airflow/example_dags/example_branch_operator_decorator.py for tasks to queue
[2023-12-10 20:38:56,957] {logging_mixin.py:115} INFO - [2023-12-10 20:38:56,957] {dagbag.py:507} INFO - Filling up the DagBag from /home/vmac/lab3/lab3/lib/python3.10/site-packages/airflow/example_dags/example_branch_operator_decorator.py
[2023-12-10 20:38:56,974] {processor.py:651} INFO - DAG(s) dict_keys(['example_branch_python_operator_decorator']) retrieved from /home/vmac/lab3/lab3/lib/python3.10/site-packages/airflow/example_dags/example_branch_operator_decorator.py
[2023-12-10 20:38:56,985] {logging_mixin.py:115} INFO - [2023-12-10 20:38:56,985] {dag.py:2371} INFO - Sync 1 DAGs
[2023-12-10 20:38:56,997] {logging_mixin.py:115} INFO - [2023-12-10 20:38:56,997] {dag.py:2915} INFO - Setting next_dagrun for example_branch_python_operator_decorator to 2023-12-09T00:00:00+00:00, run_after=2023-12-10T00:00:00+00:00
[2023-12-10 20:38:57,006] {processor.py:161} INFO - Processing /home/vmac/lab3/lab3/lib/python3.10/site-packages/airflow/example_dags/example_branch_operator_decorator.py took 0.051 seconds
[2023-12-10 20:39:31,948] {processor.py:153} INFO - Started process (PID=13715) to work on /home/vmac/lab3/lab3/lib/python3.10/site-packages/airflow/example_dags/example_branch_operator_decorator.py
[2023-12-10 20:39:31,948] {processor.py:641} INFO - Processing file /home/vmac/lab3/lab3/lib/python3.10/site-packages/airflow/example_dags/example_branch_operator_decorator.py for tasks to queue
[2023-12-10 20:39:31,949] {logging_mixin.py:115} INFO - [2023-12-10 20:39:31,949] {dagbag.py:507} INFO - Filling up the DagBag from /home/vmac/lab3/lab3/lib/python3.10/site-packages/airflow/example_dags/example_branch_operator_decorator.py
[2023-12-10 20:39:31,964] {processor.py:651} INFO - DAG(s) dict_keys(['example_branch_python_operator_decorator']) retrieved from /home/vmac/lab3/lab3/lib/python3.10/site-packages/airflow/example_dags/example_branch_operator_decorator.py
[2023-12-10 20:39:31,975] {logging_mixin.py:115} INFO - [2023-12-10 20:39:31,975] {dag.py:2371} INFO - Sync 1 DAGs
[2023-12-10 20:39:31,987] {logging_mixin.py:115} INFO - [2023-12-10 20:39:31,987] {dag.py:2915} INFO - Setting next_dagrun for example_branch_python_operator_decorator to 2023-12-09T00:00:00+00:00, run_after=2023-12-10T00:00:00+00:00
[2023-12-10 20:39:32,005] {processor.py:161} INFO - Processing /home/vmac/lab3/lab3/lib/python3.10/site-packages/airflow/example_dags/example_branch_operator_decorator.py took 0.059 seconds
[2023-12-10 20:40:03,903] {processor.py:153} INFO - Started process (PID=13750) to work on /home/vmac/lab3/lab3/lib/python3.10/site-packages/airflow/example_dags/example_branch_operator_decorator.py
[2023-12-10 20:40:03,903] {processor.py:641} INFO - Processing file /home/vmac/lab3/lab3/lib/python3.10/site-packages/airflow/example_dags/example_branch_operator_decorator.py for tasks to queue
[2023-12-10 20:40:03,903] {logging_mixin.py:115} INFO - [2023-12-10 20:40:03,903] {dagbag.py:507} INFO - Filling up the DagBag from /home/vmac/lab3/lab3/lib/python3.10/site-packages/airflow/example_dags/example_branch_operator_decorator.py
[2023-12-10 20:40:03,920] {processor.py:651} INFO - DAG(s) dict_keys(['example_branch_python_operator_decorator']) retrieved from /home/vmac/lab3/lab3/lib/python3.10/site-packages/airflow/example_dags/example_branch_operator_decorator.py
[2023-12-10 20:40:03,932] {logging_mixin.py:115} INFO - [2023-12-10 20:40:03,931] {dag.py:2371} INFO - Sync 1 DAGs
[2023-12-10 20:40:03,944] {logging_mixin.py:115} INFO - [2023-12-10 20:40:03,943] {dag.py:2915} INFO - Setting next_dagrun for example_branch_python_operator_decorator to 2023-12-09T00:00:00+00:00, run_after=2023-12-10T00:00:00+00:00
[2023-12-10 20:40:04,003] {processor.py:161} INFO - Processing /home/vmac/lab3/lab3/lib/python3.10/site-packages/airflow/example_dags/example_branch_operator_decorator.py took 0.103 seconds
[2023-12-10 20:40:37,172] {processor.py:153} INFO - Started process (PID=13793) to work on /home/vmac/lab3/lab3/lib/python3.10/site-packages/airflow/example_dags/example_branch_operator_decorator.py
[2023-12-10 20:40:37,172] {processor.py:641} INFO - Processing file /home/vmac/lab3/lab3/lib/python3.10/site-packages/airflow/example_dags/example_branch_operator_decorator.py for tasks to queue
[2023-12-10 20:40:37,172] {logging_mixin.py:115} INFO - [2023-12-10 20:40:37,172] {dagbag.py:507} INFO - Filling up the DagBag from /home/vmac/lab3/lab3/lib/python3.10/site-packages/airflow/example_dags/example_branch_operator_decorator.py
[2023-12-10 20:40:37,192] {processor.py:651} INFO - DAG(s) dict_keys(['example_branch_python_operator_decorator']) retrieved from /home/vmac/lab3/lab3/lib/python3.10/site-packages/airflow/example_dags/example_branch_operator_decorator.py
[2023-12-10 20:40:37,204] {logging_mixin.py:115} INFO - [2023-12-10 20:40:37,204] {dag.py:2371} INFO - Sync 1 DAGs
[2023-12-10 20:40:37,222] {logging_mixin.py:115} INFO - [2023-12-10 20:40:37,221] {dag.py:2915} INFO - Setting next_dagrun for example_branch_python_operator_decorator to 2023-12-09T00:00:00+00:00, run_after=2023-12-10T00:00:00+00:00
[2023-12-10 20:40:37,231] {processor.py:161} INFO - Processing /home/vmac/lab3/lab3/lib/python3.10/site-packages/airflow/example_dags/example_branch_operator_decorator.py took 0.061 seconds
[2023-12-10 20:41:09,929] {processor.py:153} INFO - Started process (PID=13827) to work on /home/vmac/lab3/lab3/lib/python3.10/site-packages/airflow/example_dags/example_branch_operator_decorator.py
[2023-12-10 20:41:09,929] {processor.py:641} INFO - Processing file /home/vmac/lab3/lab3/lib/python3.10/site-packages/airflow/example_dags/example_branch_operator_decorator.py for tasks to queue
[2023-12-10 20:41:09,929] {logging_mixin.py:115} INFO - [2023-12-10 20:41:09,929] {dagbag.py:507} INFO - Filling up the DagBag from /home/vmac/lab3/lab3/lib/python3.10/site-packages/airflow/example_dags/example_branch_operator_decorator.py
[2023-12-10 20:41:09,945] {processor.py:651} INFO - DAG(s) dict_keys(['example_branch_python_operator_decorator']) retrieved from /home/vmac/lab3/lab3/lib/python3.10/site-packages/airflow/example_dags/example_branch_operator_decorator.py
[2023-12-10 20:41:09,956] {logging_mixin.py:115} INFO - [2023-12-10 20:41:09,956] {dag.py:2371} INFO - Sync 1 DAGs
[2023-12-10 20:41:09,969] {logging_mixin.py:115} INFO - [2023-12-10 20:41:09,969] {dag.py:2915} INFO - Setting next_dagrun for example_branch_python_operator_decorator to 2023-12-09T00:00:00+00:00, run_after=2023-12-10T00:00:00+00:00
[2023-12-10 20:41:09,979] {processor.py:161} INFO - Processing /home/vmac/lab3/lab3/lib/python3.10/site-packages/airflow/example_dags/example_branch_operator_decorator.py took 0.053 seconds
[2023-12-10 20:41:43,180] {processor.py:153} INFO - Started process (PID=13862) to work on /home/vmac/lab3/lab3/lib/python3.10/site-packages/airflow/example_dags/example_branch_operator_decorator.py
[2023-12-10 20:41:43,181] {processor.py:641} INFO - Processing file /home/vmac/lab3/lab3/lib/python3.10/site-packages/airflow/example_dags/example_branch_operator_decorator.py for tasks to queue
[2023-12-10 20:41:43,181] {logging_mixin.py:115} INFO - [2023-12-10 20:41:43,181] {dagbag.py:507} INFO - Filling up the DagBag from /home/vmac/lab3/lab3/lib/python3.10/site-packages/airflow/example_dags/example_branch_operator_decorator.py
[2023-12-10 20:41:43,199] {processor.py:651} INFO - DAG(s) dict_keys(['example_branch_python_operator_decorator']) retrieved from /home/vmac/lab3/lab3/lib/python3.10/site-packages/airflow/example_dags/example_branch_operator_decorator.py
[2023-12-10 20:41:43,211] {logging_mixin.py:115} INFO - [2023-12-10 20:41:43,211] {dag.py:2371} INFO - Sync 1 DAGs
[2023-12-10 20:41:43,225] {logging_mixin.py:115} INFO - [2023-12-10 20:41:43,225] {dag.py:2915} INFO - Setting next_dagrun for example_branch_python_operator_decorator to 2023-12-09T00:00:00+00:00, run_after=2023-12-10T00:00:00+00:00
[2023-12-10 20:41:43,234] {processor.py:161} INFO - Processing /home/vmac/lab3/lab3/lib/python3.10/site-packages/airflow/example_dags/example_branch_operator_decorator.py took 0.059 seconds
[2023-12-10 20:42:17,433] {processor.py:153} INFO - Started process (PID=13898) to work on /home/vmac/lab3/lab3/lib/python3.10/site-packages/airflow/example_dags/example_branch_operator_decorator.py
[2023-12-10 20:42:17,433] {processor.py:641} INFO - Processing file /home/vmac/lab3/lab3/lib/python3.10/site-packages/airflow/example_dags/example_branch_operator_decorator.py for tasks to queue
[2023-12-10 20:42:17,433] {logging_mixin.py:115} INFO - [2023-12-10 20:42:17,433] {dagbag.py:507} INFO - Filling up the DagBag from /home/vmac/lab3/lab3/lib/python3.10/site-packages/airflow/example_dags/example_branch_operator_decorator.py
[2023-12-10 20:42:17,451] {processor.py:651} INFO - DAG(s) dict_keys(['example_branch_python_operator_decorator']) retrieved from /home/vmac/lab3/lab3/lib/python3.10/site-packages/airflow/example_dags/example_branch_operator_decorator.py
[2023-12-10 20:42:17,463] {logging_mixin.py:115} INFO - [2023-12-10 20:42:17,463] {dag.py:2371} INFO - Sync 1 DAGs
[2023-12-10 20:42:17,477] {logging_mixin.py:115} INFO - [2023-12-10 20:42:17,477] {dag.py:2915} INFO - Setting next_dagrun for example_branch_python_operator_decorator to 2023-12-09T00:00:00+00:00, run_after=2023-12-10T00:00:00+00:00
[2023-12-10 20:42:17,486] {processor.py:161} INFO - Processing /home/vmac/lab3/lab3/lib/python3.10/site-packages/airflow/example_dags/example_branch_operator_decorator.py took 0.056 seconds
[2023-12-10 20:42:51,186] {processor.py:153} INFO - Started process (PID=13934) to work on /home/vmac/lab3/lab3/lib/python3.10/site-packages/airflow/example_dags/example_branch_operator_decorator.py
[2023-12-10 20:42:51,187] {processor.py:641} INFO - Processing file /home/vmac/lab3/lab3/lib/python3.10/site-packages/airflow/example_dags/example_branch_operator_decorator.py for tasks to queue
[2023-12-10 20:42:51,187] {logging_mixin.py:115} INFO - [2023-12-10 20:42:51,187] {dagbag.py:507} INFO - Filling up the DagBag from /home/vmac/lab3/lab3/lib/python3.10/site-packages/airflow/example_dags/example_branch_operator_decorator.py
[2023-12-10 20:42:51,204] {processor.py:651} INFO - DAG(s) dict_keys(['example_branch_python_operator_decorator']) retrieved from /home/vmac/lab3/lab3/lib/python3.10/site-packages/airflow/example_dags/example_branch_operator_decorator.py
[2023-12-10 20:42:51,218] {logging_mixin.py:115} INFO - [2023-12-10 20:42:51,218] {dag.py:2371} INFO - Sync 1 DAGs
[2023-12-10 20:42:51,231] {logging_mixin.py:115} INFO - [2023-12-10 20:42:51,231] {dag.py:2915} INFO - Setting next_dagrun for example_branch_python_operator_decorator to 2023-12-09T00:00:00+00:00, run_after=2023-12-10T00:00:00+00:00
[2023-12-10 20:42:51,240] {processor.py:161} INFO - Processing /home/vmac/lab3/lab3/lib/python3.10/site-packages/airflow/example_dags/example_branch_operator_decorator.py took 0.056 seconds
[2023-12-10 20:43:24,309] {processor.py:153} INFO - Started process (PID=13971) to work on /home/vmac/lab3/lab3/lib/python3.10/site-packages/airflow/example_dags/example_branch_operator_decorator.py
[2023-12-10 20:43:24,310] {processor.py:641} INFO - Processing file /home/vmac/lab3/lab3/lib/python3.10/site-packages/airflow/example_dags/example_branch_operator_decorator.py for tasks to queue
[2023-12-10 20:43:24,310] {logging_mixin.py:115} INFO - [2023-12-10 20:43:24,310] {dagbag.py:507} INFO - Filling up the DagBag from /home/vmac/lab3/lab3/lib/python3.10/site-packages/airflow/example_dags/example_branch_operator_decorator.py
[2023-12-10 20:43:24,326] {processor.py:651} INFO - DAG(s) dict_keys(['example_branch_python_operator_decorator']) retrieved from /home/vmac/lab3/lab3/lib/python3.10/site-packages/airflow/example_dags/example_branch_operator_decorator.py
[2023-12-10 20:43:24,339] {logging_mixin.py:115} INFO - [2023-12-10 20:43:24,339] {dag.py:2371} INFO - Sync 1 DAGs
[2023-12-10 20:43:24,352] {logging_mixin.py:115} INFO - [2023-12-10 20:43:24,352] {dag.py:2915} INFO - Setting next_dagrun for example_branch_python_operator_decorator to 2023-12-09T00:00:00+00:00, run_after=2023-12-10T00:00:00+00:00
[2023-12-10 20:43:24,442] {processor.py:161} INFO - Processing /home/vmac/lab3/lab3/lib/python3.10/site-packages/airflow/example_dags/example_branch_operator_decorator.py took 0.135 seconds
[2023-12-10 20:43:57,755] {processor.py:153} INFO - Started process (PID=14007) to work on /home/vmac/lab3/lab3/lib/python3.10/site-packages/airflow/example_dags/example_branch_operator_decorator.py
[2023-12-10 20:43:57,756] {processor.py:641} INFO - Processing file /home/vmac/lab3/lab3/lib/python3.10/site-packages/airflow/example_dags/example_branch_operator_decorator.py for tasks to queue
[2023-12-10 20:43:57,756] {logging_mixin.py:115} INFO - [2023-12-10 20:43:57,756] {dagbag.py:507} INFO - Filling up the DagBag from /home/vmac/lab3/lab3/lib/python3.10/site-packages/airflow/example_dags/example_branch_operator_decorator.py
[2023-12-10 20:43:57,779] {processor.py:651} INFO - DAG(s) dict_keys(['example_branch_python_operator_decorator']) retrieved from /home/vmac/lab3/lab3/lib/python3.10/site-packages/airflow/example_dags/example_branch_operator_decorator.py
[2023-12-10 20:43:57,792] {logging_mixin.py:115} INFO - [2023-12-10 20:43:57,792] {dag.py:2371} INFO - Sync 1 DAGs
[2023-12-10 20:43:57,805] {logging_mixin.py:115} INFO - [2023-12-10 20:43:57,805] {dag.py:2915} INFO - Setting next_dagrun for example_branch_python_operator_decorator to 2023-12-09T00:00:00+00:00, run_after=2023-12-10T00:00:00+00:00
[2023-12-10 20:43:57,823] {processor.py:161} INFO - Processing /home/vmac/lab3/lab3/lib/python3.10/site-packages/airflow/example_dags/example_branch_operator_decorator.py took 0.070 seconds
