[2023-12-10 20:35:28,282] {processor.py:153} INFO - Started process (PID=13438) to work on /home/vmac/lab3/lab3/lib/python3.10/site-packages/airflow/example_dags/example_trigger_target_dag.py
[2023-12-10 20:35:28,282] {processor.py:641} INFO - Processing file /home/vmac/lab3/lab3/lib/python3.10/site-packages/airflow/example_dags/example_trigger_target_dag.py for tasks to queue
[2023-12-10 20:35:28,283] {logging_mixin.py:115} INFO - [2023-12-10 20:35:28,283] {dagbag.py:507} INFO - Filling up the DagBag from /home/vmac/lab3/lab3/lib/python3.10/site-packages/airflow/example_dags/example_trigger_target_dag.py
[2023-12-10 20:35:28,298] {processor.py:651} INFO - DAG(s) dict_keys(['example_trigger_target_dag']) retrieved from /home/vmac/lab3/lab3/lib/python3.10/site-packages/airflow/example_dags/example_trigger_target_dag.py
[2023-12-10 20:35:28,342] {logging_mixin.py:115} INFO - [2023-12-10 20:35:28,342] {manager.py:508} INFO - Created Permission View: can edit on DAG:example_trigger_target_dag
[2023-12-10 20:35:28,349] {logging_mixin.py:115} INFO - [2023-12-10 20:35:28,349] {manager.py:508} INFO - Created Permission View: can read on DAG:example_trigger_target_dag
[2023-12-10 20:35:28,355] {logging_mixin.py:115} INFO - [2023-12-10 20:35:28,355] {manager.py:508} INFO - Created Permission View: can delete on DAG:example_trigger_target_dag
[2023-12-10 20:35:28,355] {logging_mixin.py:115} INFO - [2023-12-10 20:35:28,355] {dag.py:2371} INFO - Sync 1 DAGs
[2023-12-10 20:35:28,362] {logging_mixin.py:115} INFO - [2023-12-10 20:35:28,361] {dag.py:2390} INFO - Creating ORM DAG for example_trigger_target_dag
[2023-12-10 20:35:28,369] {logging_mixin.py:115} INFO - [2023-12-10 20:35:28,369] {dag.py:2915} INFO - Setting next_dagrun for example_trigger_target_dag to None, run_after=None
[2023-12-10 20:35:28,380] {processor.py:161} INFO - Processing /home/vmac/lab3/lab3/lib/python3.10/site-packages/airflow/example_dags/example_trigger_target_dag.py took 0.100 seconds
[2023-12-10 20:36:03,405] {processor.py:153} INFO - Started process (PID=13476) to work on /home/vmac/lab3/lab3/lib/python3.10/site-packages/airflow/example_dags/example_trigger_target_dag.py
[2023-12-10 20:36:03,409] {processor.py:641} INFO - Processing file /home/vmac/lab3/lab3/lib/python3.10/site-packages/airflow/example_dags/example_trigger_target_dag.py for tasks to queue
[2023-12-10 20:36:03,409] {logging_mixin.py:115} INFO - [2023-12-10 20:36:03,409] {dagbag.py:507} INFO - Filling up the DagBag from /home/vmac/lab3/lab3/lib/python3.10/site-packages/airflow/example_dags/example_trigger_target_dag.py
[2023-12-10 20:36:03,427] {processor.py:651} INFO - DAG(s) dict_keys(['example_trigger_target_dag']) retrieved from /home/vmac/lab3/lab3/lib/python3.10/site-packages/airflow/example_dags/example_trigger_target_dag.py
[2023-12-10 20:36:03,439] {logging_mixin.py:115} INFO - [2023-12-10 20:36:03,439] {dag.py:2371} INFO - Sync 1 DAGs
[2023-12-10 20:36:03,456] {logging_mixin.py:115} INFO - [2023-12-10 20:36:03,456] {dag.py:2915} INFO - Setting next_dagrun for example_trigger_target_dag to None, run_after=None
[2023-12-10 20:36:03,468] {processor.py:161} INFO - Processing /home/vmac/lab3/lab3/lib/python3.10/site-packages/airflow/example_dags/example_trigger_target_dag.py took 0.065 seconds
[2023-12-10 20:36:37,488] {processor.py:153} INFO - Started process (PID=13519) to work on /home/vmac/lab3/lab3/lib/python3.10/site-packages/airflow/example_dags/example_trigger_target_dag.py
[2023-12-10 20:36:37,489] {processor.py:641} INFO - Processing file /home/vmac/lab3/lab3/lib/python3.10/site-packages/airflow/example_dags/example_trigger_target_dag.py for tasks to queue
[2023-12-10 20:36:37,489] {logging_mixin.py:115} INFO - [2023-12-10 20:36:37,489] {dagbag.py:507} INFO - Filling up the DagBag from /home/vmac/lab3/lab3/lib/python3.10/site-packages/airflow/example_dags/example_trigger_target_dag.py
[2023-12-10 20:36:37,502] {processor.py:651} INFO - DAG(s) dict_keys(['example_trigger_target_dag']) retrieved from /home/vmac/lab3/lab3/lib/python3.10/site-packages/airflow/example_dags/example_trigger_target_dag.py
[2023-12-10 20:36:37,514] {logging_mixin.py:115} INFO - [2023-12-10 20:36:37,514] {dag.py:2371} INFO - Sync 1 DAGs
[2023-12-10 20:36:37,525] {logging_mixin.py:115} INFO - [2023-12-10 20:36:37,525] {dag.py:2915} INFO - Setting next_dagrun for example_trigger_target_dag to None, run_after=None
[2023-12-10 20:36:37,534] {processor.py:161} INFO - Processing /home/vmac/lab3/lab3/lib/python3.10/site-packages/airflow/example_dags/example_trigger_target_dag.py took 0.048 seconds
[2023-12-10 20:37:10,109] {processor.py:153} INFO - Started process (PID=13554) to work on /home/vmac/lab3/lab3/lib/python3.10/site-packages/airflow/example_dags/example_trigger_target_dag.py
[2023-12-10 20:37:10,109] {processor.py:641} INFO - Processing file /home/vmac/lab3/lab3/lib/python3.10/site-packages/airflow/example_dags/example_trigger_target_dag.py for tasks to queue
[2023-12-10 20:37:10,110] {logging_mixin.py:115} INFO - [2023-12-10 20:37:10,110] {dagbag.py:507} INFO - Filling up the DagBag from /home/vmac/lab3/lab3/lib/python3.10/site-packages/airflow/example_dags/example_trigger_target_dag.py
[2023-12-10 20:37:10,124] {processor.py:651} INFO - DAG(s) dict_keys(['example_trigger_target_dag']) retrieved from /home/vmac/lab3/lab3/lib/python3.10/site-packages/airflow/example_dags/example_trigger_target_dag.py
[2023-12-10 20:37:10,134] {logging_mixin.py:115} INFO - [2023-12-10 20:37:10,134] {dag.py:2371} INFO - Sync 1 DAGs
[2023-12-10 20:37:10,145] {logging_mixin.py:115} INFO - [2023-12-10 20:37:10,145] {dag.py:2915} INFO - Setting next_dagrun for example_trigger_target_dag to None, run_after=None
[2023-12-10 20:37:10,154] {processor.py:161} INFO - Processing /home/vmac/lab3/lab3/lib/python3.10/site-packages/airflow/example_dags/example_trigger_target_dag.py took 0.046 seconds
[2023-12-10 20:37:43,805] {processor.py:153} INFO - Started process (PID=13590) to work on /home/vmac/lab3/lab3/lib/python3.10/site-packages/airflow/example_dags/example_trigger_target_dag.py
[2023-12-10 20:37:43,805] {processor.py:641} INFO - Processing file /home/vmac/lab3/lab3/lib/python3.10/site-packages/airflow/example_dags/example_trigger_target_dag.py for tasks to queue
[2023-12-10 20:37:43,805] {logging_mixin.py:115} INFO - [2023-12-10 20:37:43,805] {dagbag.py:507} INFO - Filling up the DagBag from /home/vmac/lab3/lab3/lib/python3.10/site-packages/airflow/example_dags/example_trigger_target_dag.py
[2023-12-10 20:37:43,821] {processor.py:651} INFO - DAG(s) dict_keys(['example_trigger_target_dag']) retrieved from /home/vmac/lab3/lab3/lib/python3.10/site-packages/airflow/example_dags/example_trigger_target_dag.py
[2023-12-10 20:37:43,831] {logging_mixin.py:115} INFO - [2023-12-10 20:37:43,831] {dag.py:2371} INFO - Sync 1 DAGs
[2023-12-10 20:37:43,842] {logging_mixin.py:115} INFO - [2023-12-10 20:37:43,842] {dag.py:2915} INFO - Setting next_dagrun for example_trigger_target_dag to None, run_after=None
[2023-12-10 20:37:43,851] {processor.py:161} INFO - Processing /home/vmac/lab3/lab3/lib/python3.10/site-packages/airflow/example_dags/example_trigger_target_dag.py took 0.048 seconds
[2023-12-10 20:38:17,857] {processor.py:153} INFO - Started process (PID=13625) to work on /home/vmac/lab3/lab3/lib/python3.10/site-packages/airflow/example_dags/example_trigger_target_dag.py
[2023-12-10 20:38:17,857] {processor.py:641} INFO - Processing file /home/vmac/lab3/lab3/lib/python3.10/site-packages/airflow/example_dags/example_trigger_target_dag.py for tasks to queue
[2023-12-10 20:38:17,857] {logging_mixin.py:115} INFO - [2023-12-10 20:38:17,857] {dagbag.py:507} INFO - Filling up the DagBag from /home/vmac/lab3/lab3/lib/python3.10/site-packages/airflow/example_dags/example_trigger_target_dag.py
[2023-12-10 20:38:17,871] {processor.py:651} INFO - DAG(s) dict_keys(['example_trigger_target_dag']) retrieved from /home/vmac/lab3/lab3/lib/python3.10/site-packages/airflow/example_dags/example_trigger_target_dag.py
[2023-12-10 20:38:17,882] {logging_mixin.py:115} INFO - [2023-12-10 20:38:17,882] {dag.py:2371} INFO - Sync 1 DAGs
[2023-12-10 20:38:17,894] {logging_mixin.py:115} INFO - [2023-12-10 20:38:17,894] {dag.py:2915} INFO - Setting next_dagrun for example_trigger_target_dag to None, run_after=None
[2023-12-10 20:38:17,903] {processor.py:161} INFO - Processing /home/vmac/lab3/lab3/lib/python3.10/site-packages/airflow/example_dags/example_trigger_target_dag.py took 0.048 seconds
[2023-12-10 20:38:51,009] {processor.py:153} INFO - Started process (PID=13671) to work on /home/vmac/lab3/lab3/lib/python3.10/site-packages/airflow/example_dags/example_trigger_target_dag.py
[2023-12-10 20:38:51,009] {processor.py:641} INFO - Processing file /home/vmac/lab3/lab3/lib/python3.10/site-packages/airflow/example_dags/example_trigger_target_dag.py for tasks to queue
[2023-12-10 20:38:51,009] {logging_mixin.py:115} INFO - [2023-12-10 20:38:51,009] {dagbag.py:507} INFO - Filling up the DagBag from /home/vmac/lab3/lab3/lib/python3.10/site-packages/airflow/example_dags/example_trigger_target_dag.py
[2023-12-10 20:38:51,023] {processor.py:651} INFO - DAG(s) dict_keys(['example_trigger_target_dag']) retrieved from /home/vmac/lab3/lab3/lib/python3.10/site-packages/airflow/example_dags/example_trigger_target_dag.py
[2023-12-10 20:38:51,033] {logging_mixin.py:115} INFO - [2023-12-10 20:38:51,033] {dag.py:2371} INFO - Sync 1 DAGs
[2023-12-10 20:38:51,044] {logging_mixin.py:115} INFO - [2023-12-10 20:38:51,044] {dag.py:2915} INFO - Setting next_dagrun for example_trigger_target_dag to None, run_after=None
[2023-12-10 20:38:51,053] {processor.py:161} INFO - Processing /home/vmac/lab3/lab3/lib/python3.10/site-packages/airflow/example_dags/example_trigger_target_dag.py took 0.047 seconds
[2023-12-10 20:39:25,105] {processor.py:153} INFO - Started process (PID=13709) to work on /home/vmac/lab3/lab3/lib/python3.10/site-packages/airflow/example_dags/example_trigger_target_dag.py
[2023-12-10 20:39:25,105] {processor.py:641} INFO - Processing file /home/vmac/lab3/lab3/lib/python3.10/site-packages/airflow/example_dags/example_trigger_target_dag.py for tasks to queue
[2023-12-10 20:39:25,106] {logging_mixin.py:115} INFO - [2023-12-10 20:39:25,106] {dagbag.py:507} INFO - Filling up the DagBag from /home/vmac/lab3/lab3/lib/python3.10/site-packages/airflow/example_dags/example_trigger_target_dag.py
[2023-12-10 20:39:25,120] {processor.py:651} INFO - DAG(s) dict_keys(['example_trigger_target_dag']) retrieved from /home/vmac/lab3/lab3/lib/python3.10/site-packages/airflow/example_dags/example_trigger_target_dag.py
[2023-12-10 20:39:25,132] {logging_mixin.py:115} INFO - [2023-12-10 20:39:25,132] {dag.py:2371} INFO - Sync 1 DAGs
[2023-12-10 20:39:25,143] {logging_mixin.py:115} INFO - [2023-12-10 20:39:25,143] {dag.py:2915} INFO - Setting next_dagrun for example_trigger_target_dag to None, run_after=None
[2023-12-10 20:39:25,152] {processor.py:161} INFO - Processing /home/vmac/lab3/lab3/lib/python3.10/site-packages/airflow/example_dags/example_trigger_target_dag.py took 0.049 seconds
[2023-12-10 20:39:57,804] {processor.py:153} INFO - Started process (PID=13744) to work on /home/vmac/lab3/lab3/lib/python3.10/site-packages/airflow/example_dags/example_trigger_target_dag.py
[2023-12-10 20:39:57,812] {processor.py:641} INFO - Processing file /home/vmac/lab3/lab3/lib/python3.10/site-packages/airflow/example_dags/example_trigger_target_dag.py for tasks to queue
[2023-12-10 20:39:57,812] {logging_mixin.py:115} INFO - [2023-12-10 20:39:57,812] {dagbag.py:507} INFO - Filling up the DagBag from /home/vmac/lab3/lab3/lib/python3.10/site-packages/airflow/example_dags/example_trigger_target_dag.py
[2023-12-10 20:39:57,825] {processor.py:651} INFO - DAG(s) dict_keys(['example_trigger_target_dag']) retrieved from /home/vmac/lab3/lab3/lib/python3.10/site-packages/airflow/example_dags/example_trigger_target_dag.py
[2023-12-10 20:39:57,835] {logging_mixin.py:115} INFO - [2023-12-10 20:39:57,835] {dag.py:2371} INFO - Sync 1 DAGs
[2023-12-10 20:39:57,846] {logging_mixin.py:115} INFO - [2023-12-10 20:39:57,846] {dag.py:2915} INFO - Setting next_dagrun for example_trigger_target_dag to None, run_after=None
[2023-12-10 20:39:57,855] {processor.py:161} INFO - Processing /home/vmac/lab3/lab3/lib/python3.10/site-packages/airflow/example_dags/example_trigger_target_dag.py took 0.053 seconds
[2023-12-10 20:40:31,227] {processor.py:153} INFO - Started process (PID=13787) to work on /home/vmac/lab3/lab3/lib/python3.10/site-packages/airflow/example_dags/example_trigger_target_dag.py
[2023-12-10 20:40:31,228] {processor.py:641} INFO - Processing file /home/vmac/lab3/lab3/lib/python3.10/site-packages/airflow/example_dags/example_trigger_target_dag.py for tasks to queue
[2023-12-10 20:40:31,228] {logging_mixin.py:115} INFO - [2023-12-10 20:40:31,228] {dagbag.py:507} INFO - Filling up the DagBag from /home/vmac/lab3/lab3/lib/python3.10/site-packages/airflow/example_dags/example_trigger_target_dag.py
[2023-12-10 20:40:31,242] {processor.py:651} INFO - DAG(s) dict_keys(['example_trigger_target_dag']) retrieved from /home/vmac/lab3/lab3/lib/python3.10/site-packages/airflow/example_dags/example_trigger_target_dag.py
[2023-12-10 20:40:31,253] {logging_mixin.py:115} INFO - [2023-12-10 20:40:31,253] {dag.py:2371} INFO - Sync 1 DAGs
[2023-12-10 20:40:31,264] {logging_mixin.py:115} INFO - [2023-12-10 20:40:31,264] {dag.py:2915} INFO - Setting next_dagrun for example_trigger_target_dag to None, run_after=None
[2023-12-10 20:40:31,273] {processor.py:161} INFO - Processing /home/vmac/lab3/lab3/lib/python3.10/site-packages/airflow/example_dags/example_trigger_target_dag.py took 0.048 seconds
[2023-12-10 20:41:04,387] {processor.py:153} INFO - Started process (PID=13821) to work on /home/vmac/lab3/lab3/lib/python3.10/site-packages/airflow/example_dags/example_trigger_target_dag.py
[2023-12-10 20:41:04,388] {processor.py:641} INFO - Processing file /home/vmac/lab3/lab3/lib/python3.10/site-packages/airflow/example_dags/example_trigger_target_dag.py for tasks to queue
[2023-12-10 20:41:04,388] {logging_mixin.py:115} INFO - [2023-12-10 20:41:04,388] {dagbag.py:507} INFO - Filling up the DagBag from /home/vmac/lab3/lab3/lib/python3.10/site-packages/airflow/example_dags/example_trigger_target_dag.py
[2023-12-10 20:41:04,402] {processor.py:651} INFO - DAG(s) dict_keys(['example_trigger_target_dag']) retrieved from /home/vmac/lab3/lab3/lib/python3.10/site-packages/airflow/example_dags/example_trigger_target_dag.py
[2023-12-10 20:41:04,414] {logging_mixin.py:115} INFO - [2023-12-10 20:41:04,414] {dag.py:2371} INFO - Sync 1 DAGs
[2023-12-10 20:41:04,426] {logging_mixin.py:115} INFO - [2023-12-10 20:41:04,426] {dag.py:2915} INFO - Setting next_dagrun for example_trigger_target_dag to None, run_after=None
[2023-12-10 20:41:04,435] {processor.py:161} INFO - Processing /home/vmac/lab3/lab3/lib/python3.10/site-packages/airflow/example_dags/example_trigger_target_dag.py took 0.050 seconds
[2023-12-10 20:41:36,869] {processor.py:153} INFO - Started process (PID=13856) to work on /home/vmac/lab3/lab3/lib/python3.10/site-packages/airflow/example_dags/example_trigger_target_dag.py
[2023-12-10 20:41:36,869] {processor.py:641} INFO - Processing file /home/vmac/lab3/lab3/lib/python3.10/site-packages/airflow/example_dags/example_trigger_target_dag.py for tasks to queue
[2023-12-10 20:41:36,869] {logging_mixin.py:115} INFO - [2023-12-10 20:41:36,869] {dagbag.py:507} INFO - Filling up the DagBag from /home/vmac/lab3/lab3/lib/python3.10/site-packages/airflow/example_dags/example_trigger_target_dag.py
[2023-12-10 20:41:36,885] {processor.py:651} INFO - DAG(s) dict_keys(['example_trigger_target_dag']) retrieved from /home/vmac/lab3/lab3/lib/python3.10/site-packages/airflow/example_dags/example_trigger_target_dag.py
[2023-12-10 20:41:36,895] {logging_mixin.py:115} INFO - [2023-12-10 20:41:36,895] {dag.py:2371} INFO - Sync 1 DAGs
[2023-12-10 20:41:36,906] {logging_mixin.py:115} INFO - [2023-12-10 20:41:36,906] {dag.py:2915} INFO - Setting next_dagrun for example_trigger_target_dag to None, run_after=None
[2023-12-10 20:41:36,915] {processor.py:161} INFO - Processing /home/vmac/lab3/lab3/lib/python3.10/site-packages/airflow/example_dags/example_trigger_target_dag.py took 0.049 seconds
[2023-12-10 20:42:10,574] {processor.py:153} INFO - Started process (PID=13892) to work on /home/vmac/lab3/lab3/lib/python3.10/site-packages/airflow/example_dags/example_trigger_target_dag.py
[2023-12-10 20:42:10,574] {processor.py:641} INFO - Processing file /home/vmac/lab3/lab3/lib/python3.10/site-packages/airflow/example_dags/example_trigger_target_dag.py for tasks to queue
[2023-12-10 20:42:10,574] {logging_mixin.py:115} INFO - [2023-12-10 20:42:10,574] {dagbag.py:507} INFO - Filling up the DagBag from /home/vmac/lab3/lab3/lib/python3.10/site-packages/airflow/example_dags/example_trigger_target_dag.py
[2023-12-10 20:42:10,587] {processor.py:651} INFO - DAG(s) dict_keys(['example_trigger_target_dag']) retrieved from /home/vmac/lab3/lab3/lib/python3.10/site-packages/airflow/example_dags/example_trigger_target_dag.py
[2023-12-10 20:42:10,598] {logging_mixin.py:115} INFO - [2023-12-10 20:42:10,598] {dag.py:2371} INFO - Sync 1 DAGs
[2023-12-10 20:42:10,609] {logging_mixin.py:115} INFO - [2023-12-10 20:42:10,609] {dag.py:2915} INFO - Setting next_dagrun for example_trigger_target_dag to None, run_after=None
[2023-12-10 20:42:10,618] {processor.py:161} INFO - Processing /home/vmac/lab3/lab3/lib/python3.10/site-packages/airflow/example_dags/example_trigger_target_dag.py took 0.047 seconds
[2023-12-10 20:42:44,912] {processor.py:153} INFO - Started process (PID=13928) to work on /home/vmac/lab3/lab3/lib/python3.10/site-packages/airflow/example_dags/example_trigger_target_dag.py
[2023-12-10 20:42:44,912] {processor.py:641} INFO - Processing file /home/vmac/lab3/lab3/lib/python3.10/site-packages/airflow/example_dags/example_trigger_target_dag.py for tasks to queue
[2023-12-10 20:42:44,913] {logging_mixin.py:115} INFO - [2023-12-10 20:42:44,913] {dagbag.py:507} INFO - Filling up the DagBag from /home/vmac/lab3/lab3/lib/python3.10/site-packages/airflow/example_dags/example_trigger_target_dag.py
[2023-12-10 20:42:44,927] {processor.py:651} INFO - DAG(s) dict_keys(['example_trigger_target_dag']) retrieved from /home/vmac/lab3/lab3/lib/python3.10/site-packages/airflow/example_dags/example_trigger_target_dag.py
[2023-12-10 20:42:44,937] {logging_mixin.py:115} INFO - [2023-12-10 20:42:44,937] {dag.py:2371} INFO - Sync 1 DAGs
[2023-12-10 20:42:44,948] {logging_mixin.py:115} INFO - [2023-12-10 20:42:44,948] {dag.py:2915} INFO - Setting next_dagrun for example_trigger_target_dag to None, run_after=None
[2023-12-10 20:42:44,961] {processor.py:161} INFO - Processing /home/vmac/lab3/lab3/lib/python3.10/site-packages/airflow/example_dags/example_trigger_target_dag.py took 0.051 seconds
[2023-12-10 20:43:18,280] {processor.py:153} INFO - Started process (PID=13964) to work on /home/vmac/lab3/lab3/lib/python3.10/site-packages/airflow/example_dags/example_trigger_target_dag.py
[2023-12-10 20:43:18,280] {processor.py:641} INFO - Processing file /home/vmac/lab3/lab3/lib/python3.10/site-packages/airflow/example_dags/example_trigger_target_dag.py for tasks to queue
[2023-12-10 20:43:18,280] {logging_mixin.py:115} INFO - [2023-12-10 20:43:18,280] {dagbag.py:507} INFO - Filling up the DagBag from /home/vmac/lab3/lab3/lib/python3.10/site-packages/airflow/example_dags/example_trigger_target_dag.py
[2023-12-10 20:43:18,296] {processor.py:651} INFO - DAG(s) dict_keys(['example_trigger_target_dag']) retrieved from /home/vmac/lab3/lab3/lib/python3.10/site-packages/airflow/example_dags/example_trigger_target_dag.py
[2023-12-10 20:43:18,307] {logging_mixin.py:115} INFO - [2023-12-10 20:43:18,307] {dag.py:2371} INFO - Sync 1 DAGs
[2023-12-10 20:43:18,318] {logging_mixin.py:115} INFO - [2023-12-10 20:43:18,318] {dag.py:2915} INFO - Setting next_dagrun for example_trigger_target_dag to None, run_after=None
[2023-12-10 20:43:18,328] {processor.py:161} INFO - Processing /home/vmac/lab3/lab3/lib/python3.10/site-packages/airflow/example_dags/example_trigger_target_dag.py took 0.050 seconds
[2023-12-10 20:43:51,816] {processor.py:153} INFO - Started process (PID=14000) to work on /home/vmac/lab3/lab3/lib/python3.10/site-packages/airflow/example_dags/example_trigger_target_dag.py
[2023-12-10 20:43:51,816] {processor.py:641} INFO - Processing file /home/vmac/lab3/lab3/lib/python3.10/site-packages/airflow/example_dags/example_trigger_target_dag.py for tasks to queue
[2023-12-10 20:43:51,817] {logging_mixin.py:115} INFO - [2023-12-10 20:43:51,817] {dagbag.py:507} INFO - Filling up the DagBag from /home/vmac/lab3/lab3/lib/python3.10/site-packages/airflow/example_dags/example_trigger_target_dag.py
[2023-12-10 20:43:51,830] {processor.py:651} INFO - DAG(s) dict_keys(['example_trigger_target_dag']) retrieved from /home/vmac/lab3/lab3/lib/python3.10/site-packages/airflow/example_dags/example_trigger_target_dag.py
[2023-12-10 20:43:51,840] {logging_mixin.py:115} INFO - [2023-12-10 20:43:51,840] {dag.py:2371} INFO - Sync 1 DAGs
[2023-12-10 20:43:51,850] {logging_mixin.py:115} INFO - [2023-12-10 20:43:51,850] {dag.py:2915} INFO - Setting next_dagrun for example_trigger_target_dag to None, run_after=None
[2023-12-10 20:43:51,859] {processor.py:161} INFO - Processing /home/vmac/lab3/lab3/lib/python3.10/site-packages/airflow/example_dags/example_trigger_target_dag.py took 0.045 seconds
