[2023-12-10 20:35:43,806] {processor.py:153} INFO - Started process (PID=13455) to work on /home/vmac/lab3/lab3/lib/python3.10/site-packages/airflow/example_dags/example_time_delta_sensor_async.py
[2023-12-10 20:35:43,806] {processor.py:641} INFO - Processing file /home/vmac/lab3/lab3/lib/python3.10/site-packages/airflow/example_dags/example_time_delta_sensor_async.py for tasks to queue
[2023-12-10 20:35:43,807] {logging_mixin.py:115} INFO - [2023-12-10 20:35:43,807] {dagbag.py:507} INFO - Filling up the DagBag from /home/vmac/lab3/lab3/lib/python3.10/site-packages/airflow/example_dags/example_time_delta_sensor_async.py
[2023-12-10 20:35:43,811] {processor.py:651} INFO - DAG(s) dict_keys(['example_time_delta_sensor_async']) retrieved from /home/vmac/lab3/lab3/lib/python3.10/site-packages/airflow/example_dags/example_time_delta_sensor_async.py
[2023-12-10 20:35:43,861] {logging_mixin.py:115} INFO - [2023-12-10 20:35:43,860] {manager.py:508} INFO - Created Permission View: can edit on DAG:example_time_delta_sensor_async
[2023-12-10 20:35:43,867] {logging_mixin.py:115} INFO - [2023-12-10 20:35:43,867] {manager.py:508} INFO - Created Permission View: can read on DAG:example_time_delta_sensor_async
[2023-12-10 20:35:43,873] {logging_mixin.py:115} INFO - [2023-12-10 20:35:43,873] {manager.py:508} INFO - Created Permission View: can delete on DAG:example_time_delta_sensor_async
[2023-12-10 20:35:43,873] {logging_mixin.py:115} INFO - [2023-12-10 20:35:43,873] {dag.py:2371} INFO - Sync 1 DAGs
[2023-12-10 20:35:43,878] {logging_mixin.py:115} INFO - [2023-12-10 20:35:43,878] {dag.py:2390} INFO - Creating ORM DAG for example_time_delta_sensor_async
[2023-12-10 20:35:43,884] {logging_mixin.py:115} INFO - [2023-12-10 20:35:43,884] {dag.py:2915} INFO - Setting next_dagrun for example_time_delta_sensor_async to None, run_after=None
[2023-12-10 20:35:43,896] {processor.py:161} INFO - Processing /home/vmac/lab3/lab3/lib/python3.10/site-packages/airflow/example_dags/example_time_delta_sensor_async.py took 0.091 seconds
[2023-12-10 20:36:18,766] {processor.py:153} INFO - Started process (PID=13497) to work on /home/vmac/lab3/lab3/lib/python3.10/site-packages/airflow/example_dags/example_time_delta_sensor_async.py
[2023-12-10 20:36:18,767] {processor.py:641} INFO - Processing file /home/vmac/lab3/lab3/lib/python3.10/site-packages/airflow/example_dags/example_time_delta_sensor_async.py for tasks to queue
[2023-12-10 20:36:18,767] {logging_mixin.py:115} INFO - [2023-12-10 20:36:18,767] {dagbag.py:507} INFO - Filling up the DagBag from /home/vmac/lab3/lab3/lib/python3.10/site-packages/airflow/example_dags/example_time_delta_sensor_async.py
[2023-12-10 20:36:18,771] {processor.py:651} INFO - DAG(s) dict_keys(['example_time_delta_sensor_async']) retrieved from /home/vmac/lab3/lab3/lib/python3.10/site-packages/airflow/example_dags/example_time_delta_sensor_async.py
[2023-12-10 20:36:18,790] {logging_mixin.py:115} INFO - [2023-12-10 20:36:18,790] {dag.py:2371} INFO - Sync 1 DAGs
[2023-12-10 20:36:18,800] {logging_mixin.py:115} INFO - [2023-12-10 20:36:18,800] {dag.py:2915} INFO - Setting next_dagrun for example_time_delta_sensor_async to None, run_after=None
[2023-12-10 20:36:18,810] {processor.py:161} INFO - Processing /home/vmac/lab3/lab3/lib/python3.10/site-packages/airflow/example_dags/example_time_delta_sensor_async.py took 0.046 seconds
[2023-12-10 20:36:51,920] {processor.py:153} INFO - Started process (PID=13534) to work on /home/vmac/lab3/lab3/lib/python3.10/site-packages/airflow/example_dags/example_time_delta_sensor_async.py
[2023-12-10 20:36:51,920] {processor.py:641} INFO - Processing file /home/vmac/lab3/lab3/lib/python3.10/site-packages/airflow/example_dags/example_time_delta_sensor_async.py for tasks to queue
[2023-12-10 20:36:51,921] {logging_mixin.py:115} INFO - [2023-12-10 20:36:51,921] {dagbag.py:507} INFO - Filling up the DagBag from /home/vmac/lab3/lab3/lib/python3.10/site-packages/airflow/example_dags/example_time_delta_sensor_async.py
[2023-12-10 20:36:51,925] {processor.py:651} INFO - DAG(s) dict_keys(['example_time_delta_sensor_async']) retrieved from /home/vmac/lab3/lab3/lib/python3.10/site-packages/airflow/example_dags/example_time_delta_sensor_async.py
[2023-12-10 20:36:51,943] {logging_mixin.py:115} INFO - [2023-12-10 20:36:51,943] {dag.py:2371} INFO - Sync 1 DAGs
[2023-12-10 20:36:51,955] {logging_mixin.py:115} INFO - [2023-12-10 20:36:51,955] {dag.py:2915} INFO - Setting next_dagrun for example_time_delta_sensor_async to None, run_after=None
[2023-12-10 20:36:51,964] {processor.py:161} INFO - Processing /home/vmac/lab3/lab3/lib/python3.10/site-packages/airflow/example_dags/example_time_delta_sensor_async.py took 0.046 seconds
[2023-12-10 20:37:24,674] {processor.py:153} INFO - Started process (PID=13570) to work on /home/vmac/lab3/lab3/lib/python3.10/site-packages/airflow/example_dags/example_time_delta_sensor_async.py
[2023-12-10 20:37:24,675] {processor.py:641} INFO - Processing file /home/vmac/lab3/lab3/lib/python3.10/site-packages/airflow/example_dags/example_time_delta_sensor_async.py for tasks to queue
[2023-12-10 20:37:24,675] {logging_mixin.py:115} INFO - [2023-12-10 20:37:24,675] {dagbag.py:507} INFO - Filling up the DagBag from /home/vmac/lab3/lab3/lib/python3.10/site-packages/airflow/example_dags/example_time_delta_sensor_async.py
[2023-12-10 20:37:24,679] {processor.py:651} INFO - DAG(s) dict_keys(['example_time_delta_sensor_async']) retrieved from /home/vmac/lab3/lab3/lib/python3.10/site-packages/airflow/example_dags/example_time_delta_sensor_async.py
[2023-12-10 20:37:24,695] {logging_mixin.py:115} INFO - [2023-12-10 20:37:24,695] {dag.py:2371} INFO - Sync 1 DAGs
[2023-12-10 20:37:24,708] {logging_mixin.py:115} INFO - [2023-12-10 20:37:24,708] {dag.py:2915} INFO - Setting next_dagrun for example_time_delta_sensor_async to None, run_after=None
[2023-12-10 20:37:24,717] {processor.py:161} INFO - Processing /home/vmac/lab3/lab3/lib/python3.10/site-packages/airflow/example_dags/example_time_delta_sensor_async.py took 0.045 seconds
[2023-12-10 20:37:59,689] {processor.py:153} INFO - Started process (PID=13606) to work on /home/vmac/lab3/lab3/lib/python3.10/site-packages/airflow/example_dags/example_time_delta_sensor_async.py
[2023-12-10 20:37:59,690] {processor.py:641} INFO - Processing file /home/vmac/lab3/lab3/lib/python3.10/site-packages/airflow/example_dags/example_time_delta_sensor_async.py for tasks to queue
[2023-12-10 20:37:59,690] {logging_mixin.py:115} INFO - [2023-12-10 20:37:59,690] {dagbag.py:507} INFO - Filling up the DagBag from /home/vmac/lab3/lab3/lib/python3.10/site-packages/airflow/example_dags/example_time_delta_sensor_async.py
[2023-12-10 20:37:59,694] {processor.py:651} INFO - DAG(s) dict_keys(['example_time_delta_sensor_async']) retrieved from /home/vmac/lab3/lab3/lib/python3.10/site-packages/airflow/example_dags/example_time_delta_sensor_async.py
[2023-12-10 20:37:59,715] {logging_mixin.py:115} INFO - [2023-12-10 20:37:59,715] {dag.py:2371} INFO - Sync 1 DAGs
[2023-12-10 20:37:59,727] {logging_mixin.py:115} INFO - [2023-12-10 20:37:59,727] {dag.py:2915} INFO - Setting next_dagrun for example_time_delta_sensor_async to None, run_after=None
[2023-12-10 20:37:59,736] {processor.py:161} INFO - Processing /home/vmac/lab3/lab3/lib/python3.10/site-packages/airflow/example_dags/example_time_delta_sensor_async.py took 0.049 seconds
[2023-12-10 20:38:32,152] {processor.py:153} INFO - Started process (PID=13650) to work on /home/vmac/lab3/lab3/lib/python3.10/site-packages/airflow/example_dags/example_time_delta_sensor_async.py
[2023-12-10 20:38:32,152] {processor.py:641} INFO - Processing file /home/vmac/lab3/lab3/lib/python3.10/site-packages/airflow/example_dags/example_time_delta_sensor_async.py for tasks to queue
[2023-12-10 20:38:32,153] {logging_mixin.py:115} INFO - [2023-12-10 20:38:32,153] {dagbag.py:507} INFO - Filling up the DagBag from /home/vmac/lab3/lab3/lib/python3.10/site-packages/airflow/example_dags/example_time_delta_sensor_async.py
[2023-12-10 20:38:32,159] {processor.py:651} INFO - DAG(s) dict_keys(['example_time_delta_sensor_async']) retrieved from /home/vmac/lab3/lab3/lib/python3.10/site-packages/airflow/example_dags/example_time_delta_sensor_async.py
[2023-12-10 20:38:32,180] {logging_mixin.py:115} INFO - [2023-12-10 20:38:32,180] {dag.py:2371} INFO - Sync 1 DAGs
[2023-12-10 20:38:32,195] {logging_mixin.py:115} INFO - [2023-12-10 20:38:32,195] {dag.py:2915} INFO - Setting next_dagrun for example_time_delta_sensor_async to None, run_after=None
[2023-12-10 20:38:32,208] {processor.py:161} INFO - Processing /home/vmac/lab3/lab3/lib/python3.10/site-packages/airflow/example_dags/example_time_delta_sensor_async.py took 0.058 seconds
[2023-12-10 20:39:05,962] {processor.py:153} INFO - Started process (PID=13689) to work on /home/vmac/lab3/lab3/lib/python3.10/site-packages/airflow/example_dags/example_time_delta_sensor_async.py
[2023-12-10 20:39:05,962] {processor.py:641} INFO - Processing file /home/vmac/lab3/lab3/lib/python3.10/site-packages/airflow/example_dags/example_time_delta_sensor_async.py for tasks to queue
[2023-12-10 20:39:05,963] {logging_mixin.py:115} INFO - [2023-12-10 20:39:05,963] {dagbag.py:507} INFO - Filling up the DagBag from /home/vmac/lab3/lab3/lib/python3.10/site-packages/airflow/example_dags/example_time_delta_sensor_async.py
[2023-12-10 20:39:05,966] {processor.py:651} INFO - DAG(s) dict_keys(['example_time_delta_sensor_async']) retrieved from /home/vmac/lab3/lab3/lib/python3.10/site-packages/airflow/example_dags/example_time_delta_sensor_async.py
[2023-12-10 20:39:05,984] {logging_mixin.py:115} INFO - [2023-12-10 20:39:05,984] {dag.py:2371} INFO - Sync 1 DAGs
[2023-12-10 20:39:05,997] {logging_mixin.py:115} INFO - [2023-12-10 20:39:05,997] {dag.py:2915} INFO - Setting next_dagrun for example_time_delta_sensor_async to None, run_after=None
[2023-12-10 20:39:06,007] {processor.py:161} INFO - Processing /home/vmac/lab3/lab3/lib/python3.10/site-packages/airflow/example_dags/example_time_delta_sensor_async.py took 0.047 seconds
[2023-12-10 20:39:39,256] {processor.py:153} INFO - Started process (PID=13724) to work on /home/vmac/lab3/lab3/lib/python3.10/site-packages/airflow/example_dags/example_time_delta_sensor_async.py
[2023-12-10 20:39:39,256] {processor.py:641} INFO - Processing file /home/vmac/lab3/lab3/lib/python3.10/site-packages/airflow/example_dags/example_time_delta_sensor_async.py for tasks to queue
[2023-12-10 20:39:39,257] {logging_mixin.py:115} INFO - [2023-12-10 20:39:39,257] {dagbag.py:507} INFO - Filling up the DagBag from /home/vmac/lab3/lab3/lib/python3.10/site-packages/airflow/example_dags/example_time_delta_sensor_async.py
[2023-12-10 20:39:39,260] {processor.py:651} INFO - DAG(s) dict_keys(['example_time_delta_sensor_async']) retrieved from /home/vmac/lab3/lab3/lib/python3.10/site-packages/airflow/example_dags/example_time_delta_sensor_async.py
[2023-12-10 20:39:39,279] {logging_mixin.py:115} INFO - [2023-12-10 20:39:39,279] {dag.py:2371} INFO - Sync 1 DAGs
[2023-12-10 20:39:39,291] {logging_mixin.py:115} INFO - [2023-12-10 20:39:39,291] {dag.py:2915} INFO - Setting next_dagrun for example_time_delta_sensor_async to None, run_after=None
[2023-12-10 20:39:39,301] {processor.py:161} INFO - Processing /home/vmac/lab3/lab3/lib/python3.10/site-packages/airflow/example_dags/example_time_delta_sensor_async.py took 0.047 seconds
[2023-12-10 20:40:12,938] {processor.py:153} INFO - Started process (PID=13759) to work on /home/vmac/lab3/lab3/lib/python3.10/site-packages/airflow/example_dags/example_time_delta_sensor_async.py
[2023-12-10 20:40:12,939] {processor.py:641} INFO - Processing file /home/vmac/lab3/lab3/lib/python3.10/site-packages/airflow/example_dags/example_time_delta_sensor_async.py for tasks to queue
[2023-12-10 20:40:12,940] {logging_mixin.py:115} INFO - [2023-12-10 20:40:12,939] {dagbag.py:507} INFO - Filling up the DagBag from /home/vmac/lab3/lab3/lib/python3.10/site-packages/airflow/example_dags/example_time_delta_sensor_async.py
[2023-12-10 20:40:12,945] {processor.py:651} INFO - DAG(s) dict_keys(['example_time_delta_sensor_async']) retrieved from /home/vmac/lab3/lab3/lib/python3.10/site-packages/airflow/example_dags/example_time_delta_sensor_async.py
[2023-12-10 20:40:12,964] {logging_mixin.py:115} INFO - [2023-12-10 20:40:12,964] {dag.py:2371} INFO - Sync 1 DAGs
[2023-12-10 20:40:12,975] {logging_mixin.py:115} INFO - [2023-12-10 20:40:12,975] {dag.py:2915} INFO - Setting next_dagrun for example_time_delta_sensor_async to None, run_after=None
[2023-12-10 20:40:12,986] {processor.py:161} INFO - Processing /home/vmac/lab3/lab3/lib/python3.10/site-packages/airflow/example_dags/example_time_delta_sensor_async.py took 0.050 seconds
[2023-12-10 20:40:45,502] {processor.py:153} INFO - Started process (PID=13802) to work on /home/vmac/lab3/lab3/lib/python3.10/site-packages/airflow/example_dags/example_time_delta_sensor_async.py
[2023-12-10 20:40:45,503] {processor.py:641} INFO - Processing file /home/vmac/lab3/lab3/lib/python3.10/site-packages/airflow/example_dags/example_time_delta_sensor_async.py for tasks to queue
[2023-12-10 20:40:45,503] {logging_mixin.py:115} INFO - [2023-12-10 20:40:45,503] {dagbag.py:507} INFO - Filling up the DagBag from /home/vmac/lab3/lab3/lib/python3.10/site-packages/airflow/example_dags/example_time_delta_sensor_async.py
[2023-12-10 20:40:45,507] {processor.py:651} INFO - DAG(s) dict_keys(['example_time_delta_sensor_async']) retrieved from /home/vmac/lab3/lab3/lib/python3.10/site-packages/airflow/example_dags/example_time_delta_sensor_async.py
[2023-12-10 20:40:45,525] {logging_mixin.py:115} INFO - [2023-12-10 20:40:45,525] {dag.py:2371} INFO - Sync 1 DAGs
[2023-12-10 20:40:45,537] {logging_mixin.py:115} INFO - [2023-12-10 20:40:45,537] {dag.py:2915} INFO - Setting next_dagrun for example_time_delta_sensor_async to None, run_after=None
[2023-12-10 20:40:45,548] {processor.py:161} INFO - Processing /home/vmac/lab3/lab3/lib/python3.10/site-packages/airflow/example_dags/example_time_delta_sensor_async.py took 0.048 seconds
[2023-12-10 20:41:17,720] {processor.py:153} INFO - Started process (PID=13837) to work on /home/vmac/lab3/lab3/lib/python3.10/site-packages/airflow/example_dags/example_time_delta_sensor_async.py
[2023-12-10 20:41:17,720] {processor.py:641} INFO - Processing file /home/vmac/lab3/lab3/lib/python3.10/site-packages/airflow/example_dags/example_time_delta_sensor_async.py for tasks to queue
[2023-12-10 20:41:17,720] {logging_mixin.py:115} INFO - [2023-12-10 20:41:17,720] {dagbag.py:507} INFO - Filling up the DagBag from /home/vmac/lab3/lab3/lib/python3.10/site-packages/airflow/example_dags/example_time_delta_sensor_async.py
[2023-12-10 20:41:17,724] {processor.py:651} INFO - DAG(s) dict_keys(['example_time_delta_sensor_async']) retrieved from /home/vmac/lab3/lab3/lib/python3.10/site-packages/airflow/example_dags/example_time_delta_sensor_async.py
[2023-12-10 20:41:17,741] {logging_mixin.py:115} INFO - [2023-12-10 20:41:17,741] {dag.py:2371} INFO - Sync 1 DAGs
[2023-12-10 20:41:17,755] {logging_mixin.py:115} INFO - [2023-12-10 20:41:17,755] {dag.py:2915} INFO - Setting next_dagrun for example_time_delta_sensor_async to None, run_after=None
[2023-12-10 20:41:17,764] {processor.py:161} INFO - Processing /home/vmac/lab3/lab3/lib/python3.10/site-packages/airflow/example_dags/example_time_delta_sensor_async.py took 0.046 seconds
[2023-12-10 20:41:52,173] {processor.py:153} INFO - Started process (PID=13872) to work on /home/vmac/lab3/lab3/lib/python3.10/site-packages/airflow/example_dags/example_time_delta_sensor_async.py
[2023-12-10 20:41:52,173] {processor.py:641} INFO - Processing file /home/vmac/lab3/lab3/lib/python3.10/site-packages/airflow/example_dags/example_time_delta_sensor_async.py for tasks to queue
[2023-12-10 20:41:52,173] {logging_mixin.py:115} INFO - [2023-12-10 20:41:52,173] {dagbag.py:507} INFO - Filling up the DagBag from /home/vmac/lab3/lab3/lib/python3.10/site-packages/airflow/example_dags/example_time_delta_sensor_async.py
[2023-12-10 20:41:52,178] {processor.py:651} INFO - DAG(s) dict_keys(['example_time_delta_sensor_async']) retrieved from /home/vmac/lab3/lab3/lib/python3.10/site-packages/airflow/example_dags/example_time_delta_sensor_async.py
[2023-12-10 20:41:52,198] {logging_mixin.py:115} INFO - [2023-12-10 20:41:52,198] {dag.py:2371} INFO - Sync 1 DAGs
[2023-12-10 20:41:52,213] {logging_mixin.py:115} INFO - [2023-12-10 20:41:52,213] {dag.py:2915} INFO - Setting next_dagrun for example_time_delta_sensor_async to None, run_after=None
[2023-12-10 20:41:52,224] {processor.py:161} INFO - Processing /home/vmac/lab3/lab3/lib/python3.10/site-packages/airflow/example_dags/example_time_delta_sensor_async.py took 0.053 seconds
[2023-12-10 20:42:25,735] {processor.py:153} INFO - Started process (PID=13907) to work on /home/vmac/lab3/lab3/lib/python3.10/site-packages/airflow/example_dags/example_time_delta_sensor_async.py
[2023-12-10 20:42:25,735] {processor.py:641} INFO - Processing file /home/vmac/lab3/lab3/lib/python3.10/site-packages/airflow/example_dags/example_time_delta_sensor_async.py for tasks to queue
[2023-12-10 20:42:25,736] {logging_mixin.py:115} INFO - [2023-12-10 20:42:25,735] {dagbag.py:507} INFO - Filling up the DagBag from /home/vmac/lab3/lab3/lib/python3.10/site-packages/airflow/example_dags/example_time_delta_sensor_async.py
[2023-12-10 20:42:25,739] {processor.py:651} INFO - DAG(s) dict_keys(['example_time_delta_sensor_async']) retrieved from /home/vmac/lab3/lab3/lib/python3.10/site-packages/airflow/example_dags/example_time_delta_sensor_async.py
[2023-12-10 20:42:25,760] {logging_mixin.py:115} INFO - [2023-12-10 20:42:25,760] {dag.py:2371} INFO - Sync 1 DAGs
[2023-12-10 20:42:25,772] {logging_mixin.py:115} INFO - [2023-12-10 20:42:25,772] {dag.py:2915} INFO - Setting next_dagrun for example_time_delta_sensor_async to None, run_after=None
[2023-12-10 20:42:25,781] {processor.py:161} INFO - Processing /home/vmac/lab3/lab3/lib/python3.10/site-packages/airflow/example_dags/example_time_delta_sensor_async.py took 0.048 seconds
[2023-12-10 20:43:00,303] {processor.py:153} INFO - Started process (PID=13943) to work on /home/vmac/lab3/lab3/lib/python3.10/site-packages/airflow/example_dags/example_time_delta_sensor_async.py
[2023-12-10 20:43:00,304] {processor.py:641} INFO - Processing file /home/vmac/lab3/lab3/lib/python3.10/site-packages/airflow/example_dags/example_time_delta_sensor_async.py for tasks to queue
[2023-12-10 20:43:00,304] {logging_mixin.py:115} INFO - [2023-12-10 20:43:00,304] {dagbag.py:507} INFO - Filling up the DagBag from /home/vmac/lab3/lab3/lib/python3.10/site-packages/airflow/example_dags/example_time_delta_sensor_async.py
[2023-12-10 20:43:00,308] {processor.py:651} INFO - DAG(s) dict_keys(['example_time_delta_sensor_async']) retrieved from /home/vmac/lab3/lab3/lib/python3.10/site-packages/airflow/example_dags/example_time_delta_sensor_async.py
[2023-12-10 20:43:00,328] {logging_mixin.py:115} INFO - [2023-12-10 20:43:00,328] {dag.py:2371} INFO - Sync 1 DAGs
[2023-12-10 20:43:00,339] {logging_mixin.py:115} INFO - [2023-12-10 20:43:00,339] {dag.py:2915} INFO - Setting next_dagrun for example_time_delta_sensor_async to None, run_after=None
[2023-12-10 20:43:00,348] {processor.py:161} INFO - Processing /home/vmac/lab3/lab3/lib/python3.10/site-packages/airflow/example_dags/example_time_delta_sensor_async.py took 0.047 seconds
[2023-12-10 20:43:32,343] {processor.py:153} INFO - Started process (PID=13981) to work on /home/vmac/lab3/lab3/lib/python3.10/site-packages/airflow/example_dags/example_time_delta_sensor_async.py
[2023-12-10 20:43:32,344] {processor.py:641} INFO - Processing file /home/vmac/lab3/lab3/lib/python3.10/site-packages/airflow/example_dags/example_time_delta_sensor_async.py for tasks to queue
[2023-12-10 20:43:32,344] {logging_mixin.py:115} INFO - [2023-12-10 20:43:32,344] {dagbag.py:507} INFO - Filling up the DagBag from /home/vmac/lab3/lab3/lib/python3.10/site-packages/airflow/example_dags/example_time_delta_sensor_async.py
[2023-12-10 20:43:32,348] {processor.py:651} INFO - DAG(s) dict_keys(['example_time_delta_sensor_async']) retrieved from /home/vmac/lab3/lab3/lib/python3.10/site-packages/airflow/example_dags/example_time_delta_sensor_async.py
[2023-12-10 20:43:32,364] {logging_mixin.py:115} INFO - [2023-12-10 20:43:32,364] {dag.py:2371} INFO - Sync 1 DAGs
[2023-12-10 20:43:32,375] {logging_mixin.py:115} INFO - [2023-12-10 20:43:32,375] {dag.py:2915} INFO - Setting next_dagrun for example_time_delta_sensor_async to None, run_after=None
[2023-12-10 20:43:32,384] {processor.py:161} INFO - Processing /home/vmac/lab3/lab3/lib/python3.10/site-packages/airflow/example_dags/example_time_delta_sensor_async.py took 0.042 seconds
[2023-12-10 20:44:06,111] {processor.py:153} INFO - Started process (PID=14027) to work on /home/vmac/lab3/lab3/lib/python3.10/site-packages/airflow/example_dags/example_time_delta_sensor_async.py
[2023-12-10 20:44:06,119] {processor.py:641} INFO - Processing file /home/vmac/lab3/lab3/lib/python3.10/site-packages/airflow/example_dags/example_time_delta_sensor_async.py for tasks to queue
[2023-12-10 20:44:06,120] {logging_mixin.py:115} INFO - [2023-12-10 20:44:06,120] {dagbag.py:507} INFO - Filling up the DagBag from /home/vmac/lab3/lab3/lib/python3.10/site-packages/airflow/example_dags/example_time_delta_sensor_async.py
[2023-12-10 20:44:06,123] {processor.py:651} INFO - DAG(s) dict_keys(['example_time_delta_sensor_async']) retrieved from /home/vmac/lab3/lab3/lib/python3.10/site-packages/airflow/example_dags/example_time_delta_sensor_async.py
[2023-12-10 20:44:06,163] {logging_mixin.py:115} INFO - [2023-12-10 20:44:06,163] {dag.py:2371} INFO - Sync 1 DAGs
[2023-12-10 20:44:06,215] {logging_mixin.py:115} INFO - [2023-12-10 20:44:06,215] {dag.py:2915} INFO - Setting next_dagrun for example_time_delta_sensor_async to None, run_after=None
[2023-12-10 20:44:06,233] {processor.py:161} INFO - Processing /home/vmac/lab3/lab3/lib/python3.10/site-packages/airflow/example_dags/example_time_delta_sensor_async.py took 0.123 seconds
