[2023-12-10 20:35:53,025] {processor.py:153} INFO - Started process (PID=13464) to work on /home/vmac/lab3/lab3/lib/python3.10/site-packages/airflow/example_dags/example_external_task_marker_dag.py
[2023-12-10 20:35:53,026] {processor.py:641} INFO - Processing file /home/vmac/lab3/lab3/lib/python3.10/site-packages/airflow/example_dags/example_external_task_marker_dag.py for tasks to queue
[2023-12-10 20:35:53,026] {logging_mixin.py:115} INFO - [2023-12-10 20:35:53,026] {dagbag.py:507} INFO - Filling up the DagBag from /home/vmac/lab3/lab3/lib/python3.10/site-packages/airflow/example_dags/example_external_task_marker_dag.py
[2023-12-10 20:35:53,029] {processor.py:651} INFO - DAG(s) dict_keys(['example_external_task_marker_parent', 'example_external_task_marker_child']) retrieved from /home/vmac/lab3/lab3/lib/python3.10/site-packages/airflow/example_dags/example_external_task_marker_dag.py
[2023-12-10 20:35:53,073] {logging_mixin.py:115} INFO - [2023-12-10 20:35:53,073] {manager.py:508} INFO - Created Permission View: can edit on DAG:example_external_task_marker_parent
[2023-12-10 20:35:53,081] {logging_mixin.py:115} INFO - [2023-12-10 20:35:53,081] {manager.py:508} INFO - Created Permission View: can read on DAG:example_external_task_marker_parent
[2023-12-10 20:35:53,088] {logging_mixin.py:115} INFO - [2023-12-10 20:35:53,088] {manager.py:508} INFO - Created Permission View: can delete on DAG:example_external_task_marker_parent
[2023-12-10 20:35:53,108] {logging_mixin.py:115} INFO - [2023-12-10 20:35:53,108] {manager.py:508} INFO - Created Permission View: can edit on DAG:example_external_task_marker_child
[2023-12-10 20:35:53,118] {logging_mixin.py:115} INFO - [2023-12-10 20:35:53,117] {manager.py:508} INFO - Created Permission View: can read on DAG:example_external_task_marker_child
[2023-12-10 20:35:53,124] {logging_mixin.py:115} INFO - [2023-12-10 20:35:53,124] {manager.py:508} INFO - Created Permission View: can delete on DAG:example_external_task_marker_child
[2023-12-10 20:35:53,124] {logging_mixin.py:115} INFO - [2023-12-10 20:35:53,124] {dag.py:2371} INFO - Sync 2 DAGs
[2023-12-10 20:35:53,130] {logging_mixin.py:115} INFO - [2023-12-10 20:35:53,130] {dag.py:2390} INFO - Creating ORM DAG for example_external_task_marker_parent
[2023-12-10 20:35:53,130] {logging_mixin.py:115} INFO - [2023-12-10 20:35:53,130] {dag.py:2390} INFO - Creating ORM DAG for example_external_task_marker_child
[2023-12-10 20:35:53,137] {logging_mixin.py:115} INFO - [2023-12-10 20:35:53,137] {dag.py:2915} INFO - Setting next_dagrun for example_external_task_marker_child to None, run_after=None
[2023-12-10 20:35:53,137] {logging_mixin.py:115} INFO - [2023-12-10 20:35:53,137] {dag.py:2915} INFO - Setting next_dagrun for example_external_task_marker_parent to None, run_after=None
[2023-12-10 20:35:53,154] {processor.py:161} INFO - Processing /home/vmac/lab3/lab3/lib/python3.10/site-packages/airflow/example_dags/example_external_task_marker_dag.py took 0.130 seconds
[2023-12-10 20:36:27,534] {processor.py:153} INFO - Started process (PID=13508) to work on /home/vmac/lab3/lab3/lib/python3.10/site-packages/airflow/example_dags/example_external_task_marker_dag.py
[2023-12-10 20:36:27,534] {processor.py:641} INFO - Processing file /home/vmac/lab3/lab3/lib/python3.10/site-packages/airflow/example_dags/example_external_task_marker_dag.py for tasks to queue
[2023-12-10 20:36:27,534] {logging_mixin.py:115} INFO - [2023-12-10 20:36:27,534] {dagbag.py:507} INFO - Filling up the DagBag from /home/vmac/lab3/lab3/lib/python3.10/site-packages/airflow/example_dags/example_external_task_marker_dag.py
[2023-12-10 20:36:27,538] {processor.py:651} INFO - DAG(s) dict_keys(['example_external_task_marker_parent', 'example_external_task_marker_child']) retrieved from /home/vmac/lab3/lab3/lib/python3.10/site-packages/airflow/example_dags/example_external_task_marker_dag.py
[2023-12-10 20:36:27,559] {logging_mixin.py:115} INFO - [2023-12-10 20:36:27,559] {dag.py:2371} INFO - Sync 2 DAGs
[2023-12-10 20:36:27,570] {logging_mixin.py:115} INFO - [2023-12-10 20:36:27,570] {dag.py:2915} INFO - Setting next_dagrun for example_external_task_marker_child to None, run_after=None
[2023-12-10 20:36:27,571] {logging_mixin.py:115} INFO - [2023-12-10 20:36:27,571] {dag.py:2915} INFO - Setting next_dagrun for example_external_task_marker_parent to None, run_after=None
[2023-12-10 20:36:27,580] {processor.py:161} INFO - Processing /home/vmac/lab3/lab3/lib/python3.10/site-packages/airflow/example_dags/example_external_task_marker_dag.py took 0.048 seconds
[2023-12-10 20:36:59,852] {processor.py:153} INFO - Started process (PID=13543) to work on /home/vmac/lab3/lab3/lib/python3.10/site-packages/airflow/example_dags/example_external_task_marker_dag.py
[2023-12-10 20:36:59,852] {processor.py:641} INFO - Processing file /home/vmac/lab3/lab3/lib/python3.10/site-packages/airflow/example_dags/example_external_task_marker_dag.py for tasks to queue
[2023-12-10 20:36:59,852] {logging_mixin.py:115} INFO - [2023-12-10 20:36:59,852] {dagbag.py:507} INFO - Filling up the DagBag from /home/vmac/lab3/lab3/lib/python3.10/site-packages/airflow/example_dags/example_external_task_marker_dag.py
[2023-12-10 20:36:59,855] {processor.py:651} INFO - DAG(s) dict_keys(['example_external_task_marker_parent', 'example_external_task_marker_child']) retrieved from /home/vmac/lab3/lab3/lib/python3.10/site-packages/airflow/example_dags/example_external_task_marker_dag.py
[2023-12-10 20:36:59,874] {logging_mixin.py:115} INFO - [2023-12-10 20:36:59,874] {dag.py:2371} INFO - Sync 2 DAGs
[2023-12-10 20:36:59,886] {logging_mixin.py:115} INFO - [2023-12-10 20:36:59,886] {dag.py:2915} INFO - Setting next_dagrun for example_external_task_marker_child to None, run_after=None
[2023-12-10 20:36:59,886] {logging_mixin.py:115} INFO - [2023-12-10 20:36:59,886] {dag.py:2915} INFO - Setting next_dagrun for example_external_task_marker_parent to None, run_after=None
[2023-12-10 20:36:59,897] {processor.py:161} INFO - Processing /home/vmac/lab3/lab3/lib/python3.10/site-packages/airflow/example_dags/example_external_task_marker_dag.py took 0.047 seconds
[2023-12-10 20:37:33,674] {processor.py:153} INFO - Started process (PID=13579) to work on /home/vmac/lab3/lab3/lib/python3.10/site-packages/airflow/example_dags/example_external_task_marker_dag.py
[2023-12-10 20:37:33,674] {processor.py:641} INFO - Processing file /home/vmac/lab3/lab3/lib/python3.10/site-packages/airflow/example_dags/example_external_task_marker_dag.py for tasks to queue
[2023-12-10 20:37:33,675] {logging_mixin.py:115} INFO - [2023-12-10 20:37:33,675] {dagbag.py:507} INFO - Filling up the DagBag from /home/vmac/lab3/lab3/lib/python3.10/site-packages/airflow/example_dags/example_external_task_marker_dag.py
[2023-12-10 20:37:33,678] {processor.py:651} INFO - DAG(s) dict_keys(['example_external_task_marker_parent', 'example_external_task_marker_child']) retrieved from /home/vmac/lab3/lab3/lib/python3.10/site-packages/airflow/example_dags/example_external_task_marker_dag.py
[2023-12-10 20:37:33,698] {logging_mixin.py:115} INFO - [2023-12-10 20:37:33,698] {dag.py:2371} INFO - Sync 2 DAGs
[2023-12-10 20:37:33,710] {logging_mixin.py:115} INFO - [2023-12-10 20:37:33,710] {dag.py:2915} INFO - Setting next_dagrun for example_external_task_marker_child to None, run_after=None
[2023-12-10 20:37:33,710] {logging_mixin.py:115} INFO - [2023-12-10 20:37:33,710] {dag.py:2915} INFO - Setting next_dagrun for example_external_task_marker_parent to None, run_after=None
[2023-12-10 20:37:33,751] {processor.py:161} INFO - Processing /home/vmac/lab3/lab3/lib/python3.10/site-packages/airflow/example_dags/example_external_task_marker_dag.py took 0.079 seconds
[2023-12-10 20:38:08,353] {processor.py:153} INFO - Started process (PID=13615) to work on /home/vmac/lab3/lab3/lib/python3.10/site-packages/airflow/example_dags/example_external_task_marker_dag.py
[2023-12-10 20:38:08,353] {processor.py:641} INFO - Processing file /home/vmac/lab3/lab3/lib/python3.10/site-packages/airflow/example_dags/example_external_task_marker_dag.py for tasks to queue
[2023-12-10 20:38:08,353] {logging_mixin.py:115} INFO - [2023-12-10 20:38:08,353] {dagbag.py:507} INFO - Filling up the DagBag from /home/vmac/lab3/lab3/lib/python3.10/site-packages/airflow/example_dags/example_external_task_marker_dag.py
[2023-12-10 20:38:08,356] {processor.py:651} INFO - DAG(s) dict_keys(['example_external_task_marker_parent', 'example_external_task_marker_child']) retrieved from /home/vmac/lab3/lab3/lib/python3.10/site-packages/airflow/example_dags/example_external_task_marker_dag.py
[2023-12-10 20:38:08,377] {logging_mixin.py:115} INFO - [2023-12-10 20:38:08,377] {dag.py:2371} INFO - Sync 2 DAGs
[2023-12-10 20:38:08,389] {logging_mixin.py:115} INFO - [2023-12-10 20:38:08,389] {dag.py:2915} INFO - Setting next_dagrun for example_external_task_marker_child to None, run_after=None
[2023-12-10 20:38:08,389] {logging_mixin.py:115} INFO - [2023-12-10 20:38:08,389] {dag.py:2915} INFO - Setting next_dagrun for example_external_task_marker_parent to None, run_after=None
[2023-12-10 20:38:08,398] {processor.py:161} INFO - Processing /home/vmac/lab3/lab3/lib/python3.10/site-packages/airflow/example_dags/example_external_task_marker_dag.py took 0.047 seconds
[2023-12-10 20:38:40,939] {processor.py:153} INFO - Started process (PID=13661) to work on /home/vmac/lab3/lab3/lib/python3.10/site-packages/airflow/example_dags/example_external_task_marker_dag.py
[2023-12-10 20:38:40,940] {processor.py:641} INFO - Processing file /home/vmac/lab3/lab3/lib/python3.10/site-packages/airflow/example_dags/example_external_task_marker_dag.py for tasks to queue
[2023-12-10 20:38:40,940] {logging_mixin.py:115} INFO - [2023-12-10 20:38:40,940] {dagbag.py:507} INFO - Filling up the DagBag from /home/vmac/lab3/lab3/lib/python3.10/site-packages/airflow/example_dags/example_external_task_marker_dag.py
[2023-12-10 20:38:40,943] {processor.py:651} INFO - DAG(s) dict_keys(['example_external_task_marker_parent', 'example_external_task_marker_child']) retrieved from /home/vmac/lab3/lab3/lib/python3.10/site-packages/airflow/example_dags/example_external_task_marker_dag.py
[2023-12-10 20:38:40,967] {logging_mixin.py:115} INFO - [2023-12-10 20:38:40,967] {dag.py:2371} INFO - Sync 2 DAGs
[2023-12-10 20:38:40,979] {logging_mixin.py:115} INFO - [2023-12-10 20:38:40,979] {dag.py:2915} INFO - Setting next_dagrun for example_external_task_marker_child to None, run_after=None
[2023-12-10 20:38:40,979] {logging_mixin.py:115} INFO - [2023-12-10 20:38:40,979] {dag.py:2915} INFO - Setting next_dagrun for example_external_task_marker_parent to None, run_after=None
[2023-12-10 20:38:40,989] {processor.py:161} INFO - Processing /home/vmac/lab3/lab3/lib/python3.10/site-packages/airflow/example_dags/example_external_task_marker_dag.py took 0.051 seconds
[2023-12-10 20:39:14,960] {processor.py:153} INFO - Started process (PID=13698) to work on /home/vmac/lab3/lab3/lib/python3.10/site-packages/airflow/example_dags/example_external_task_marker_dag.py
[2023-12-10 20:39:14,960] {processor.py:641} INFO - Processing file /home/vmac/lab3/lab3/lib/python3.10/site-packages/airflow/example_dags/example_external_task_marker_dag.py for tasks to queue
[2023-12-10 20:39:14,961] {logging_mixin.py:115} INFO - [2023-12-10 20:39:14,960] {dagbag.py:507} INFO - Filling up the DagBag from /home/vmac/lab3/lab3/lib/python3.10/site-packages/airflow/example_dags/example_external_task_marker_dag.py
[2023-12-10 20:39:14,964] {processor.py:651} INFO - DAG(s) dict_keys(['example_external_task_marker_parent', 'example_external_task_marker_child']) retrieved from /home/vmac/lab3/lab3/lib/python3.10/site-packages/airflow/example_dags/example_external_task_marker_dag.py
[2023-12-10 20:39:14,982] {logging_mixin.py:115} INFO - [2023-12-10 20:39:14,982] {dag.py:2371} INFO - Sync 2 DAGs
[2023-12-10 20:39:14,993] {logging_mixin.py:115} INFO - [2023-12-10 20:39:14,993] {dag.py:2915} INFO - Setting next_dagrun for example_external_task_marker_child to None, run_after=None
[2023-12-10 20:39:14,993] {logging_mixin.py:115} INFO - [2023-12-10 20:39:14,993] {dag.py:2915} INFO - Setting next_dagrun for example_external_task_marker_parent to None, run_after=None
[2023-12-10 20:39:15,002] {processor.py:161} INFO - Processing /home/vmac/lab3/lab3/lib/python3.10/site-packages/airflow/example_dags/example_external_task_marker_dag.py took 0.044 seconds
[2023-12-10 20:39:48,756] {processor.py:153} INFO - Started process (PID=13733) to work on /home/vmac/lab3/lab3/lib/python3.10/site-packages/airflow/example_dags/example_external_task_marker_dag.py
[2023-12-10 20:39:48,756] {processor.py:641} INFO - Processing file /home/vmac/lab3/lab3/lib/python3.10/site-packages/airflow/example_dags/example_external_task_marker_dag.py for tasks to queue
[2023-12-10 20:39:48,757] {logging_mixin.py:115} INFO - [2023-12-10 20:39:48,757] {dagbag.py:507} INFO - Filling up the DagBag from /home/vmac/lab3/lab3/lib/python3.10/site-packages/airflow/example_dags/example_external_task_marker_dag.py
[2023-12-10 20:39:48,760] {processor.py:651} INFO - DAG(s) dict_keys(['example_external_task_marker_parent', 'example_external_task_marker_child']) retrieved from /home/vmac/lab3/lab3/lib/python3.10/site-packages/airflow/example_dags/example_external_task_marker_dag.py
[2023-12-10 20:39:48,779] {logging_mixin.py:115} INFO - [2023-12-10 20:39:48,779] {dag.py:2371} INFO - Sync 2 DAGs
[2023-12-10 20:39:48,790] {logging_mixin.py:115} INFO - [2023-12-10 20:39:48,790] {dag.py:2915} INFO - Setting next_dagrun for example_external_task_marker_child to None, run_after=None
[2023-12-10 20:39:48,790] {logging_mixin.py:115} INFO - [2023-12-10 20:39:48,790] {dag.py:2915} INFO - Setting next_dagrun for example_external_task_marker_parent to None, run_after=None
[2023-12-10 20:39:48,800] {processor.py:161} INFO - Processing /home/vmac/lab3/lab3/lib/python3.10/site-packages/airflow/example_dags/example_external_task_marker_dag.py took 0.046 seconds
[2023-12-10 20:40:22,070] {processor.py:153} INFO - Started process (PID=13772) to work on /home/vmac/lab3/lab3/lib/python3.10/site-packages/airflow/example_dags/example_external_task_marker_dag.py
[2023-12-10 20:40:22,071] {processor.py:641} INFO - Processing file /home/vmac/lab3/lab3/lib/python3.10/site-packages/airflow/example_dags/example_external_task_marker_dag.py for tasks to queue
[2023-12-10 20:40:22,071] {logging_mixin.py:115} INFO - [2023-12-10 20:40:22,071] {dagbag.py:507} INFO - Filling up the DagBag from /home/vmac/lab3/lab3/lib/python3.10/site-packages/airflow/example_dags/example_external_task_marker_dag.py
[2023-12-10 20:40:22,074] {processor.py:651} INFO - DAG(s) dict_keys(['example_external_task_marker_parent', 'example_external_task_marker_child']) retrieved from /home/vmac/lab3/lab3/lib/python3.10/site-packages/airflow/example_dags/example_external_task_marker_dag.py
[2023-12-10 20:40:22,093] {logging_mixin.py:115} INFO - [2023-12-10 20:40:22,093] {dag.py:2371} INFO - Sync 2 DAGs
[2023-12-10 20:40:22,104] {logging_mixin.py:115} INFO - [2023-12-10 20:40:22,104] {dag.py:2915} INFO - Setting next_dagrun for example_external_task_marker_child to None, run_after=None
[2023-12-10 20:40:22,104] {logging_mixin.py:115} INFO - [2023-12-10 20:40:22,104] {dag.py:2915} INFO - Setting next_dagrun for example_external_task_marker_parent to None, run_after=None
[2023-12-10 20:40:22,115] {processor.py:161} INFO - Processing /home/vmac/lab3/lab3/lib/python3.10/site-packages/airflow/example_dags/example_external_task_marker_dag.py took 0.046 seconds
[2023-12-10 20:40:54,977] {processor.py:153} INFO - Started process (PID=13811) to work on /home/vmac/lab3/lab3/lib/python3.10/site-packages/airflow/example_dags/example_external_task_marker_dag.py
[2023-12-10 20:40:54,978] {processor.py:641} INFO - Processing file /home/vmac/lab3/lab3/lib/python3.10/site-packages/airflow/example_dags/example_external_task_marker_dag.py for tasks to queue
[2023-12-10 20:40:54,978] {logging_mixin.py:115} INFO - [2023-12-10 20:40:54,978] {dagbag.py:507} INFO - Filling up the DagBag from /home/vmac/lab3/lab3/lib/python3.10/site-packages/airflow/example_dags/example_external_task_marker_dag.py
[2023-12-10 20:40:54,981] {processor.py:651} INFO - DAG(s) dict_keys(['example_external_task_marker_parent', 'example_external_task_marker_child']) retrieved from /home/vmac/lab3/lab3/lib/python3.10/site-packages/airflow/example_dags/example_external_task_marker_dag.py
[2023-12-10 20:40:55,001] {logging_mixin.py:115} INFO - [2023-12-10 20:40:55,001] {dag.py:2371} INFO - Sync 2 DAGs
[2023-12-10 20:40:55,012] {logging_mixin.py:115} INFO - [2023-12-10 20:40:55,012] {dag.py:2915} INFO - Setting next_dagrun for example_external_task_marker_child to None, run_after=None
[2023-12-10 20:40:55,012] {logging_mixin.py:115} INFO - [2023-12-10 20:40:55,012] {dag.py:2915} INFO - Setting next_dagrun for example_external_task_marker_parent to None, run_after=None
[2023-12-10 20:40:55,021] {processor.py:161} INFO - Processing /home/vmac/lab3/lab3/lib/python3.10/site-packages/airflow/example_dags/example_external_task_marker_dag.py took 0.046 seconds
[2023-12-10 20:41:26,716] {processor.py:153} INFO - Started process (PID=13846) to work on /home/vmac/lab3/lab3/lib/python3.10/site-packages/airflow/example_dags/example_external_task_marker_dag.py
[2023-12-10 20:41:26,717] {processor.py:641} INFO - Processing file /home/vmac/lab3/lab3/lib/python3.10/site-packages/airflow/example_dags/example_external_task_marker_dag.py for tasks to queue
[2023-12-10 20:41:26,717] {logging_mixin.py:115} INFO - [2023-12-10 20:41:26,717] {dagbag.py:507} INFO - Filling up the DagBag from /home/vmac/lab3/lab3/lib/python3.10/site-packages/airflow/example_dags/example_external_task_marker_dag.py
[2023-12-10 20:41:26,720] {processor.py:651} INFO - DAG(s) dict_keys(['example_external_task_marker_parent', 'example_external_task_marker_child']) retrieved from /home/vmac/lab3/lab3/lib/python3.10/site-packages/airflow/example_dags/example_external_task_marker_dag.py
[2023-12-10 20:41:26,741] {logging_mixin.py:115} INFO - [2023-12-10 20:41:26,741] {dag.py:2371} INFO - Sync 2 DAGs
[2023-12-10 20:41:26,752] {logging_mixin.py:115} INFO - [2023-12-10 20:41:26,752] {dag.py:2915} INFO - Setting next_dagrun for example_external_task_marker_child to None, run_after=None
[2023-12-10 20:41:26,753] {logging_mixin.py:115} INFO - [2023-12-10 20:41:26,753] {dag.py:2915} INFO - Setting next_dagrun for example_external_task_marker_parent to None, run_after=None
[2023-12-10 20:41:26,763] {processor.py:161} INFO - Processing /home/vmac/lab3/lab3/lib/python3.10/site-packages/airflow/example_dags/example_external_task_marker_dag.py took 0.049 seconds
[2023-12-10 20:42:00,734] {processor.py:153} INFO - Started process (PID=13881) to work on /home/vmac/lab3/lab3/lib/python3.10/site-packages/airflow/example_dags/example_external_task_marker_dag.py
[2023-12-10 20:42:00,734] {processor.py:641} INFO - Processing file /home/vmac/lab3/lab3/lib/python3.10/site-packages/airflow/example_dags/example_external_task_marker_dag.py for tasks to queue
[2023-12-10 20:42:00,735] {logging_mixin.py:115} INFO - [2023-12-10 20:42:00,734] {dagbag.py:507} INFO - Filling up the DagBag from /home/vmac/lab3/lab3/lib/python3.10/site-packages/airflow/example_dags/example_external_task_marker_dag.py
[2023-12-10 20:42:00,737] {processor.py:651} INFO - DAG(s) dict_keys(['example_external_task_marker_parent', 'example_external_task_marker_child']) retrieved from /home/vmac/lab3/lab3/lib/python3.10/site-packages/airflow/example_dags/example_external_task_marker_dag.py
[2023-12-10 20:42:00,758] {logging_mixin.py:115} INFO - [2023-12-10 20:42:00,758] {dag.py:2371} INFO - Sync 2 DAGs
[2023-12-10 20:42:00,769] {logging_mixin.py:115} INFO - [2023-12-10 20:42:00,769] {dag.py:2915} INFO - Setting next_dagrun for example_external_task_marker_child to None, run_after=None
[2023-12-10 20:42:00,770] {logging_mixin.py:115} INFO - [2023-12-10 20:42:00,770] {dag.py:2915} INFO - Setting next_dagrun for example_external_task_marker_parent to None, run_after=None
[2023-12-10 20:42:00,779] {processor.py:161} INFO - Processing /home/vmac/lab3/lab3/lib/python3.10/site-packages/airflow/example_dags/example_external_task_marker_dag.py took 0.048 seconds
[2023-12-10 20:42:34,643] {processor.py:153} INFO - Started process (PID=13918) to work on /home/vmac/lab3/lab3/lib/python3.10/site-packages/airflow/example_dags/example_external_task_marker_dag.py
[2023-12-10 20:42:34,643] {processor.py:641} INFO - Processing file /home/vmac/lab3/lab3/lib/python3.10/site-packages/airflow/example_dags/example_external_task_marker_dag.py for tasks to queue
[2023-12-10 20:42:34,643] {logging_mixin.py:115} INFO - [2023-12-10 20:42:34,643] {dagbag.py:507} INFO - Filling up the DagBag from /home/vmac/lab3/lab3/lib/python3.10/site-packages/airflow/example_dags/example_external_task_marker_dag.py
[2023-12-10 20:42:34,656] {processor.py:651} INFO - DAG(s) dict_keys(['example_external_task_marker_parent', 'example_external_task_marker_child']) retrieved from /home/vmac/lab3/lab3/lib/python3.10/site-packages/airflow/example_dags/example_external_task_marker_dag.py
[2023-12-10 20:42:34,678] {logging_mixin.py:115} INFO - [2023-12-10 20:42:34,678] {dag.py:2371} INFO - Sync 2 DAGs
[2023-12-10 20:42:34,688] {logging_mixin.py:115} INFO - [2023-12-10 20:42:34,688] {dag.py:2915} INFO - Setting next_dagrun for example_external_task_marker_child to None, run_after=None
[2023-12-10 20:42:34,689] {logging_mixin.py:115} INFO - [2023-12-10 20:42:34,689] {dag.py:2915} INFO - Setting next_dagrun for example_external_task_marker_parent to None, run_after=None
[2023-12-10 20:42:34,699] {processor.py:161} INFO - Processing /home/vmac/lab3/lab3/lib/python3.10/site-packages/airflow/example_dags/example_external_task_marker_dag.py took 0.058 seconds
[2023-12-10 20:43:09,282] {processor.py:153} INFO - Started process (PID=13954) to work on /home/vmac/lab3/lab3/lib/python3.10/site-packages/airflow/example_dags/example_external_task_marker_dag.py
[2023-12-10 20:43:09,283] {processor.py:641} INFO - Processing file /home/vmac/lab3/lab3/lib/python3.10/site-packages/airflow/example_dags/example_external_task_marker_dag.py for tasks to queue
[2023-12-10 20:43:09,283] {logging_mixin.py:115} INFO - [2023-12-10 20:43:09,283] {dagbag.py:507} INFO - Filling up the DagBag from /home/vmac/lab3/lab3/lib/python3.10/site-packages/airflow/example_dags/example_external_task_marker_dag.py
[2023-12-10 20:43:09,287] {processor.py:651} INFO - DAG(s) dict_keys(['example_external_task_marker_parent', 'example_external_task_marker_child']) retrieved from /home/vmac/lab3/lab3/lib/python3.10/site-packages/airflow/example_dags/example_external_task_marker_dag.py
[2023-12-10 20:43:09,308] {logging_mixin.py:115} INFO - [2023-12-10 20:43:09,308] {dag.py:2371} INFO - Sync 2 DAGs
[2023-12-10 20:43:09,320] {logging_mixin.py:115} INFO - [2023-12-10 20:43:09,320] {dag.py:2915} INFO - Setting next_dagrun for example_external_task_marker_child to None, run_after=None
[2023-12-10 20:43:09,320] {logging_mixin.py:115} INFO - [2023-12-10 20:43:09,320] {dag.py:2915} INFO - Setting next_dagrun for example_external_task_marker_parent to None, run_after=None
[2023-12-10 20:43:09,335] {processor.py:161} INFO - Processing /home/vmac/lab3/lab3/lib/python3.10/site-packages/airflow/example_dags/example_external_task_marker_dag.py took 0.054 seconds
[2023-12-10 20:43:41,443] {processor.py:153} INFO - Started process (PID=13990) to work on /home/vmac/lab3/lab3/lib/python3.10/site-packages/airflow/example_dags/example_external_task_marker_dag.py
[2023-12-10 20:43:41,443] {processor.py:641} INFO - Processing file /home/vmac/lab3/lab3/lib/python3.10/site-packages/airflow/example_dags/example_external_task_marker_dag.py for tasks to queue
[2023-12-10 20:43:41,443] {logging_mixin.py:115} INFO - [2023-12-10 20:43:41,443] {dagbag.py:507} INFO - Filling up the DagBag from /home/vmac/lab3/lab3/lib/python3.10/site-packages/airflow/example_dags/example_external_task_marker_dag.py
[2023-12-10 20:43:41,446] {processor.py:651} INFO - DAG(s) dict_keys(['example_external_task_marker_parent', 'example_external_task_marker_child']) retrieved from /home/vmac/lab3/lab3/lib/python3.10/site-packages/airflow/example_dags/example_external_task_marker_dag.py
[2023-12-10 20:43:41,465] {logging_mixin.py:115} INFO - [2023-12-10 20:43:41,465] {dag.py:2371} INFO - Sync 2 DAGs
[2023-12-10 20:43:41,479] {logging_mixin.py:115} INFO - [2023-12-10 20:43:41,478] {dag.py:2915} INFO - Setting next_dagrun for example_external_task_marker_child to None, run_after=None
[2023-12-10 20:43:41,479] {logging_mixin.py:115} INFO - [2023-12-10 20:43:41,479] {dag.py:2915} INFO - Setting next_dagrun for example_external_task_marker_parent to None, run_after=None
[2023-12-10 20:43:41,488] {processor.py:161} INFO - Processing /home/vmac/lab3/lab3/lib/python3.10/site-packages/airflow/example_dags/example_external_task_marker_dag.py took 0.047 seconds
