[2023-12-10 20:35:23,318] {processor.py:153} INFO - Started process (PID=13432) to work on /home/vmac/lab3/lab3/lib/python3.10/site-packages/airflow/example_dags/tutorial.py
[2023-12-10 20:35:23,318] {processor.py:641} INFO - Processing file /home/vmac/lab3/lab3/lib/python3.10/site-packages/airflow/example_dags/tutorial.py for tasks to queue
[2023-12-10 20:35:23,319] {logging_mixin.py:115} INFO - [2023-12-10 20:35:23,319] {dagbag.py:507} INFO - Filling up the DagBag from /home/vmac/lab3/lab3/lib/python3.10/site-packages/airflow/example_dags/tutorial.py
[2023-12-10 20:35:23,323] {processor.py:651} INFO - DAG(s) dict_keys(['tutorial']) retrieved from /home/vmac/lab3/lab3/lib/python3.10/site-packages/airflow/example_dags/tutorial.py
[2023-12-10 20:35:23,380] {logging_mixin.py:115} INFO - [2023-12-10 20:35:23,380] {manager.py:508} INFO - Created Permission View: can edit on DAG:tutorial
[2023-12-10 20:35:23,389] {logging_mixin.py:115} INFO - [2023-12-10 20:35:23,389] {manager.py:508} INFO - Created Permission View: can read on DAG:tutorial
[2023-12-10 20:35:23,395] {logging_mixin.py:115} INFO - [2023-12-10 20:35:23,395] {manager.py:508} INFO - Created Permission View: can delete on DAG:tutorial
[2023-12-10 20:35:23,395] {logging_mixin.py:115} INFO - [2023-12-10 20:35:23,395] {dag.py:2371} INFO - Sync 1 DAGs
[2023-12-10 20:35:23,401] {logging_mixin.py:115} INFO - [2023-12-10 20:35:23,400] {dag.py:2390} INFO - Creating ORM DAG for tutorial
[2023-12-10 20:35:23,406] {logging_mixin.py:115} INFO - [2023-12-10 20:35:23,406] {dag.py:2915} INFO - Setting next_dagrun for tutorial to 2023-12-09T15:35:23.406760+00:00, run_after=2023-12-10T15:35:23.406760+00:00
[2023-12-10 20:35:23,422] {processor.py:161} INFO - Processing /home/vmac/lab3/lab3/lib/python3.10/site-packages/airflow/example_dags/tutorial.py took 0.107 seconds
[2023-12-10 20:35:59,404] {processor.py:153} INFO - Started process (PID=13471) to work on /home/vmac/lab3/lab3/lib/python3.10/site-packages/airflow/example_dags/tutorial.py
[2023-12-10 20:35:59,404] {processor.py:641} INFO - Processing file /home/vmac/lab3/lab3/lib/python3.10/site-packages/airflow/example_dags/tutorial.py for tasks to queue
[2023-12-10 20:35:59,404] {logging_mixin.py:115} INFO - [2023-12-10 20:35:59,404] {dagbag.py:507} INFO - Filling up the DagBag from /home/vmac/lab3/lab3/lib/python3.10/site-packages/airflow/example_dags/tutorial.py
[2023-12-10 20:35:59,409] {processor.py:651} INFO - DAG(s) dict_keys(['tutorial']) retrieved from /home/vmac/lab3/lab3/lib/python3.10/site-packages/airflow/example_dags/tutorial.py
[2023-12-10 20:35:59,420] {logging_mixin.py:115} INFO - [2023-12-10 20:35:59,420] {dag.py:2371} INFO - Sync 1 DAGs
[2023-12-10 20:35:59,435] {logging_mixin.py:115} INFO - [2023-12-10 20:35:59,435] {dag.py:2915} INFO - Setting next_dagrun for tutorial to 2023-12-09T15:35:59.434550+00:00, run_after=2023-12-10T15:35:59.434550+00:00
[2023-12-10 20:35:59,445] {processor.py:161} INFO - Processing /home/vmac/lab3/lab3/lib/python3.10/site-packages/airflow/example_dags/tutorial.py took 0.043 seconds
[2023-12-10 20:36:32,949] {processor.py:153} INFO - Started process (PID=13514) to work on /home/vmac/lab3/lab3/lib/python3.10/site-packages/airflow/example_dags/tutorial.py
[2023-12-10 20:36:32,950] {processor.py:641} INFO - Processing file /home/vmac/lab3/lab3/lib/python3.10/site-packages/airflow/example_dags/tutorial.py for tasks to queue
[2023-12-10 20:36:32,950] {logging_mixin.py:115} INFO - [2023-12-10 20:36:32,950] {dagbag.py:507} INFO - Filling up the DagBag from /home/vmac/lab3/lab3/lib/python3.10/site-packages/airflow/example_dags/tutorial.py
[2023-12-10 20:36:32,954] {processor.py:651} INFO - DAG(s) dict_keys(['tutorial']) retrieved from /home/vmac/lab3/lab3/lib/python3.10/site-packages/airflow/example_dags/tutorial.py
[2023-12-10 20:36:32,965] {logging_mixin.py:115} INFO - [2023-12-10 20:36:32,965] {dag.py:2371} INFO - Sync 1 DAGs
[2023-12-10 20:36:32,977] {logging_mixin.py:115} INFO - [2023-12-10 20:36:32,977] {dag.py:2915} INFO - Setting next_dagrun for tutorial to 2023-12-09T15:36:32.977351+00:00, run_after=2023-12-10T15:36:32.977351+00:00
[2023-12-10 20:36:32,986] {processor.py:161} INFO - Processing /home/vmac/lab3/lab3/lib/python3.10/site-packages/airflow/example_dags/tutorial.py took 0.038 seconds
[2023-12-10 20:37:06,142] {processor.py:153} INFO - Started process (PID=13549) to work on /home/vmac/lab3/lab3/lib/python3.10/site-packages/airflow/example_dags/tutorial.py
[2023-12-10 20:37:06,142] {processor.py:641} INFO - Processing file /home/vmac/lab3/lab3/lib/python3.10/site-packages/airflow/example_dags/tutorial.py for tasks to queue
[2023-12-10 20:37:06,143] {logging_mixin.py:115} INFO - [2023-12-10 20:37:06,143] {dagbag.py:507} INFO - Filling up the DagBag from /home/vmac/lab3/lab3/lib/python3.10/site-packages/airflow/example_dags/tutorial.py
[2023-12-10 20:37:06,147] {processor.py:651} INFO - DAG(s) dict_keys(['tutorial']) retrieved from /home/vmac/lab3/lab3/lib/python3.10/site-packages/airflow/example_dags/tutorial.py
[2023-12-10 20:37:06,160] {logging_mixin.py:115} INFO - [2023-12-10 20:37:06,160] {dag.py:2371} INFO - Sync 1 DAGs
[2023-12-10 20:37:06,174] {logging_mixin.py:115} INFO - [2023-12-10 20:37:06,174] {dag.py:2915} INFO - Setting next_dagrun for tutorial to 2023-12-09T15:37:06.174256+00:00, run_after=2023-12-10T15:37:06.174256+00:00
[2023-12-10 20:37:06,183] {processor.py:161} INFO - Processing /home/vmac/lab3/lab3/lib/python3.10/site-packages/airflow/example_dags/tutorial.py took 0.043 seconds
[2023-12-10 20:37:40,353] {processor.py:153} INFO - Started process (PID=13586) to work on /home/vmac/lab3/lab3/lib/python3.10/site-packages/airflow/example_dags/tutorial.py
[2023-12-10 20:37:40,353] {processor.py:641} INFO - Processing file /home/vmac/lab3/lab3/lib/python3.10/site-packages/airflow/example_dags/tutorial.py for tasks to queue
[2023-12-10 20:37:40,354] {logging_mixin.py:115} INFO - [2023-12-10 20:37:40,353] {dagbag.py:507} INFO - Filling up the DagBag from /home/vmac/lab3/lab3/lib/python3.10/site-packages/airflow/example_dags/tutorial.py
[2023-12-10 20:37:40,358] {processor.py:651} INFO - DAG(s) dict_keys(['tutorial']) retrieved from /home/vmac/lab3/lab3/lib/python3.10/site-packages/airflow/example_dags/tutorial.py
[2023-12-10 20:37:40,369] {logging_mixin.py:115} INFO - [2023-12-10 20:37:40,369] {dag.py:2371} INFO - Sync 1 DAGs
[2023-12-10 20:37:40,382] {logging_mixin.py:115} INFO - [2023-12-10 20:37:40,382] {dag.py:2915} INFO - Setting next_dagrun for tutorial to 2023-12-09T15:37:40.382185+00:00, run_after=2023-12-10T15:37:40.382185+00:00
[2023-12-10 20:37:40,391] {processor.py:161} INFO - Processing /home/vmac/lab3/lab3/lib/python3.10/site-packages/airflow/example_dags/tutorial.py took 0.040 seconds
[2023-12-10 20:38:14,259] {processor.py:153} INFO - Started process (PID=13621) to work on /home/vmac/lab3/lab3/lib/python3.10/site-packages/airflow/example_dags/tutorial.py
[2023-12-10 20:38:14,260] {processor.py:641} INFO - Processing file /home/vmac/lab3/lab3/lib/python3.10/site-packages/airflow/example_dags/tutorial.py for tasks to queue
[2023-12-10 20:38:14,260] {logging_mixin.py:115} INFO - [2023-12-10 20:38:14,260] {dagbag.py:507} INFO - Filling up the DagBag from /home/vmac/lab3/lab3/lib/python3.10/site-packages/airflow/example_dags/tutorial.py
[2023-12-10 20:38:14,264] {processor.py:651} INFO - DAG(s) dict_keys(['tutorial']) retrieved from /home/vmac/lab3/lab3/lib/python3.10/site-packages/airflow/example_dags/tutorial.py
[2023-12-10 20:38:14,277] {logging_mixin.py:115} INFO - [2023-12-10 20:38:14,277] {dag.py:2371} INFO - Sync 1 DAGs
[2023-12-10 20:38:14,291] {logging_mixin.py:115} INFO - [2023-12-10 20:38:14,291] {dag.py:2915} INFO - Setting next_dagrun for tutorial to 2023-12-09T15:38:14.290855+00:00, run_after=2023-12-10T15:38:14.290855+00:00
[2023-12-10 20:38:14,301] {processor.py:161} INFO - Processing /home/vmac/lab3/lab3/lib/python3.10/site-packages/airflow/example_dags/tutorial.py took 0.044 seconds
[2023-12-10 20:38:46,837] {processor.py:153} INFO - Started process (PID=13667) to work on /home/vmac/lab3/lab3/lib/python3.10/site-packages/airflow/example_dags/tutorial.py
[2023-12-10 20:38:46,837] {processor.py:641} INFO - Processing file /home/vmac/lab3/lab3/lib/python3.10/site-packages/airflow/example_dags/tutorial.py for tasks to queue
[2023-12-10 20:38:46,838] {logging_mixin.py:115} INFO - [2023-12-10 20:38:46,838] {dagbag.py:507} INFO - Filling up the DagBag from /home/vmac/lab3/lab3/lib/python3.10/site-packages/airflow/example_dags/tutorial.py
[2023-12-10 20:38:46,842] {processor.py:651} INFO - DAG(s) dict_keys(['tutorial']) retrieved from /home/vmac/lab3/lab3/lib/python3.10/site-packages/airflow/example_dags/tutorial.py
[2023-12-10 20:38:46,853] {logging_mixin.py:115} INFO - [2023-12-10 20:38:46,853] {dag.py:2371} INFO - Sync 1 DAGs
[2023-12-10 20:38:46,866] {logging_mixin.py:115} INFO - [2023-12-10 20:38:46,866] {dag.py:2915} INFO - Setting next_dagrun for tutorial to 2023-12-09T15:38:46.866376+00:00, run_after=2023-12-10T15:38:46.866376+00:00
[2023-12-10 20:38:46,875] {processor.py:161} INFO - Processing /home/vmac/lab3/lab3/lib/python3.10/site-packages/airflow/example_dags/tutorial.py took 0.040 seconds
[2023-12-10 20:39:21,766] {processor.py:153} INFO - Started process (PID=13705) to work on /home/vmac/lab3/lab3/lib/python3.10/site-packages/airflow/example_dags/tutorial.py
[2023-12-10 20:39:21,766] {processor.py:641} INFO - Processing file /home/vmac/lab3/lab3/lib/python3.10/site-packages/airflow/example_dags/tutorial.py for tasks to queue
[2023-12-10 20:39:21,766] {logging_mixin.py:115} INFO - [2023-12-10 20:39:21,766] {dagbag.py:507} INFO - Filling up the DagBag from /home/vmac/lab3/lab3/lib/python3.10/site-packages/airflow/example_dags/tutorial.py
[2023-12-10 20:39:21,771] {processor.py:651} INFO - DAG(s) dict_keys(['tutorial']) retrieved from /home/vmac/lab3/lab3/lib/python3.10/site-packages/airflow/example_dags/tutorial.py
[2023-12-10 20:39:21,782] {logging_mixin.py:115} INFO - [2023-12-10 20:39:21,782] {dag.py:2371} INFO - Sync 1 DAGs
[2023-12-10 20:39:21,797] {logging_mixin.py:115} INFO - [2023-12-10 20:39:21,797] {dag.py:2915} INFO - Setting next_dagrun for tutorial to 2023-12-09T15:39:21.797062+00:00, run_after=2023-12-10T15:39:21.797062+00:00
[2023-12-10 20:39:21,807] {processor.py:161} INFO - Processing /home/vmac/lab3/lab3/lib/python3.10/site-packages/airflow/example_dags/tutorial.py took 0.044 seconds
[2023-12-10 20:39:54,198] {processor.py:153} INFO - Started process (PID=13739) to work on /home/vmac/lab3/lab3/lib/python3.10/site-packages/airflow/example_dags/tutorial.py
[2023-12-10 20:39:54,199] {processor.py:641} INFO - Processing file /home/vmac/lab3/lab3/lib/python3.10/site-packages/airflow/example_dags/tutorial.py for tasks to queue
[2023-12-10 20:39:54,199] {logging_mixin.py:115} INFO - [2023-12-10 20:39:54,199] {dagbag.py:507} INFO - Filling up the DagBag from /home/vmac/lab3/lab3/lib/python3.10/site-packages/airflow/example_dags/tutorial.py
[2023-12-10 20:39:54,210] {processor.py:651} INFO - DAG(s) dict_keys(['tutorial']) retrieved from /home/vmac/lab3/lab3/lib/python3.10/site-packages/airflow/example_dags/tutorial.py
[2023-12-10 20:39:54,226] {logging_mixin.py:115} INFO - [2023-12-10 20:39:54,226] {dag.py:2371} INFO - Sync 1 DAGs
[2023-12-10 20:39:54,247] {logging_mixin.py:115} INFO - [2023-12-10 20:39:54,247] {dag.py:2915} INFO - Setting next_dagrun for tutorial to 2023-12-09T15:39:54.247056+00:00, run_after=2023-12-10T15:39:54.247056+00:00
[2023-12-10 20:39:54,258] {processor.py:161} INFO - Processing /home/vmac/lab3/lab3/lib/python3.10/site-packages/airflow/example_dags/tutorial.py took 0.063 seconds
[2023-12-10 20:40:27,037] {processor.py:153} INFO - Started process (PID=13783) to work on /home/vmac/lab3/lab3/lib/python3.10/site-packages/airflow/example_dags/tutorial.py
[2023-12-10 20:40:27,037] {processor.py:641} INFO - Processing file /home/vmac/lab3/lab3/lib/python3.10/site-packages/airflow/example_dags/tutorial.py for tasks to queue
[2023-12-10 20:40:27,038] {logging_mixin.py:115} INFO - [2023-12-10 20:40:27,037] {dagbag.py:507} INFO - Filling up the DagBag from /home/vmac/lab3/lab3/lib/python3.10/site-packages/airflow/example_dags/tutorial.py
[2023-12-10 20:40:27,041] {processor.py:651} INFO - DAG(s) dict_keys(['tutorial']) retrieved from /home/vmac/lab3/lab3/lib/python3.10/site-packages/airflow/example_dags/tutorial.py
[2023-12-10 20:40:27,058] {logging_mixin.py:115} INFO - [2023-12-10 20:40:27,058] {dag.py:2371} INFO - Sync 1 DAGs
[2023-12-10 20:40:27,069] {logging_mixin.py:115} INFO - [2023-12-10 20:40:27,069] {dag.py:2915} INFO - Setting next_dagrun for tutorial to 2023-12-09T15:40:27.069332+00:00, run_after=2023-12-10T15:40:27.069332+00:00
[2023-12-10 20:40:27,079] {processor.py:161} INFO - Processing /home/vmac/lab3/lab3/lib/python3.10/site-packages/airflow/example_dags/tutorial.py took 0.044 seconds
[2023-12-10 20:41:00,835] {processor.py:153} INFO - Started process (PID=13817) to work on /home/vmac/lab3/lab3/lib/python3.10/site-packages/airflow/example_dags/tutorial.py
[2023-12-10 20:41:00,835] {processor.py:641} INFO - Processing file /home/vmac/lab3/lab3/lib/python3.10/site-packages/airflow/example_dags/tutorial.py for tasks to queue
[2023-12-10 20:41:00,835] {logging_mixin.py:115} INFO - [2023-12-10 20:41:00,835] {dagbag.py:507} INFO - Filling up the DagBag from /home/vmac/lab3/lab3/lib/python3.10/site-packages/airflow/example_dags/tutorial.py
[2023-12-10 20:41:00,840] {processor.py:651} INFO - DAG(s) dict_keys(['tutorial']) retrieved from /home/vmac/lab3/lab3/lib/python3.10/site-packages/airflow/example_dags/tutorial.py
[2023-12-10 20:41:00,854] {logging_mixin.py:115} INFO - [2023-12-10 20:41:00,854] {dag.py:2371} INFO - Sync 1 DAGs
[2023-12-10 20:41:00,865] {logging_mixin.py:115} INFO - [2023-12-10 20:41:00,865] {dag.py:2915} INFO - Setting next_dagrun for tutorial to 2023-12-09T15:41:00.865063+00:00, run_after=2023-12-10T15:41:00.865063+00:00
[2023-12-10 20:41:00,876] {processor.py:161} INFO - Processing /home/vmac/lab3/lab3/lib/python3.10/site-packages/airflow/example_dags/tutorial.py took 0.043 seconds
[2023-12-10 20:41:33,030] {processor.py:153} INFO - Started process (PID=13852) to work on /home/vmac/lab3/lab3/lib/python3.10/site-packages/airflow/example_dags/tutorial.py
[2023-12-10 20:41:33,031] {processor.py:641} INFO - Processing file /home/vmac/lab3/lab3/lib/python3.10/site-packages/airflow/example_dags/tutorial.py for tasks to queue
[2023-12-10 20:41:33,031] {logging_mixin.py:115} INFO - [2023-12-10 20:41:33,031] {dagbag.py:507} INFO - Filling up the DagBag from /home/vmac/lab3/lab3/lib/python3.10/site-packages/airflow/example_dags/tutorial.py
[2023-12-10 20:41:33,035] {processor.py:651} INFO - DAG(s) dict_keys(['tutorial']) retrieved from /home/vmac/lab3/lab3/lib/python3.10/site-packages/airflow/example_dags/tutorial.py
[2023-12-10 20:41:33,048] {logging_mixin.py:115} INFO - [2023-12-10 20:41:33,048] {dag.py:2371} INFO - Sync 1 DAGs
[2023-12-10 20:41:33,059] {logging_mixin.py:115} INFO - [2023-12-10 20:41:33,059] {dag.py:2915} INFO - Setting next_dagrun for tutorial to 2023-12-09T15:41:33.059279+00:00, run_after=2023-12-10T15:41:33.059279+00:00
[2023-12-10 20:41:33,201] {processor.py:161} INFO - Processing /home/vmac/lab3/lab3/lib/python3.10/site-packages/airflow/example_dags/tutorial.py took 0.172 seconds
[2023-12-10 20:42:07,300] {processor.py:153} INFO - Started process (PID=13888) to work on /home/vmac/lab3/lab3/lib/python3.10/site-packages/airflow/example_dags/tutorial.py
[2023-12-10 20:42:07,300] {processor.py:641} INFO - Processing file /home/vmac/lab3/lab3/lib/python3.10/site-packages/airflow/example_dags/tutorial.py for tasks to queue
[2023-12-10 20:42:07,300] {logging_mixin.py:115} INFO - [2023-12-10 20:42:07,300] {dagbag.py:507} INFO - Filling up the DagBag from /home/vmac/lab3/lab3/lib/python3.10/site-packages/airflow/example_dags/tutorial.py
[2023-12-10 20:42:07,305] {processor.py:651} INFO - DAG(s) dict_keys(['tutorial']) retrieved from /home/vmac/lab3/lab3/lib/python3.10/site-packages/airflow/example_dags/tutorial.py
[2023-12-10 20:42:07,320] {logging_mixin.py:115} INFO - [2023-12-10 20:42:07,320] {dag.py:2371} INFO - Sync 1 DAGs
[2023-12-10 20:42:07,334] {logging_mixin.py:115} INFO - [2023-12-10 20:42:07,334] {dag.py:2915} INFO - Setting next_dagrun for tutorial to 2023-12-09T15:42:07.333878+00:00, run_after=2023-12-10T15:42:07.333878+00:00
[2023-12-10 20:42:07,343] {processor.py:161} INFO - Processing /home/vmac/lab3/lab3/lib/python3.10/site-packages/airflow/example_dags/tutorial.py took 0.045 seconds
[2023-12-10 20:42:40,880] {processor.py:153} INFO - Started process (PID=13924) to work on /home/vmac/lab3/lab3/lib/python3.10/site-packages/airflow/example_dags/tutorial.py
[2023-12-10 20:42:40,880] {processor.py:641} INFO - Processing file /home/vmac/lab3/lab3/lib/python3.10/site-packages/airflow/example_dags/tutorial.py for tasks to queue
[2023-12-10 20:42:40,881] {logging_mixin.py:115} INFO - [2023-12-10 20:42:40,881] {dagbag.py:507} INFO - Filling up the DagBag from /home/vmac/lab3/lab3/lib/python3.10/site-packages/airflow/example_dags/tutorial.py
[2023-12-10 20:42:40,885] {processor.py:651} INFO - DAG(s) dict_keys(['tutorial']) retrieved from /home/vmac/lab3/lab3/lib/python3.10/site-packages/airflow/example_dags/tutorial.py
[2023-12-10 20:42:40,898] {logging_mixin.py:115} INFO - [2023-12-10 20:42:40,898] {dag.py:2371} INFO - Sync 1 DAGs
[2023-12-10 20:42:40,909] {logging_mixin.py:115} INFO - [2023-12-10 20:42:40,909] {dag.py:2915} INFO - Setting next_dagrun for tutorial to 2023-12-09T15:42:40.909285+00:00, run_after=2023-12-10T15:42:40.909285+00:00
[2023-12-10 20:42:40,918] {processor.py:161} INFO - Processing /home/vmac/lab3/lab3/lib/python3.10/site-packages/airflow/example_dags/tutorial.py took 0.040 seconds
[2023-12-10 20:43:14,582] {processor.py:153} INFO - Started process (PID=13960) to work on /home/vmac/lab3/lab3/lib/python3.10/site-packages/airflow/example_dags/tutorial.py
[2023-12-10 20:43:14,582] {processor.py:641} INFO - Processing file /home/vmac/lab3/lab3/lib/python3.10/site-packages/airflow/example_dags/tutorial.py for tasks to queue
[2023-12-10 20:43:14,583] {logging_mixin.py:115} INFO - [2023-12-10 20:43:14,583] {dagbag.py:507} INFO - Filling up the DagBag from /home/vmac/lab3/lab3/lib/python3.10/site-packages/airflow/example_dags/tutorial.py
[2023-12-10 20:43:14,587] {processor.py:651} INFO - DAG(s) dict_keys(['tutorial']) retrieved from /home/vmac/lab3/lab3/lib/python3.10/site-packages/airflow/example_dags/tutorial.py
[2023-12-10 20:43:14,600] {logging_mixin.py:115} INFO - [2023-12-10 20:43:14,600] {dag.py:2371} INFO - Sync 1 DAGs
[2023-12-10 20:43:14,611] {logging_mixin.py:115} INFO - [2023-12-10 20:43:14,611] {dag.py:2915} INFO - Setting next_dagrun for tutorial to 2023-12-09T15:43:14.611567+00:00, run_after=2023-12-10T15:43:14.611567+00:00
[2023-12-10 20:43:14,621] {processor.py:161} INFO - Processing /home/vmac/lab3/lab3/lib/python3.10/site-packages/airflow/example_dags/tutorial.py took 0.041 seconds
[2023-12-10 20:43:47,817] {processor.py:153} INFO - Started process (PID=13996) to work on /home/vmac/lab3/lab3/lib/python3.10/site-packages/airflow/example_dags/tutorial.py
[2023-12-10 20:43:47,818] {processor.py:641} INFO - Processing file /home/vmac/lab3/lab3/lib/python3.10/site-packages/airflow/example_dags/tutorial.py for tasks to queue
[2023-12-10 20:43:47,818] {logging_mixin.py:115} INFO - [2023-12-10 20:43:47,818] {dagbag.py:507} INFO - Filling up the DagBag from /home/vmac/lab3/lab3/lib/python3.10/site-packages/airflow/example_dags/tutorial.py
[2023-12-10 20:43:47,822] {processor.py:651} INFO - DAG(s) dict_keys(['tutorial']) retrieved from /home/vmac/lab3/lab3/lib/python3.10/site-packages/airflow/example_dags/tutorial.py
[2023-12-10 20:43:47,835] {logging_mixin.py:115} INFO - [2023-12-10 20:43:47,835] {dag.py:2371} INFO - Sync 1 DAGs
[2023-12-10 20:43:47,846] {logging_mixin.py:115} INFO - [2023-12-10 20:43:47,846] {dag.py:2915} INFO - Setting next_dagrun for tutorial to 2023-12-09T15:43:47.846120+00:00, run_after=2023-12-10T15:43:47.846120+00:00
[2023-12-10 20:43:47,855] {processor.py:161} INFO - Processing /home/vmac/lab3/lab3/lib/python3.10/site-packages/airflow/example_dags/tutorial.py took 0.040 seconds
