[2023-12-10 20:35:27,045] {processor.py:153} INFO - Started process (PID=13436) to work on /home/vmac/lab3/lab3/lib/python3.10/site-packages/airflow/example_dags/tutorial_taskflow_api_etl.py
[2023-12-10 20:35:27,045] {processor.py:641} INFO - Processing file /home/vmac/lab3/lab3/lib/python3.10/site-packages/airflow/example_dags/tutorial_taskflow_api_etl.py for tasks to queue
[2023-12-10 20:35:27,045] {logging_mixin.py:115} INFO - [2023-12-10 20:35:27,045] {dagbag.py:507} INFO - Filling up the DagBag from /home/vmac/lab3/lab3/lib/python3.10/site-packages/airflow/example_dags/tutorial_taskflow_api_etl.py
[2023-12-10 20:35:27,060] {processor.py:651} INFO - DAG(s) dict_keys(['tutorial_taskflow_api_etl']) retrieved from /home/vmac/lab3/lab3/lib/python3.10/site-packages/airflow/example_dags/tutorial_taskflow_api_etl.py
[2023-12-10 20:35:27,105] {logging_mixin.py:115} INFO - [2023-12-10 20:35:27,105] {manager.py:508} INFO - Created Permission View: can edit on DAG:tutorial_taskflow_api_etl
[2023-12-10 20:35:27,113] {logging_mixin.py:115} INFO - [2023-12-10 20:35:27,113] {manager.py:508} INFO - Created Permission View: can read on DAG:tutorial_taskflow_api_etl
[2023-12-10 20:35:27,118] {logging_mixin.py:115} INFO - [2023-12-10 20:35:27,118] {manager.py:508} INFO - Created Permission View: can delete on DAG:tutorial_taskflow_api_etl
[2023-12-10 20:35:27,118] {logging_mixin.py:115} INFO - [2023-12-10 20:35:27,118] {dag.py:2371} INFO - Sync 1 DAGs
[2023-12-10 20:35:27,124] {logging_mixin.py:115} INFO - [2023-12-10 20:35:27,123] {dag.py:2390} INFO - Creating ORM DAG for tutorial_taskflow_api_etl
[2023-12-10 20:35:27,132] {logging_mixin.py:115} INFO - [2023-12-10 20:35:27,132] {dag.py:2915} INFO - Setting next_dagrun for tutorial_taskflow_api_etl to None, run_after=None
[2023-12-10 20:35:27,144] {processor.py:161} INFO - Processing /home/vmac/lab3/lab3/lib/python3.10/site-packages/airflow/example_dags/tutorial_taskflow_api_etl.py took 0.101 seconds
[2023-12-10 20:36:02,327] {processor.py:153} INFO - Started process (PID=13475) to work on /home/vmac/lab3/lab3/lib/python3.10/site-packages/airflow/example_dags/tutorial_taskflow_api_etl.py
[2023-12-10 20:36:02,329] {processor.py:641} INFO - Processing file /home/vmac/lab3/lab3/lib/python3.10/site-packages/airflow/example_dags/tutorial_taskflow_api_etl.py for tasks to queue
[2023-12-10 20:36:02,330] {logging_mixin.py:115} INFO - [2023-12-10 20:36:02,330] {dagbag.py:507} INFO - Filling up the DagBag from /home/vmac/lab3/lab3/lib/python3.10/site-packages/airflow/example_dags/tutorial_taskflow_api_etl.py
[2023-12-10 20:36:02,359] {processor.py:651} INFO - DAG(s) dict_keys(['tutorial_taskflow_api_etl']) retrieved from /home/vmac/lab3/lab3/lib/python3.10/site-packages/airflow/example_dags/tutorial_taskflow_api_etl.py
[2023-12-10 20:36:02,393] {logging_mixin.py:115} INFO - [2023-12-10 20:36:02,393] {dag.py:2371} INFO - Sync 1 DAGs
[2023-12-10 20:36:02,407] {logging_mixin.py:115} INFO - [2023-12-10 20:36:02,407] {dag.py:2915} INFO - Setting next_dagrun for tutorial_taskflow_api_etl to None, run_after=None
[2023-12-10 20:36:02,420] {processor.py:161} INFO - Processing /home/vmac/lab3/lab3/lib/python3.10/site-packages/airflow/example_dags/tutorial_taskflow_api_etl.py took 0.095 seconds
[2023-12-10 20:36:36,359] {processor.py:153} INFO - Started process (PID=13518) to work on /home/vmac/lab3/lab3/lib/python3.10/site-packages/airflow/example_dags/tutorial_taskflow_api_etl.py
[2023-12-10 20:36:36,360] {processor.py:641} INFO - Processing file /home/vmac/lab3/lab3/lib/python3.10/site-packages/airflow/example_dags/tutorial_taskflow_api_etl.py for tasks to queue
[2023-12-10 20:36:36,360] {logging_mixin.py:115} INFO - [2023-12-10 20:36:36,360] {dagbag.py:507} INFO - Filling up the DagBag from /home/vmac/lab3/lab3/lib/python3.10/site-packages/airflow/example_dags/tutorial_taskflow_api_etl.py
[2023-12-10 20:36:36,374] {processor.py:651} INFO - DAG(s) dict_keys(['tutorial_taskflow_api_etl']) retrieved from /home/vmac/lab3/lab3/lib/python3.10/site-packages/airflow/example_dags/tutorial_taskflow_api_etl.py
[2023-12-10 20:36:36,402] {logging_mixin.py:115} INFO - [2023-12-10 20:36:36,402] {dag.py:2371} INFO - Sync 1 DAGs
[2023-12-10 20:36:36,411] {logging_mixin.py:115} INFO - [2023-12-10 20:36:36,411] {dag.py:2915} INFO - Setting next_dagrun for tutorial_taskflow_api_etl to None, run_after=None
[2023-12-10 20:36:36,422] {processor.py:161} INFO - Processing /home/vmac/lab3/lab3/lib/python3.10/site-packages/airflow/example_dags/tutorial_taskflow_api_etl.py took 0.065 seconds
[2023-12-10 20:37:08,961] {processor.py:153} INFO - Started process (PID=13553) to work on /home/vmac/lab3/lab3/lib/python3.10/site-packages/airflow/example_dags/tutorial_taskflow_api_etl.py
[2023-12-10 20:37:08,962] {processor.py:641} INFO - Processing file /home/vmac/lab3/lab3/lib/python3.10/site-packages/airflow/example_dags/tutorial_taskflow_api_etl.py for tasks to queue
[2023-12-10 20:37:08,962] {logging_mixin.py:115} INFO - [2023-12-10 20:37:08,962] {dagbag.py:507} INFO - Filling up the DagBag from /home/vmac/lab3/lab3/lib/python3.10/site-packages/airflow/example_dags/tutorial_taskflow_api_etl.py
[2023-12-10 20:37:08,977] {processor.py:651} INFO - DAG(s) dict_keys(['tutorial_taskflow_api_etl']) retrieved from /home/vmac/lab3/lab3/lib/python3.10/site-packages/airflow/example_dags/tutorial_taskflow_api_etl.py
[2023-12-10 20:37:08,988] {logging_mixin.py:115} INFO - [2023-12-10 20:37:08,988] {dag.py:2371} INFO - Sync 1 DAGs
[2023-12-10 20:37:08,999] {logging_mixin.py:115} INFO - [2023-12-10 20:37:08,999] {dag.py:2915} INFO - Setting next_dagrun for tutorial_taskflow_api_etl to None, run_after=None
[2023-12-10 20:37:09,012] {processor.py:161} INFO - Processing /home/vmac/lab3/lab3/lib/python3.10/site-packages/airflow/example_dags/tutorial_taskflow_api_etl.py took 0.053 seconds
[2023-12-10 20:37:43,243] {processor.py:153} INFO - Started process (PID=13589) to work on /home/vmac/lab3/lab3/lib/python3.10/site-packages/airflow/example_dags/tutorial_taskflow_api_etl.py
[2023-12-10 20:37:43,244] {processor.py:641} INFO - Processing file /home/vmac/lab3/lab3/lib/python3.10/site-packages/airflow/example_dags/tutorial_taskflow_api_etl.py for tasks to queue
[2023-12-10 20:37:43,244] {logging_mixin.py:115} INFO - [2023-12-10 20:37:43,244] {dagbag.py:507} INFO - Filling up the DagBag from /home/vmac/lab3/lab3/lib/python3.10/site-packages/airflow/example_dags/tutorial_taskflow_api_etl.py
[2023-12-10 20:37:43,261] {processor.py:651} INFO - DAG(s) dict_keys(['tutorial_taskflow_api_etl']) retrieved from /home/vmac/lab3/lab3/lib/python3.10/site-packages/airflow/example_dags/tutorial_taskflow_api_etl.py
[2023-12-10 20:37:43,271] {logging_mixin.py:115} INFO - [2023-12-10 20:37:43,271] {dag.py:2371} INFO - Sync 1 DAGs
[2023-12-10 20:37:43,284] {logging_mixin.py:115} INFO - [2023-12-10 20:37:43,284] {dag.py:2915} INFO - Setting next_dagrun for tutorial_taskflow_api_etl to None, run_after=None
[2023-12-10 20:37:43,294] {processor.py:161} INFO - Processing /home/vmac/lab3/lab3/lib/python3.10/site-packages/airflow/example_dags/tutorial_taskflow_api_etl.py took 0.053 seconds
[2023-12-10 20:38:16,714] {processor.py:153} INFO - Started process (PID=13624) to work on /home/vmac/lab3/lab3/lib/python3.10/site-packages/airflow/example_dags/tutorial_taskflow_api_etl.py
[2023-12-10 20:38:16,715] {processor.py:641} INFO - Processing file /home/vmac/lab3/lab3/lib/python3.10/site-packages/airflow/example_dags/tutorial_taskflow_api_etl.py for tasks to queue
[2023-12-10 20:38:16,715] {logging_mixin.py:115} INFO - [2023-12-10 20:38:16,715] {dagbag.py:507} INFO - Filling up the DagBag from /home/vmac/lab3/lab3/lib/python3.10/site-packages/airflow/example_dags/tutorial_taskflow_api_etl.py
[2023-12-10 20:38:16,730] {processor.py:651} INFO - DAG(s) dict_keys(['tutorial_taskflow_api_etl']) retrieved from /home/vmac/lab3/lab3/lib/python3.10/site-packages/airflow/example_dags/tutorial_taskflow_api_etl.py
[2023-12-10 20:38:16,741] {logging_mixin.py:115} INFO - [2023-12-10 20:38:16,741] {dag.py:2371} INFO - Sync 1 DAGs
[2023-12-10 20:38:16,754] {logging_mixin.py:115} INFO - [2023-12-10 20:38:16,754] {dag.py:2915} INFO - Setting next_dagrun for tutorial_taskflow_api_etl to None, run_after=None
[2023-12-10 20:38:16,763] {processor.py:161} INFO - Processing /home/vmac/lab3/lab3/lib/python3.10/site-packages/airflow/example_dags/tutorial_taskflow_api_etl.py took 0.052 seconds
[2023-12-10 20:38:49,865] {processor.py:153} INFO - Started process (PID=13670) to work on /home/vmac/lab3/lab3/lib/python3.10/site-packages/airflow/example_dags/tutorial_taskflow_api_etl.py
[2023-12-10 20:38:49,866] {processor.py:641} INFO - Processing file /home/vmac/lab3/lab3/lib/python3.10/site-packages/airflow/example_dags/tutorial_taskflow_api_etl.py for tasks to queue
[2023-12-10 20:38:49,866] {logging_mixin.py:115} INFO - [2023-12-10 20:38:49,866] {dagbag.py:507} INFO - Filling up the DagBag from /home/vmac/lab3/lab3/lib/python3.10/site-packages/airflow/example_dags/tutorial_taskflow_api_etl.py
[2023-12-10 20:38:49,880] {processor.py:651} INFO - DAG(s) dict_keys(['tutorial_taskflow_api_etl']) retrieved from /home/vmac/lab3/lab3/lib/python3.10/site-packages/airflow/example_dags/tutorial_taskflow_api_etl.py
[2023-12-10 20:38:49,890] {logging_mixin.py:115} INFO - [2023-12-10 20:38:49,890] {dag.py:2371} INFO - Sync 1 DAGs
[2023-12-10 20:38:49,900] {logging_mixin.py:115} INFO - [2023-12-10 20:38:49,900] {dag.py:2915} INFO - Setting next_dagrun for tutorial_taskflow_api_etl to None, run_after=None
[2023-12-10 20:38:49,910] {processor.py:161} INFO - Processing /home/vmac/lab3/lab3/lib/python3.10/site-packages/airflow/example_dags/tutorial_taskflow_api_etl.py took 0.046 seconds
[2023-12-10 20:39:24,124] {processor.py:153} INFO - Started process (PID=13708) to work on /home/vmac/lab3/lab3/lib/python3.10/site-packages/airflow/example_dags/tutorial_taskflow_api_etl.py
[2023-12-10 20:39:24,125] {processor.py:641} INFO - Processing file /home/vmac/lab3/lab3/lib/python3.10/site-packages/airflow/example_dags/tutorial_taskflow_api_etl.py for tasks to queue
[2023-12-10 20:39:24,125] {logging_mixin.py:115} INFO - [2023-12-10 20:39:24,125] {dagbag.py:507} INFO - Filling up the DagBag from /home/vmac/lab3/lab3/lib/python3.10/site-packages/airflow/example_dags/tutorial_taskflow_api_etl.py
[2023-12-10 20:39:24,141] {processor.py:651} INFO - DAG(s) dict_keys(['tutorial_taskflow_api_etl']) retrieved from /home/vmac/lab3/lab3/lib/python3.10/site-packages/airflow/example_dags/tutorial_taskflow_api_etl.py
[2023-12-10 20:39:24,152] {logging_mixin.py:115} INFO - [2023-12-10 20:39:24,152] {dag.py:2371} INFO - Sync 1 DAGs
[2023-12-10 20:39:24,163] {logging_mixin.py:115} INFO - [2023-12-10 20:39:24,163] {dag.py:2915} INFO - Setting next_dagrun for tutorial_taskflow_api_etl to None, run_after=None
[2023-12-10 20:39:24,180] {processor.py:161} INFO - Processing /home/vmac/lab3/lab3/lib/python3.10/site-packages/airflow/example_dags/tutorial_taskflow_api_etl.py took 0.058 seconds
[2023-12-10 20:39:56,651] {processor.py:153} INFO - Started process (PID=13743) to work on /home/vmac/lab3/lab3/lib/python3.10/site-packages/airflow/example_dags/tutorial_taskflow_api_etl.py
[2023-12-10 20:39:56,651] {processor.py:641} INFO - Processing file /home/vmac/lab3/lab3/lib/python3.10/site-packages/airflow/example_dags/tutorial_taskflow_api_etl.py for tasks to queue
[2023-12-10 20:39:56,652] {logging_mixin.py:115} INFO - [2023-12-10 20:39:56,652] {dagbag.py:507} INFO - Filling up the DagBag from /home/vmac/lab3/lab3/lib/python3.10/site-packages/airflow/example_dags/tutorial_taskflow_api_etl.py
[2023-12-10 20:39:56,666] {processor.py:651} INFO - DAG(s) dict_keys(['tutorial_taskflow_api_etl']) retrieved from /home/vmac/lab3/lab3/lib/python3.10/site-packages/airflow/example_dags/tutorial_taskflow_api_etl.py
[2023-12-10 20:39:56,676] {logging_mixin.py:115} INFO - [2023-12-10 20:39:56,676] {dag.py:2371} INFO - Sync 1 DAGs
[2023-12-10 20:39:56,687] {logging_mixin.py:115} INFO - [2023-12-10 20:39:56,687] {dag.py:2915} INFO - Setting next_dagrun for tutorial_taskflow_api_etl to None, run_after=None
[2023-12-10 20:39:56,696] {processor.py:161} INFO - Processing /home/vmac/lab3/lab3/lib/python3.10/site-packages/airflow/example_dags/tutorial_taskflow_api_etl.py took 0.047 seconds
[2023-12-10 20:40:30,087] {processor.py:153} INFO - Started process (PID=13786) to work on /home/vmac/lab3/lab3/lib/python3.10/site-packages/airflow/example_dags/tutorial_taskflow_api_etl.py
[2023-12-10 20:40:30,087] {processor.py:641} INFO - Processing file /home/vmac/lab3/lab3/lib/python3.10/site-packages/airflow/example_dags/tutorial_taskflow_api_etl.py for tasks to queue
[2023-12-10 20:40:30,087] {logging_mixin.py:115} INFO - [2023-12-10 20:40:30,087] {dagbag.py:507} INFO - Filling up the DagBag from /home/vmac/lab3/lab3/lib/python3.10/site-packages/airflow/example_dags/tutorial_taskflow_api_etl.py
[2023-12-10 20:40:30,102] {processor.py:651} INFO - DAG(s) dict_keys(['tutorial_taskflow_api_etl']) retrieved from /home/vmac/lab3/lab3/lib/python3.10/site-packages/airflow/example_dags/tutorial_taskflow_api_etl.py
[2023-12-10 20:40:30,130] {logging_mixin.py:115} INFO - [2023-12-10 20:40:30,130] {dag.py:2371} INFO - Sync 1 DAGs
[2023-12-10 20:40:30,140] {logging_mixin.py:115} INFO - [2023-12-10 20:40:30,140] {dag.py:2915} INFO - Setting next_dagrun for tutorial_taskflow_api_etl to None, run_after=None
[2023-12-10 20:40:30,153] {processor.py:161} INFO - Processing /home/vmac/lab3/lab3/lib/python3.10/site-packages/airflow/example_dags/tutorial_taskflow_api_etl.py took 0.068 seconds
[2023-12-10 20:41:03,259] {processor.py:153} INFO - Started process (PID=13820) to work on /home/vmac/lab3/lab3/lib/python3.10/site-packages/airflow/example_dags/tutorial_taskflow_api_etl.py
[2023-12-10 20:41:03,259] {processor.py:641} INFO - Processing file /home/vmac/lab3/lab3/lib/python3.10/site-packages/airflow/example_dags/tutorial_taskflow_api_etl.py for tasks to queue
[2023-12-10 20:41:03,260] {logging_mixin.py:115} INFO - [2023-12-10 20:41:03,260] {dagbag.py:507} INFO - Filling up the DagBag from /home/vmac/lab3/lab3/lib/python3.10/site-packages/airflow/example_dags/tutorial_taskflow_api_etl.py
[2023-12-10 20:41:03,275] {processor.py:651} INFO - DAG(s) dict_keys(['tutorial_taskflow_api_etl']) retrieved from /home/vmac/lab3/lab3/lib/python3.10/site-packages/airflow/example_dags/tutorial_taskflow_api_etl.py
[2023-12-10 20:41:03,287] {logging_mixin.py:115} INFO - [2023-12-10 20:41:03,287] {dag.py:2371} INFO - Sync 1 DAGs
[2023-12-10 20:41:03,301] {logging_mixin.py:115} INFO - [2023-12-10 20:41:03,301] {dag.py:2915} INFO - Setting next_dagrun for tutorial_taskflow_api_etl to None, run_after=None
[2023-12-10 20:41:03,312] {processor.py:161} INFO - Processing /home/vmac/lab3/lab3/lib/python3.10/site-packages/airflow/example_dags/tutorial_taskflow_api_etl.py took 0.057 seconds
[2023-12-10 20:41:36,513] {processor.py:153} INFO - Started process (PID=13855) to work on /home/vmac/lab3/lab3/lib/python3.10/site-packages/airflow/example_dags/tutorial_taskflow_api_etl.py
[2023-12-10 20:41:36,513] {processor.py:641} INFO - Processing file /home/vmac/lab3/lab3/lib/python3.10/site-packages/airflow/example_dags/tutorial_taskflow_api_etl.py for tasks to queue
[2023-12-10 20:41:36,513] {logging_mixin.py:115} INFO - [2023-12-10 20:41:36,513] {dagbag.py:507} INFO - Filling up the DagBag from /home/vmac/lab3/lab3/lib/python3.10/site-packages/airflow/example_dags/tutorial_taskflow_api_etl.py
[2023-12-10 20:41:36,528] {processor.py:651} INFO - DAG(s) dict_keys(['tutorial_taskflow_api_etl']) retrieved from /home/vmac/lab3/lab3/lib/python3.10/site-packages/airflow/example_dags/tutorial_taskflow_api_etl.py
[2023-12-10 20:41:36,538] {logging_mixin.py:115} INFO - [2023-12-10 20:41:36,538] {dag.py:2371} INFO - Sync 1 DAGs
[2023-12-10 20:41:36,548] {logging_mixin.py:115} INFO - [2023-12-10 20:41:36,548] {dag.py:2915} INFO - Setting next_dagrun for tutorial_taskflow_api_etl to None, run_after=None
[2023-12-10 20:41:36,557] {processor.py:161} INFO - Processing /home/vmac/lab3/lab3/lib/python3.10/site-packages/airflow/example_dags/tutorial_taskflow_api_etl.py took 0.046 seconds
[2023-12-10 20:42:10,212] {processor.py:153} INFO - Started process (PID=13891) to work on /home/vmac/lab3/lab3/lib/python3.10/site-packages/airflow/example_dags/tutorial_taskflow_api_etl.py
[2023-12-10 20:42:10,213] {processor.py:641} INFO - Processing file /home/vmac/lab3/lab3/lib/python3.10/site-packages/airflow/example_dags/tutorial_taskflow_api_etl.py for tasks to queue
[2023-12-10 20:42:10,213] {logging_mixin.py:115} INFO - [2023-12-10 20:42:10,213] {dagbag.py:507} INFO - Filling up the DagBag from /home/vmac/lab3/lab3/lib/python3.10/site-packages/airflow/example_dags/tutorial_taskflow_api_etl.py
[2023-12-10 20:42:10,228] {processor.py:651} INFO - DAG(s) dict_keys(['tutorial_taskflow_api_etl']) retrieved from /home/vmac/lab3/lab3/lib/python3.10/site-packages/airflow/example_dags/tutorial_taskflow_api_etl.py
[2023-12-10 20:42:10,238] {logging_mixin.py:115} INFO - [2023-12-10 20:42:10,238] {dag.py:2371} INFO - Sync 1 DAGs
[2023-12-10 20:42:10,250] {logging_mixin.py:115} INFO - [2023-12-10 20:42:10,249] {dag.py:2915} INFO - Setting next_dagrun for tutorial_taskflow_api_etl to None, run_after=None
[2023-12-10 20:42:10,337] {processor.py:161} INFO - Processing /home/vmac/lab3/lab3/lib/python3.10/site-packages/airflow/example_dags/tutorial_taskflow_api_etl.py took 0.127 seconds
[2023-12-10 20:42:43,776] {processor.py:153} INFO - Started process (PID=13927) to work on /home/vmac/lab3/lab3/lib/python3.10/site-packages/airflow/example_dags/tutorial_taskflow_api_etl.py
[2023-12-10 20:42:43,777] {processor.py:641} INFO - Processing file /home/vmac/lab3/lab3/lib/python3.10/site-packages/airflow/example_dags/tutorial_taskflow_api_etl.py for tasks to queue
[2023-12-10 20:42:43,777] {logging_mixin.py:115} INFO - [2023-12-10 20:42:43,777] {dagbag.py:507} INFO - Filling up the DagBag from /home/vmac/lab3/lab3/lib/python3.10/site-packages/airflow/example_dags/tutorial_taskflow_api_etl.py
[2023-12-10 20:42:43,791] {processor.py:651} INFO - DAG(s) dict_keys(['tutorial_taskflow_api_etl']) retrieved from /home/vmac/lab3/lab3/lib/python3.10/site-packages/airflow/example_dags/tutorial_taskflow_api_etl.py
[2023-12-10 20:42:43,804] {logging_mixin.py:115} INFO - [2023-12-10 20:42:43,803] {dag.py:2371} INFO - Sync 1 DAGs
[2023-12-10 20:42:43,814] {logging_mixin.py:115} INFO - [2023-12-10 20:42:43,814] {dag.py:2915} INFO - Setting next_dagrun for tutorial_taskflow_api_etl to None, run_after=None
[2023-12-10 20:42:43,823] {processor.py:161} INFO - Processing /home/vmac/lab3/lab3/lib/python3.10/site-packages/airflow/example_dags/tutorial_taskflow_api_etl.py took 0.049 seconds
[2023-12-10 20:43:18,019] {processor.py:153} INFO - Started process (PID=13963) to work on /home/vmac/lab3/lab3/lib/python3.10/site-packages/airflow/example_dags/tutorial_taskflow_api_etl.py
[2023-12-10 20:43:18,020] {processor.py:641} INFO - Processing file /home/vmac/lab3/lab3/lib/python3.10/site-packages/airflow/example_dags/tutorial_taskflow_api_etl.py for tasks to queue
[2023-12-10 20:43:18,020] {logging_mixin.py:115} INFO - [2023-12-10 20:43:18,020] {dagbag.py:507} INFO - Filling up the DagBag from /home/vmac/lab3/lab3/lib/python3.10/site-packages/airflow/example_dags/tutorial_taskflow_api_etl.py
[2023-12-10 20:43:18,034] {processor.py:651} INFO - DAG(s) dict_keys(['tutorial_taskflow_api_etl']) retrieved from /home/vmac/lab3/lab3/lib/python3.10/site-packages/airflow/example_dags/tutorial_taskflow_api_etl.py
[2023-12-10 20:43:18,044] {logging_mixin.py:115} INFO - [2023-12-10 20:43:18,044] {dag.py:2371} INFO - Sync 1 DAGs
[2023-12-10 20:43:18,055] {logging_mixin.py:115} INFO - [2023-12-10 20:43:18,055] {dag.py:2915} INFO - Setting next_dagrun for tutorial_taskflow_api_etl to None, run_after=None
[2023-12-10 20:43:18,064] {processor.py:161} INFO - Processing /home/vmac/lab3/lab3/lib/python3.10/site-packages/airflow/example_dags/tutorial_taskflow_api_etl.py took 0.046 seconds
[2023-12-10 20:43:50,676] {processor.py:153} INFO - Started process (PID=13999) to work on /home/vmac/lab3/lab3/lib/python3.10/site-packages/airflow/example_dags/tutorial_taskflow_api_etl.py
[2023-12-10 20:43:50,676] {processor.py:641} INFO - Processing file /home/vmac/lab3/lab3/lib/python3.10/site-packages/airflow/example_dags/tutorial_taskflow_api_etl.py for tasks to queue
[2023-12-10 20:43:50,677] {logging_mixin.py:115} INFO - [2023-12-10 20:43:50,676] {dagbag.py:507} INFO - Filling up the DagBag from /home/vmac/lab3/lab3/lib/python3.10/site-packages/airflow/example_dags/tutorial_taskflow_api_etl.py
[2023-12-10 20:43:50,691] {processor.py:651} INFO - DAG(s) dict_keys(['tutorial_taskflow_api_etl']) retrieved from /home/vmac/lab3/lab3/lib/python3.10/site-packages/airflow/example_dags/tutorial_taskflow_api_etl.py
[2023-12-10 20:43:50,700] {logging_mixin.py:115} INFO - [2023-12-10 20:43:50,700] {dag.py:2371} INFO - Sync 1 DAGs
[2023-12-10 20:43:50,711] {logging_mixin.py:115} INFO - [2023-12-10 20:43:50,711] {dag.py:2915} INFO - Setting next_dagrun for tutorial_taskflow_api_etl to None, run_after=None
[2023-12-10 20:43:50,720] {processor.py:161} INFO - Processing /home/vmac/lab3/lab3/lib/python3.10/site-packages/airflow/example_dags/tutorial_taskflow_api_etl.py took 0.046 seconds
