[2023-12-10 22:50:22,572] {taskinstance.py:1159} INFO - Dependencies all met for <TaskInstance: pipeline.predict manual__2023-12-10T17:38:59.901032+00:00 [queued]>
[2023-12-10 22:50:22,579] {taskinstance.py:1159} INFO - Dependencies all met for <TaskInstance: pipeline.predict manual__2023-12-10T17:38:59.901032+00:00 [queued]>
[2023-12-10 22:50:22,579] {taskinstance.py:1356} INFO - 
--------------------------------------------------------------------------------
[2023-12-10 22:50:22,579] {taskinstance.py:1357} INFO - Starting attempt 3 of 6
[2023-12-10 22:50:22,579] {taskinstance.py:1358} INFO - 
--------------------------------------------------------------------------------
[2023-12-10 22:50:22,640] {taskinstance.py:1377} INFO - Executing <Task(BashOperator): predict> on 2023-12-10 17:38:59.901032+00:00
[2023-12-10 22:50:22,642] {standard_task_runner.py:52} INFO - Started process 26608 to run task
[2023-12-10 22:50:22,654] {standard_task_runner.py:79} INFO - Running: ['airflow', 'tasks', 'run', 'pipeline', 'predict', 'manual__2023-12-10T17:38:59.901032+00:00', '--job-id', '44', '--raw', '--subdir', 'DAGS_FOLDER/final_script.py', '--cfg-path', '/tmp/tmpcrv1c4dk', '--error-file', '/tmp/tmp8ojm86p8']
[2023-12-10 22:50:22,654] {standard_task_runner.py:80} INFO - Job 44: Subtask predict
[2023-12-10 22:50:22,802] {task_command.py:369} INFO - Running <TaskInstance: pipeline.predict manual__2023-12-10T17:38:59.901032+00:00 [running]> on host vmac-VirtualBox
[2023-12-10 22:50:22,887] {taskinstance.py:1569} INFO - Exporting the following env vars:
AIRFLOW_CTX_DAG_OWNER=Admin
AIRFLOW_CTX_DAG_ID=pipeline
AIRFLOW_CTX_TASK_ID=predict
AIRFLOW_CTX_EXECUTION_DATE=2023-12-10T17:38:59.901032+00:00
AIRFLOW_CTX_TRY_NUMBER=3
AIRFLOW_CTX_DAG_RUN_ID=manual__2023-12-10T17:38:59.901032+00:00
[2023-12-10 22:50:22,888] {subprocess.py:62} INFO - Tmp dir root location: 
 /tmp
[2023-12-10 22:50:22,888] {subprocess.py:74} INFO - Running command: ['bash', '-c', 'python3 /home/vmac/lab3/scripts/predict.py']
[2023-12-10 22:50:22,893] {subprocess.py:85} INFO - Output:
[2023-12-10 22:50:24,557] {subprocess.py:92} INFO - [[6264   58]
[2023-12-10 22:50:24,557] {subprocess.py:92} INFO -  [1625   24]] 0.02772963604852686
[2023-12-10 22:50:24,899] {subprocess.py:96} INFO - Command exited with return code 0
[2023-12-10 22:50:24,944] {taskinstance.py:1395} INFO - Marking task as SUCCESS. dag_id=pipeline, task_id=predict, execution_date=20231210T173859, start_date=20231210T175022, end_date=20231210T175024
[2023-12-10 22:50:25,073] {local_task_job.py:156} INFO - Task exited with return code 0
[2023-12-10 22:50:25,089] {local_task_job.py:273} INFO - 0 downstream tasks scheduled from follow-on schedule check
