[2023-12-10 22:36:34,670] {taskinstance.py:1159} INFO - Dependencies all met for <TaskInstance: pipeline.data_preprocessing manual__2023-12-10T17:36:27.742952+00:00 [queued]>
[2023-12-10 22:36:34,675] {taskinstance.py:1159} INFO - Dependencies all met for <TaskInstance: pipeline.data_preprocessing manual__2023-12-10T17:36:27.742952+00:00 [queued]>
[2023-12-10 22:36:34,675] {taskinstance.py:1356} INFO - 
--------------------------------------------------------------------------------
[2023-12-10 22:36:34,675] {taskinstance.py:1357} INFO - Starting attempt 1 of 6
[2023-12-10 22:36:34,675] {taskinstance.py:1358} INFO - 
--------------------------------------------------------------------------------
[2023-12-10 22:36:34,687] {taskinstance.py:1377} INFO - Executing <Task(BashOperator): data_preprocessing> on 2023-12-10 17:36:27.742952+00:00
[2023-12-10 22:36:34,689] {standard_task_runner.py:52} INFO - Started process 25610 to run task
[2023-12-10 22:36:34,693] {standard_task_runner.py:79} INFO - Running: ['airflow', 'tasks', 'run', 'pipeline', 'data_preprocessing', 'manual__2023-12-10T17:36:27.742952+00:00', '--job-id', '22', '--raw', '--subdir', 'DAGS_FOLDER/final_script.py', '--cfg-path', '/tmp/tmptuj8ud7k', '--error-file', '/tmp/tmp3opw4ehc']
[2023-12-10 22:36:34,693] {standard_task_runner.py:80} INFO - Job 22: Subtask data_preprocessing
[2023-12-10 22:36:34,729] {task_command.py:369} INFO - Running <TaskInstance: pipeline.data_preprocessing manual__2023-12-10T17:36:27.742952+00:00 [running]> on host vmac-VirtualBox
[2023-12-10 22:36:34,773] {taskinstance.py:1569} INFO - Exporting the following env vars:
AIRFLOW_CTX_DAG_OWNER=Admin
AIRFLOW_CTX_DAG_ID=pipeline
AIRFLOW_CTX_TASK_ID=data_preprocessing
AIRFLOW_CTX_EXECUTION_DATE=2023-12-10T17:36:27.742952+00:00
AIRFLOW_CTX_TRY_NUMBER=1
AIRFLOW_CTX_DAG_RUN_ID=manual__2023-12-10T17:36:27.742952+00:00
[2023-12-10 22:36:34,774] {subprocess.py:62} INFO - Tmp dir root location: 
 /tmp
[2023-12-10 22:36:34,774] {subprocess.py:74} INFO - Running command: ['bash', '-c', 'python3 /home/vmac/lab3/scripts/data_preprocessing.py']
[2023-12-10 22:36:34,781] {subprocess.py:85} INFO - Output:
[2023-12-10 22:36:36,798] {subprocess.py:96} INFO - Command exited with return code 0
[2023-12-10 22:36:36,953] {taskinstance.py:1395} INFO - Marking task as SUCCESS. dag_id=pipeline, task_id=data_preprocessing, execution_date=20231210T173627, start_date=20231210T173634, end_date=20231210T173636
[2023-12-10 22:36:36,986] {local_task_job.py:156} INFO - Task exited with return code 0
[2023-12-10 22:36:37,063] {local_task_job.py:273} INFO - 1 downstream tasks scheduled from follow-on schedule check
