[2023-12-10 22:53:03,911] {taskinstance.py:1159} INFO - Dependencies all met for <TaskInstance: pipeline.predict manual__2023-12-10T17:36:27.742952+00:00 [queued]>
[2023-12-10 22:53:03,934] {taskinstance.py:1159} INFO - Dependencies all met for <TaskInstance: pipeline.predict manual__2023-12-10T17:36:27.742952+00:00 [queued]>
[2023-12-10 22:53:03,934] {taskinstance.py:1356} INFO - 
--------------------------------------------------------------------------------
[2023-12-10 22:53:03,934] {taskinstance.py:1357} INFO - Starting attempt 3 of 6
[2023-12-10 22:53:03,934] {taskinstance.py:1358} INFO - 
--------------------------------------------------------------------------------
[2023-12-10 22:53:03,958] {taskinstance.py:1377} INFO - Executing <Task(BashOperator): predict> on 2023-12-10 17:36:27.742952+00:00
[2023-12-10 22:53:03,960] {standard_task_runner.py:52} INFO - Started process 26905 to run task
[2023-12-10 22:53:03,970] {standard_task_runner.py:79} INFO - Running: ['airflow', 'tasks', 'run', 'pipeline', 'predict', 'manual__2023-12-10T17:36:27.742952+00:00', '--job-id', '46', '--raw', '--subdir', 'DAGS_FOLDER/final_script.py', '--cfg-path', '/tmp/tmpuiqng8u4', '--error-file', '/tmp/tmpefonuzh7']
[2023-12-10 22:53:03,971] {standard_task_runner.py:80} INFO - Job 46: Subtask predict
[2023-12-10 22:53:04,006] {task_command.py:369} INFO - Running <TaskInstance: pipeline.predict manual__2023-12-10T17:36:27.742952+00:00 [running]> on host vmac-VirtualBox
[2023-12-10 22:53:04,172] {taskinstance.py:1569} INFO - Exporting the following env vars:
AIRFLOW_CTX_DAG_OWNER=Admin
AIRFLOW_CTX_DAG_ID=pipeline
AIRFLOW_CTX_TASK_ID=predict
AIRFLOW_CTX_EXECUTION_DATE=2023-12-10T17:36:27.742952+00:00
AIRFLOW_CTX_TRY_NUMBER=3
AIRFLOW_CTX_DAG_RUN_ID=manual__2023-12-10T17:36:27.742952+00:00
[2023-12-10 22:53:04,173] {subprocess.py:62} INFO - Tmp dir root location: 
 /tmp
[2023-12-10 22:53:04,177] {subprocess.py:74} INFO - Running command: ['bash', '-c', 'python3 /home/vmac/lab3/scripts/predict.py']
[2023-12-10 22:53:04,194] {subprocess.py:85} INFO - Output:
[2023-12-10 22:53:10,572] {subprocess.py:92} INFO - [[6264   58]
[2023-12-10 22:53:10,572] {subprocess.py:92} INFO -  [1625   24]] 0.02772963604852686
[2023-12-10 22:53:11,053] {subprocess.py:96} INFO - Command exited with return code 0
[2023-12-10 22:53:11,079] {taskinstance.py:1395} INFO - Marking task as SUCCESS. dag_id=pipeline, task_id=predict, execution_date=20231210T173627, start_date=20231210T175303, end_date=20231210T175311
[2023-12-10 22:53:11,139] {local_task_job.py:156} INFO - Task exited with return code 0
[2023-12-10 22:53:11,150] {local_task_job.py:273} INFO - 0 downstream tasks scheduled from follow-on schedule check
