[2023-12-10 22:06:25,474] {taskinstance.py:1159} INFO - Dependencies all met for <TaskInstance: pipeline.data_preprocessing manual__2023-12-10T16:56:14.440577+00:00 [queued]>
[2023-12-10 22:06:25,478] {taskinstance.py:1159} INFO - Dependencies all met for <TaskInstance: pipeline.data_preprocessing manual__2023-12-10T16:56:14.440577+00:00 [queued]>
[2023-12-10 22:06:25,478] {taskinstance.py:1356} INFO - 
--------------------------------------------------------------------------------
[2023-12-10 22:06:25,478] {taskinstance.py:1357} INFO - Starting attempt 1 of 6
[2023-12-10 22:06:25,478] {taskinstance.py:1358} INFO - 
--------------------------------------------------------------------------------
[2023-12-10 22:06:25,490] {taskinstance.py:1377} INFO - Executing <Task(BashOperator): data_preprocessing> on 2023-12-10 16:56:14.440577+00:00
[2023-12-10 22:06:25,492] {standard_task_runner.py:52} INFO - Started process 20195 to run task
[2023-12-10 22:06:25,494] {standard_task_runner.py:79} INFO - Running: ['airflow', 'tasks', 'run', 'pipeline', 'data_preprocessing', 'manual__2023-12-10T16:56:14.440577+00:00', '--job-id', '11', '--raw', '--subdir', 'DAGS_FOLDER/final_script.py', '--cfg-path', '/tmp/tmpnv68rxoc', '--error-file', '/tmp/tmp0ork1qph']
[2023-12-10 22:06:25,495] {standard_task_runner.py:80} INFO - Job 11: Subtask data_preprocessing
[2023-12-10 22:06:25,522] {task_command.py:369} INFO - Running <TaskInstance: pipeline.data_preprocessing manual__2023-12-10T16:56:14.440577+00:00 [running]> on host vmac-VirtualBox
[2023-12-10 22:06:25,559] {taskinstance.py:1569} INFO - Exporting the following env vars:
AIRFLOW_CTX_DAG_OWNER=Admin
AIRFLOW_CTX_DAG_ID=pipeline
AIRFLOW_CTX_TASK_ID=data_preprocessing
AIRFLOW_CTX_EXECUTION_DATE=2023-12-10T16:56:14.440577+00:00
AIRFLOW_CTX_TRY_NUMBER=1
AIRFLOW_CTX_DAG_RUN_ID=manual__2023-12-10T16:56:14.440577+00:00
[2023-12-10 22:06:25,560] {subprocess.py:62} INFO - Tmp dir root location: 
 /tmp
[2023-12-10 22:06:25,560] {subprocess.py:74} INFO - Running command: ['bash', '-c', 'python3 /home/vmac/lab3/scripts/data_preprocessing.py']
[2023-12-10 22:06:25,565] {subprocess.py:85} INFO - Output:
[2023-12-10 22:06:26,563] {subprocess.py:96} INFO - Command exited with return code 0
[2023-12-10 22:06:26,587] {taskinstance.py:1395} INFO - Marking task as SUCCESS. dag_id=pipeline, task_id=data_preprocessing, execution_date=20231210T165614, start_date=20231210T170625, end_date=20231210T170626
[2023-12-10 22:06:26,617] {local_task_job.py:156} INFO - Task exited with return code 0
[2023-12-10 22:06:26,637] {local_task_job.py:273} INFO - 1 downstream tasks scheduled from follow-on schedule check
